these 5 derivations will be built:
  /nix/store/h347c3ngr3vigpnlv5lbxc357lvl304p-r-tergo-0.1.8.drv
  /nix/store/nffvy4qwanj8is672hgda812rl6aya9m-vol2birdR_1.0.6.tar.gz.drv
  /nix/store/xjrp9yqdmzqnn8p119jsdjjyqq6ka9zr-r-vol2birdR-1.0.6.drv
  /nix/store/s3fdij6lmqsywd1pll2rlk50sqsapd1d-R-4.4.2-wrapper.drv
  /nix/store/qb4db71s57f08hzqsdmybf5q9kq4mab0-nix-shell.drv
these 10 paths will be fetched (7.61 MiB download, 24.66 MiB unpacked):
  /nix/store/8h9l53brwh6qj2m6l9p5fk8d368m4k4b-gsl-2.8
  /nix/store/dxs0ac8grkf37i5r174asv3j00j0hh0x-gsl-2.8-dev
  /nix/store/y0cfjmr7cdyqf2hivjjgyw7fkv4wdyhz-r-Rcpp-1.0.14
  /nix/store/ajdc2rns9rcc43dx9507s84pg5jd8fax-r-RcppGSL-0.3.13
  /nix/store/ri7ih704c61mb9yzgclwfsksfrcjh75v-r-assertthat-0.2.1
  /nix/store/7d33znxinlj58pk4qnnixgr0nmlsll78-r-callr-3.7.6
  /nix/store/g603zdsiq6wpyfpwbf332ld73y3a6zvn-r-desc-1.4.3
  /nix/store/v3i7g673ql9b005xhwhvxsgs0dh8psq5-r-pkgbuild-1.4.6
  /nix/store/w2hq1icy0dkkxah491ykrqc5axmjg7x8-r-processx-3.8.5
  /nix/store/h54k568rs2yjymm35lrxvnjfyb6dbc23-r-ps-1.9.0
copying path '/nix/store/ri7ih704c61mb9yzgclwfsksfrcjh75v-r-assertthat-0.2.1' from 'https://cache.nixos.org'...
building '/nix/store/h347c3ngr3vigpnlv5lbxc357lvl304p-r-tergo-0.1.8.drv'...
copying path '/nix/store/y0cfjmr7cdyqf2hivjjgyw7fkv4wdyhz-r-Rcpp-1.0.14' from 'https://rstats-on-nix.cachix.org'...
copying path '/nix/store/8h9l53brwh6qj2m6l9p5fk8d368m4k4b-gsl-2.8' from 'https://cache.nixos.org'...
copying path '/nix/store/g603zdsiq6wpyfpwbf332ld73y3a6zvn-r-desc-1.4.3' from 'https://rstats-on-nix.cachix.org'...
copying path '/nix/store/h54k568rs2yjymm35lrxvnjfyb6dbc23-r-ps-1.9.0' from 'https://rstats-on-nix.cachix.org'...
building '/nix/store/nffvy4qwanj8is672hgda812rl6aya9m-vol2birdR_1.0.6.tar.gz.drv'...
Running phase: unpackPhase
unpacking source archive /nix/store/wdqr154q1p7ljpwn18y9x4lyngbji0jc-tergo_0.1.8.tar.gz
source root is tergo
setting SOURCE_DATE_EPOCH to timestamp 1738747202 of file "tergo/MD5"
Running phase: patchPhase
Running phase: updateAutotoolsGnuConfigScriptsPhase
Running phase: configurePhase
Running phase: buildPhase
Running phase: checkPhase
Running phase: installPhase
* installing *source* package 'tergo' ...
** package 'tergo' successfully unpacked and MD5 sums checked
** using staged installation
*** Checking if cargo is installed
sh: cargo: not found

-------------- ERROR: CONFIGURATION FAILED --------------------

[cargo check result]
cargo command is not available

Please refer to <https://www.rust-lang.org/tools/install> to install Rust.

---------------------------------------------------------------

ERROR: configuration failed for package 'tergo'
* removing '/nix/store/rrpwp86qxnazlpz5g0kkfvcs07djm3l4-r-tergo-0.1.8/library/tergo'
error: builder for '/nix/store/h347c3ngr3vigpnlv5lbxc357lvl304p-r-tergo-0.1.8.drv' failed with exit code 1;
       last 25 log lines:
       > source root is tergo
       > setting SOURCE_DATE_EPOCH to timestamp 1738747202 of file "tergo/MD5"
       > Running phase: patchPhase
       > Running phase: updateAutotoolsGnuConfigScriptsPhase
       > Running phase: configurePhase
       > Running phase: buildPhase
       > Running phase: checkPhase
       > Running phase: installPhase
       > * installing *source* package 'tergo' ...
       > ** package 'tergo' successfully unpacked and MD5 sums checked
       > ** using staged installation
       > *** Checking if cargo is installed
       > sh: cargo: not found
       >
       > -------------- ERROR: CONFIGURATION FAILED --------------------
       >
       > [cargo check result]
       > cargo command is not available
       >
       > Please refer to <https://www.rust-lang.org/tools/install> to install Rust.
       >
       > ---------------------------------------------------------------
       >
       > ERROR: configuration failed for package 'tergo'
       > * removing '/nix/store/rrpwp86qxnazlpz5g0kkfvcs07djm3l4-r-tergo-0.1.8/library/tergo'
       For full logs, run 'nix log /nix/store/h347c3ngr3vigpnlv5lbxc357lvl304p-r-tergo-0.1.8.drv'.

trying https://cran.r-project.org/src/contrib/vol2birdR_1.0.6.tar.gz
  % Total    % Received % Xferd  Average Speed   Time    Time     Time  Current
                                 Dload  Upload   Total   Spent    Left  Speed
copying path '/nix/store/w2hq1icy0dkkxah491ykrqc5axmjg7x8-r-processx-3.8.5' from 'https://rstats-on-nix.cachix.org'...
copying path '/nix/store/dxs0ac8grkf37i5r174asv3j00j0hh0x-gsl-2.8-dev' from 'https://cache.nixos.org'...
100 2039k  100 2039k    0     0   175k      0  0:00:11  0:00:11 --:--:--  383k
copying path '/nix/store/7d33znxinlj58pk4qnnixgr0nmlsll78-r-callr-3.7.6' from 'https://rstats-on-nix.cachix.org'...
copying path '/nix/store/v3i7g673ql9b005xhwhvxsgs0dh8psq5-r-pkgbuild-1.4.6' from 'https://rstats-on-nix.cachix.org'...
copying path '/nix/store/ajdc2rns9rcc43dx9507s84pg5jd8fax-r-RcppGSL-0.3.13' from 'https://rstats-on-nix.cachix.org'...
building '/nix/store/xjrp9yqdmzqnn8p119jsdjjyqq6ka9zr-r-vol2birdR-1.0.6.drv'...
Running phase: unpackPhase
unpacking source archive /nix/store/y3lzvnxnzb7rj6wwv2w4rylgvs3fgfxx-vol2birdR_1.0.6.tar.gz
source root is vol2birdR
setting SOURCE_DATE_EPOCH to timestamp 1738944002 of file "vol2birdR/MD5"
Running phase: patchPhase
Running phase: updateAutotoolsGnuConfigScriptsPhase
Running phase: configurePhase
Running phase: buildPhase
Running phase: checkPhase
Running phase: installPhase
* installing *source* package 'vol2birdR' ...
** package 'vol2birdR' successfully unpacked and MD5 sums checked
** using staged installation
checking for a sed that does not truncate output... /nix/store/fcny04vmfnkqc4ym5m9znckswlq9pglg-gnused-4.9/bin/sed
checking for gawk... gawk
checking for grep that handles long lines and -e... /nix/store/yz6nq9v29l3g990w8zlqsnzlzbicd3b3-gnugrep-3.11/bin/grep
checking for gcc... gcc
checking whether the C compiler works... yes
checking for C compiler default output file name... a.out
checking for suffix of executables... 
checking whether we are cross compiling... no
checking for suffix of object files... o
checking whether the compiler supports GNU C... yes
checking whether gcc accepts -g... yes
checking for gcc option to enable C11 features... none needed
checking for stdio.h... yes
checking for stdlib.h... yes
checking for string.h... yes
checking for inttypes.h... yes
checking for stdint.h... yes
checking for strings.h... yes
checking for sys/stat.h... yes
checking for sys/types.h... yes
checking for unistd.h... yes
checking for h5cc... no
checking for h5pcc... no
checking for HDF5 libraries... no
configure: WARNING:
Unable to locate HDF5 compilation helper scripts 'h5cc' or 'h5pcc'.
Please specify --with-hdf5=<LOCATION> as the full path to h5cc or h5pcc.
HDF5 support is being disabled (equivalent to --with-hdf5=no).

configure: error: hdf5 does not seem to be installed on your platform.
ERROR: configuration failed for package 'vol2birdR'
* removing '/nix/store/bx6f82baqjdx2rzjm3djvv2w3559bpah-r-vol2birdR-1.0.6/library/vol2birdR'
error: builder for '/nix/store/xjrp9yqdmzqnn8p119jsdjjyqq6ka9zr-r-vol2birdR-1.0.6.drv' failed with exit code 1;
       last 25 log lines:
       > checking whether we are cross compiling... no
       > checking for suffix of object files... o
       > checking whether the compiler supports GNU C... yes
       > checking whether gcc accepts -g... yes
       > checking for gcc option to enable C11 features... none needed
       > checking for stdio.h... yes
       > checking for stdlib.h... yes
       > checking for string.h... yes
       > checking for inttypes.h... yes
       > checking for stdint.h... yes
       > checking for strings.h... yes
       > checking for sys/stat.h... yes
       > checking for sys/types.h... yes
       > checking for unistd.h... yes
       > checking for h5cc... no
       > checking for h5pcc... no
       > checking for HDF5 libraries... no
       > configure: WARNING:
       > Unable to locate HDF5 compilation helper scripts 'h5cc' or 'h5pcc'.
       > Please specify --with-hdf5=<LOCATION> as the full path to h5cc or h5pcc.
       > HDF5 support is being disabled (equivalent to --with-hdf5=no).
       >
       > configure: error: hdf5 does not seem to be installed on your platform.
       > ERROR: configuration failed for package 'vol2birdR'
       > * removing '/nix/store/bx6f82baqjdx2rzjm3djvv2w3559bpah-r-vol2birdR-1.0.6/library/vol2birdR'
       For full logs, run 'nix log /nix/store/xjrp9yqdmzqnn8p119jsdjjyqq6ka9zr-r-vol2birdR-1.0.6.drv'.
error: 2 dependencies of derivation '/nix/store/s3fdij6lmqsywd1pll2rlk50sqsapd1d-R-4.4.2-wrapper.drv' failed to build
error: 3 dependencies of derivation '/nix/store/qb4db71s57f08hzqsdmybf5q9kq4mab0-nix-shell.drv' failed to build
