* removing ‘/nix/store/7pzzqr448ahxcj4f2qkln1mz5mxqxk7z-r-ROracle-1.3-1.1/library/ROracle’
       > * removing ‘/nix/store/7pzzqr448ahxcj4f2qkln1mz5mxqxk7z-r-ROracle-1.3-1.1/library/ROracle’
* removing ‘/nix/store/x3wnahzbxrkhbfm1a6n1h49kmfrk02j5-r-XLConnect-1.2.2/library/XLConnect’
       > * removing ‘/nix/store/x3wnahzbxrkhbfm1a6n1h49kmfrk02j5-r-XLConnect-1.2.2/library/XLConnect’
* removing ‘/nix/store/mr3ldr8har9h176py1acjlvj6jjy9ai6-r-aplpack-1.3.5/library/aplpack’
       > * removing ‘/nix/store/mr3ldr8har9h176py1acjlvj6jjy9ai6-r-aplpack-1.3.5/library/aplpack’
* removing ‘/nix/store/k7xm8w3ck5di41kvbqna3q1fpz7qvp72-r-cem-1.1.31/library/cem’
       > * removing ‘/nix/store/k7xm8w3ck5di41kvbqna3q1fpz7qvp72-r-cem-1.1.31/library/cem’
* removing ‘/nix/store/7y1lsmd0r5hasskkcz1hyzqwz1y9d32d-r-enrichR-3.4/library/enrichR’
       > * removing ‘/nix/store/7y1lsmd0r5hasskkcz1hyzqwz1y9d32d-r-enrichR-3.4/library/enrichR’
* removing ‘/nix/store/s3is86rpg9h86a9vjyrx60xn7ca68qp8-r-RcppPlanc-2.0.12/library/RcppPlanc’
       > * removing ‘/nix/store/s3is86rpg9h86a9vjyrx60xn7ca68qp8-r-RcppPlanc-2.0.12/library/RcppPlanc’
* removing ‘/nix/store/41k345jiwaqyprrg630yig62cdv29bvp-r-mongolite-4.0.0/library/mongolite’
       > * removing ‘/nix/store/41k345jiwaqyprrg630yig62cdv29bvp-r-mongolite-4.0.0/library/mongolite’
removing debugging flags
* removing ‘/nix/store/c130sm9i2fgxc8lxb491g3rx12drym50-r-pdftools-3.5.0/library/pdftools’
       > * removing ‘/nix/store/c130sm9i2fgxc8lxb491g3rx12drym50-r-pdftools-3.5.0/library/pdftools’
* removing ‘/nix/store/vi9arp4p8m108p4ls0jj1b6y6l96f25f-r-rpanel-1.1-5.2/library/rpanel’
       > * removing ‘/nix/store/vi9arp4p8m108p4ls0jj1b6y6l96f25f-r-rpanel-1.1-5.2/library/rpanel’
* removing ‘/nix/store/906igppah7c93bb6n9qmrvqnc2kd3xjj-r-geoR-1.9-5/library/geoR’
       > * removing ‘/nix/store/906igppah7c93bb6n9qmrvqnc2kd3xjj-r-geoR-1.9-5/library/geoR’
* removing ‘/nix/store/wml34zbhvh0jk0fsd2k9bxhdybdm3sh3-r-Factoshiny-2.7/library/Factoshiny’
       > * removing ‘/nix/store/wml34zbhvh0jk0fsd2k9bxhdybdm3sh3-r-Factoshiny-2.7/library/Factoshiny’
* removing ‘/nix/store/2y7vwg7agsgjcq11wpk9ixm8kcy0k2la-r-tcltk2-1.6.1/library/tcltk2’
       > * removing ‘/nix/store/2y7vwg7agsgjcq11wpk9ixm8kcy0k2la-r-tcltk2-1.6.1/library/tcltk2’
* removing ‘/nix/store/iswdy6dxl4bi1brgx9svpw74715rf1lb-r-tkrplot-0.0-30/library/tkrplot’
       > * removing ‘/nix/store/iswdy6dxl4bi1brgx9svpw74715rf1lb-r-tkrplot-0.0-30/library/tkrplot’
* removing ‘/nix/store/j5hj7qp6lrb83bxmibqcimg1k6vw5885-r-gsubfn-0.7/library/gsubfn’
       > * removing ‘/nix/store/j5hj7qp6lrb83bxmibqcimg1k6vw5885-r-gsubfn-0.7/library/gsubfn’
