/nix/store/lpl1fh1jj5xhi6wjwsl53hxcxjg8bqhl-r-RcppArmadillo-15.0.1-1/library/RcppArmadillo/include/RcppArmadillo/version/arma.h:66:199: note: '#pragma message: Using fallback compilation with Armadillo 14.6.3. Please consider defining -DARMA_USE_CURRENT and also removing C++11 compilation directive. See GitHub issue #475 for more.'
   66 |         #pragma message("Using fallback compilation with Armadillo 14.6.3. Please consider defining -DARMA_USE_CURRENT and also removing C++11 compilation directive. See GitHub issue #475 for more.")
/nix/store/lpl1fh1jj5xhi6wjwsl53hxcxjg8bqhl-r-RcppArmadillo-15.0.1-1/library/RcppArmadillo/include/RcppArmadillo/version/arma.h:66:199: note: '#pragma message: Using fallback compilation with Armadillo 14.6.3. Please consider defining -DARMA_USE_CURRENT and also removing C++11 compilation directive. See GitHub issue #475 for more.'
   66 |         #pragma message("Using fallback compilation with Armadillo 14.6.3. Please consider defining -DARMA_USE_CURRENT and also removing C++11 compilation directive. See GitHub issue #475 for more.")
/nix/store/lpl1fh1jj5xhi6wjwsl53hxcxjg8bqhl-r-RcppArmadillo-15.0.1-1/library/RcppArmadillo/include/RcppArmadillo/version/arma.h:66:199: note: '#pragma message: Using fallback compilation with Armadillo 14.6.3. Please consider defining -DARMA_USE_CURRENT and also removing C++11 compilation directive. See GitHub issue #475 for more.'
   66 |         #pragma message("Using fallback compilation with Armadillo 14.6.3. Please consider defining -DARMA_USE_CURRENT and also removing C++11 compilation directive. See GitHub issue #475 for more.")
/nix/store/lpl1fh1jj5xhi6wjwsl53hxcxjg8bqhl-r-RcppArmadillo-15.0.1-1/library/RcppArmadillo/include/RcppArmadillo/version/arma.h:66:199: note: '#pragma message: Using fallback compilation with Armadillo 14.6.3. Please consider defining -DARMA_USE_CURRENT and also removing C++11 compilation directive. See GitHub issue #475 for more.'
   66 |         #pragma message("Using fallback compilation with Armadillo 14.6.3. Please consider defining -DARMA_USE_CURRENT and also removing C++11 compilation directive. See GitHub issue #475 for more.")
* removing '/nix/store/wsaniv7vkszpn1gqcpinxjkvnzs2rrrb-r-ROracle-1.3-1.1/library/ROracle'
       > * removing '/nix/store/wsaniv7vkszpn1gqcpinxjkvnzs2rrrb-r-ROracle-1.3-1.1/library/ROracle'
* removing '/nix/store/abyck69n7lz9pfd5czslk9vnz7rirdgc-r-XLConnect-1.2.2/library/XLConnect'
       > * removing '/nix/store/abyck69n7lz9pfd5czslk9vnz7rirdgc-r-XLConnect-1.2.2/library/XLConnect'
* removing '/nix/store/7fksbccfdyqmb686za4q2yy1p7bnbnhi-r-aorsf-0.1.5/library/aorsf'
       > * removing '/nix/store/7fksbccfdyqmb686za4q2yy1p7bnbnhi-r-aorsf-0.1.5/library/aorsf'
/nix/store/lpl1fh1jj5xhi6wjwsl53hxcxjg8bqhl-r-RcppArmadillo-15.0.1-1/library/RcppArmadillo/include/RcppArmadillo/version/arma.h:66:199: note: '#pragma message: Using fallback compilation with Armadillo 14.6.3. Please consider defining -DARMA_USE_CURRENT and also removing C++11 compilation directive. See GitHub issue #475 for more.'
   66 |         #pragma message("Using fallback compilation with Armadillo 14.6.3. Please consider defining -DARMA_USE_CURRENT and also removing C++11 compilation directive. See GitHub issue #475 for more.")
/nix/store/lpl1fh1jj5xhi6wjwsl53hxcxjg8bqhl-r-RcppArmadillo-15.0.1-1/library/RcppArmadillo/include/RcppArmadillo/version/arma.h:66:199: note: '#pragma message: Using fallback compilation with Armadillo 14.6.3. Please consider defining -DARMA_USE_CURRENT and also removing C++11 compilation directive. See GitHub issue #475 for more.'
   66 |         #pragma message("Using fallback compilation with Armadillo 14.6.3. Please consider defining -DARMA_USE_CURRENT and also removing C++11 compilation directive. See GitHub issue #475 for more.")
/nix/store/lpl1fh1jj5xhi6wjwsl53hxcxjg8bqhl-r-RcppArmadillo-15.0.1-1/library/RcppArmadillo/include/RcppArmadillo/version/arma.h:66:199: note: '#pragma message: Using fallback compilation with Armadillo 14.6.3. Please consider defining -DARMA_USE_CURRENT and also removing C++11 compilation directive. See GitHub issue #475 for more.'
   66 |         #pragma message("Using fallback compilation with Armadillo 14.6.3. Please consider defining -DARMA_USE_CURRENT and also removing C++11 compilation directive. See GitHub issue #475 for more.")
* removing '/nix/store/1xk5jrjydas38qnawn150393rcqf2a5k-r-brotli-1.3.2/library/brotli'
       > * removing '/nix/store/1xk5jrjydas38qnawn150393rcqf2a5k-r-brotli-1.3.2/library/brotli'
/nix/store/lpl1fh1jj5xhi6wjwsl53hxcxjg8bqhl-r-RcppArmadillo-15.0.1-1/library/RcppArmadillo/include/RcppArmadillo/version/arma.h:66:199: note: '#pragma message: Using fallback compilation with Armadillo 14.6.3. Please consider defining -DARMA_USE_CURRENT and also removing C++11 compilation directive. See GitHub issue #475 for more.'
   66 |         #pragma message("Using fallback compilation with Armadillo 14.6.3. Please consider defining -DARMA_USE_CURRENT and also removing C++11 compilation directive. See GitHub issue #475 for more.")
/nix/store/lpl1fh1jj5xhi6wjwsl53hxcxjg8bqhl-r-RcppArmadillo-15.0.1-1/library/RcppArmadillo/include/RcppArmadillo/version/arma.h:66:199: note: '#pragma message: Using fallback compilation with Armadillo 14.6.3. Please consider defining -DARMA_USE_CURRENT and also removing C++11 compilation directive. See GitHub issue #475 for more.'
   66 |         #pragma message("Using fallback compilation with Armadillo 14.6.3. Please consider defining -DARMA_USE_CURRENT and also removing C++11 compilation directive. See GitHub issue #475 for more.")
/nix/store/lpl1fh1jj5xhi6wjwsl53hxcxjg8bqhl-r-RcppArmadillo-15.0.1-1/library/RcppArmadillo/include/RcppArmadillo/version/arma.h:66:199: note: '#pragma message: Using fallback compilation with Armadillo 14.6.3. Please consider defining -DARMA_USE_CURRENT and also removing C++11 compilation directive. See GitHub issue #475 for more.'
   66 |         #pragma message("Using fallback compilation with Armadillo 14.6.3. Please consider defining -DARMA_USE_CURRENT and also removing C++11 compilation directive. See GitHub issue #475 for more.")
/nix/store/lpl1fh1jj5xhi6wjwsl53hxcxjg8bqhl-r-RcppArmadillo-15.0.1-1/library/RcppArmadillo/include/RcppArmadillo/version/arma.h:66:199: note: '#pragma message: Using fallback compilation with Armadillo 14.6.3. Please consider defining -DARMA_USE_CURRENT and also removing C++11 compilation directive. See GitHub issue #475 for more.'
   66 |         #pragma message("Using fallback compilation with Armadillo 14.6.3. Please consider defining -DARMA_USE_CURRENT and also removing C++11 compilation directive. See GitHub issue #475 for more.")
/nix/store/lpl1fh1jj5xhi6wjwsl53hxcxjg8bqhl-r-RcppArmadillo-15.0.1-1/library/RcppArmadillo/include/RcppArmadillo/version/arma.h:66:199: note: '#pragma message: Using fallback compilation with Armadillo 14.6.3. Please consider defining -DARMA_USE_CURRENT and also removing C++11 compilation directive. See GitHub issue #475 for more.'
   66 |         #pragma message("Using fallback compilation with Armadillo 14.6.3. Please consider defining -DARMA_USE_CURRENT and also removing C++11 compilation directive. See GitHub issue #475 for more.")
/nix/store/lpl1fh1jj5xhi6wjwsl53hxcxjg8bqhl-r-RcppArmadillo-15.0.1-1/library/RcppArmadillo/include/RcppArmadillo/version/arma.h:66:199: note: '#pragma message: Using fallback compilation with Armadillo 14.6.3. Please consider defining -DARMA_USE_CURRENT and also removing C++11 compilation directive. See GitHub issue #475 for more.'
   66 |         #pragma message("Using fallback compilation with Armadillo 14.6.3. Please consider defining -DARMA_USE_CURRENT and also removing C++11 compilation directive. See GitHub issue #475 for more.")
/nix/store/lpl1fh1jj5xhi6wjwsl53hxcxjg8bqhl-r-RcppArmadillo-15.0.1-1/library/RcppArmadillo/include/RcppArmadillo/version/arma.h:66:199: note: '#pragma message: Using fallback compilation with Armadillo 14.6.3. Please consider defining -DARMA_USE_CURRENT and also removing C++11 compilation directive. See GitHub issue #475 for more.'
   66 |         #pragma message("Using fallback compilation with Armadillo 14.6.3. Please consider defining -DARMA_USE_CURRENT and also removing C++11 compilation directive. See GitHub issue #475 for more.")
/nix/store/lpl1fh1jj5xhi6wjwsl53hxcxjg8bqhl-r-RcppArmadillo-15.0.1-1/library/RcppArmadillo/include/RcppArmadillo/version/arma.h:66:199: note: '#pragma message: Using fallback compilation with Armadillo 14.6.3. Please consider defining -DARMA_USE_CURRENT and also removing C++11 compilation directive. See GitHub issue #475 for more.'
   66 |         #pragma message("Using fallback compilation with Armadillo 14.6.3. Please consider defining -DARMA_USE_CURRENT and also removing C++11 compilation directive. See GitHub issue #475 for more.")
/nix/store/lpl1fh1jj5xhi6wjwsl53hxcxjg8bqhl-r-RcppArmadillo-15.0.1-1/library/RcppArmadillo/include/RcppArmadillo/version/arma.h:66:199: note: '#pragma message: Using fallback compilation with Armadillo 14.6.3. Please consider defining -DARMA_USE_CURRENT and also removing C++11 compilation directive. See GitHub issue #475 for more.'
   66 |         #pragma message("Using fallback compilation with Armadillo 14.6.3. Please consider defining -DARMA_USE_CURRENT and also removing C++11 compilation directive. See GitHub issue #475 for more.")
/nix/store/lpl1fh1jj5xhi6wjwsl53hxcxjg8bqhl-r-RcppArmadillo-15.0.1-1/library/RcppArmadillo/include/RcppArmadillo/version/arma.h:66:199: note: '#pragma message: Using fallback compilation with Armadillo 14.6.3. Please consider defining -DARMA_USE_CURRENT and also removing C++11 compilation directive. See GitHub issue #475 for more.'
   66 |         #pragma message("Using fallback compilation with Armadillo 14.6.3. Please consider defining -DARMA_USE_CURRENT and also removing C++11 compilation directive. See GitHub issue #475 for more.")
/nix/store/lpl1fh1jj5xhi6wjwsl53hxcxjg8bqhl-r-RcppArmadillo-15.0.1-1/library/RcppArmadillo/include/RcppArmadillo/version/arma.h:66:199: note: '#pragma message: Using fallback compilation with Armadillo 14.6.3. Please consider defining -DARMA_USE_CURRENT and also removing C++11 compilation directive. See GitHub issue #475 for more.'
   66 |         #pragma message("Using fallback compilation with Armadillo 14.6.3. Please consider defining -DARMA_USE_CURRENT and also removing C++11 compilation directive. See GitHub issue #475 for more.")
/nix/store/lpl1fh1jj5xhi6wjwsl53hxcxjg8bqhl-r-RcppArmadillo-15.0.1-1/library/RcppArmadillo/include/RcppArmadillo/version/arma.h:66:199: note: '#pragma message: Using fallback compilation with Armadillo 14.6.3. Please consider defining -DARMA_USE_CURRENT and also removing C++11 compilation directive. See GitHub issue #475 for more.'
   66 |         #pragma message("Using fallback compilation with Armadillo 14.6.3. Please consider defining -DARMA_USE_CURRENT and also removing C++11 compilation directive. See GitHub issue #475 for more.")
/nix/store/lpl1fh1jj5xhi6wjwsl53hxcxjg8bqhl-r-RcppArmadillo-15.0.1-1/library/RcppArmadillo/include/RcppArmadillo/version/arma.h:66:199: note: '#pragma message: Using fallback compilation with Armadillo 14.6.3. Please consider defining -DARMA_USE_CURRENT and also removing C++11 compilation directive. See GitHub issue #475 for more.'
   66 |         #pragma message("Using fallback compilation with Armadillo 14.6.3. Please consider defining -DARMA_USE_CURRENT and also removing C++11 compilation directive. See GitHub issue #475 for more.")
/nix/store/lpl1fh1jj5xhi6wjwsl53hxcxjg8bqhl-r-RcppArmadillo-15.0.1-1/library/RcppArmadillo/include/RcppArmadillo/version/arma.h:66:199: note: '#pragma message: Using fallback compilation with Armadillo 14.6.3. Please consider defining -DARMA_USE_CURRENT and also removing C++11 compilation directive. See GitHub issue #475 for more.'
   66 |         #pragma message("Using fallback compilation with Armadillo 14.6.3. Please consider defining -DARMA_USE_CURRENT and also removing C++11 compilation directive. See GitHub issue #475 for more.")
/nix/store/lpl1fh1jj5xhi6wjwsl53hxcxjg8bqhl-r-RcppArmadillo-15.0.1-1/library/RcppArmadillo/include/RcppArmadillo/version/arma.h:66:199: note: '#pragma message: Using fallback compilation with Armadillo 14.6.3. Please consider defining -DARMA_USE_CURRENT and also removing C++11 compilation directive. See GitHub issue #475 for more.'
   66 |         #pragma message("Using fallback compilation with Armadillo 14.6.3. Please consider defining -DARMA_USE_CURRENT and also removing C++11 compilation directive. See GitHub issue #475 for more.")
/nix/store/lpl1fh1jj5xhi6wjwsl53hxcxjg8bqhl-r-RcppArmadillo-15.0.1-1/library/RcppArmadillo/include/RcppArmadillo/version/arma.h:66:199: note: '#pragma message: Using fallback compilation with Armadillo 14.6.3. Please consider defining -DARMA_USE_CURRENT and also removing C++11 compilation directive. See GitHub issue #475 for more.'
   66 |         #pragma message("Using fallback compilation with Armadillo 14.6.3. Please consider defining -DARMA_USE_CURRENT and also removing C++11 compilation directive. See GitHub issue #475 for more.")
/nix/store/lpl1fh1jj5xhi6wjwsl53hxcxjg8bqhl-r-RcppArmadillo-15.0.1-1/library/RcppArmadillo/include/RcppArmadillo/version/arma.h:66:199: note: '#pragma message: Using fallback compilation with Armadillo 14.6.3. Please consider defining -DARMA_USE_CURRENT and also removing C++11 compilation directive. See GitHub issue #475 for more.'
   66 |         #pragma message("Using fallback compilation with Armadillo 14.6.3. Please consider defining -DARMA_USE_CURRENT and also removing C++11 compilation directive. See GitHub issue #475 for more.")
/nix/store/lpl1fh1jj5xhi6wjwsl53hxcxjg8bqhl-r-RcppArmadillo-15.0.1-1/library/RcppArmadillo/include/RcppArmadillo/version/arma.h:66:199: note: '#pragma message: Using fallback compilation with Armadillo 14.6.3. Please consider defining -DARMA_USE_CURRENT and also removing C++11 compilation directive. See GitHub issue #475 for more.'
   66 |         #pragma message("Using fallback compilation with Armadillo 14.6.3. Please consider defining -DARMA_USE_CURRENT and also removing C++11 compilation directive. See GitHub issue #475 for more.")
/nix/store/lpl1fh1jj5xhi6wjwsl53hxcxjg8bqhl-r-RcppArmadillo-15.0.1-1/library/RcppArmadillo/include/RcppArmadillo/version/arma.h:66:199: note: '#pragma message: Using fallback compilation with Armadillo 14.6.3. Please consider defining -DARMA_USE_CURRENT and also removing C++11 compilation directive. See GitHub issue #475 for more.'
   66 |         #pragma message("Using fallback compilation with Armadillo 14.6.3. Please consider defining -DARMA_USE_CURRENT and also removing C++11 compilation directive. See GitHub issue #475 for more.")
* removing '/nix/store/rzrxbk3cpr26dj3yc9d9ijh4sr5v4m3k-r-markovchain-0.10.0/library/markovchain'
       > * removing '/nix/store/rzrxbk3cpr26dj3yc9d9ijh4sr5v4m3k-r-markovchain-0.10.0/library/markovchain'
removing debugging flags
/nix/store/lpl1fh1jj5xhi6wjwsl53hxcxjg8bqhl-r-RcppArmadillo-15.0.1-1/library/RcppArmadillo/include/RcppArmadillo/version/arma.h:66:199: note: '#pragma message: Using fallback compilation with Armadillo 14.6.3. Please consider defining -DARMA_USE_CURRENT and also removing C++11 compilation directive. See GitHub issue #475 for more.'
   66 |         #pragma message("Using fallback compilation with Armadillo 14.6.3. Please consider defining -DARMA_USE_CURRENT and also removing C++11 compilation directive. See GitHub issue #475 for more.")
/nix/store/lpl1fh1jj5xhi6wjwsl53hxcxjg8bqhl-r-RcppArmadillo-15.0.1-1/library/RcppArmadillo/include/RcppArmadillo/version/arma.h:66:199: note: '#pragma message: Using fallback compilation with Armadillo 14.6.3. Please consider defining -DARMA_USE_CURRENT and also removing C++11 compilation directive. See GitHub issue #475 for more.'
   66 |         #pragma message("Using fallback compilation with Armadillo 14.6.3. Please consider defining -DARMA_USE_CURRENT and also removing C++11 compilation directive. See GitHub issue #475 for more.")
/nix/store/lpl1fh1jj5xhi6wjwsl53hxcxjg8bqhl-r-RcppArmadillo-15.0.1-1/library/RcppArmadillo/include/RcppArmadillo/version/arma.h:66:199: note: '#pragma message: Using fallback compilation with Armadillo 14.6.3. Please consider defining -DARMA_USE_CURRENT and also removing C++11 compilation directive. See GitHub issue #475 for more.'
   66 |         #pragma message("Using fallback compilation with Armadillo 14.6.3. Please consider defining -DARMA_USE_CURRENT and also removing C++11 compilation directive. See GitHub issue #475 for more.")
/nix/store/lpl1fh1jj5xhi6wjwsl53hxcxjg8bqhl-r-RcppArmadillo-15.0.1-1/library/RcppArmadillo/include/RcppArmadillo/version/arma.h:66:199: note: '#pragma message: Using fallback compilation with Armadillo 14.6.3. Please consider defining -DARMA_USE_CURRENT and also removing C++11 compilation directive. See GitHub issue #475 for more.'
   66 |         #pragma message("Using fallback compilation with Armadillo 14.6.3. Please consider defining -DARMA_USE_CURRENT and also removing C++11 compilation directive. See GitHub issue #475 for more.")
/nix/store/lpl1fh1jj5xhi6wjwsl53hxcxjg8bqhl-r-RcppArmadillo-15.0.1-1/library/RcppArmadillo/include/RcppArmadillo/version/arma.h:66:199: note: '#pragma message: Using fallback compilation with Armadillo 14.6.3. Please consider defining -DARMA_USE_CURRENT and also removing C++11 compilation directive. See GitHub issue #475 for more.'
   66 |         #pragma message("Using fallback compilation with Armadillo 14.6.3. Please consider defining -DARMA_USE_CURRENT and also removing C++11 compilation directive. See GitHub issue #475 for more.")
/nix/store/lpl1fh1jj5xhi6wjwsl53hxcxjg8bqhl-r-RcppArmadillo-15.0.1-1/library/RcppArmadillo/include/RcppArmadillo/version/arma.h:66:199: note: '#pragma message: Using fallback compilation with Armadillo 14.6.3. Please consider defining -DARMA_USE_CURRENT and also removing C++11 compilation directive. See GitHub issue #475 for more.'
   66 |         #pragma message("Using fallback compilation with Armadillo 14.6.3. Please consider defining -DARMA_USE_CURRENT and also removing C++11 compilation directive. See GitHub issue #475 for more.")
/nix/store/lpl1fh1jj5xhi6wjwsl53hxcxjg8bqhl-r-RcppArmadillo-15.0.1-1/library/RcppArmadillo/include/RcppArmadillo/version/arma.h:66:199: note: '#pragma message: Using fallback compilation with Armadillo 14.6.3. Please consider defining -DARMA_USE_CURRENT and also removing C++11 compilation directive. See GitHub issue #475 for more.'
   66 |         #pragma message("Using fallback compilation with Armadillo 14.6.3. Please consider defining -DARMA_USE_CURRENT and also removing C++11 compilation directive. See GitHub issue #475 for more.")
/nix/store/lpl1fh1jj5xhi6wjwsl53hxcxjg8bqhl-r-RcppArmadillo-15.0.1-1/library/RcppArmadillo/include/RcppArmadillo/version/arma.h:66:199: note: '#pragma message: Using fallback compilation with Armadillo 14.6.3. Please consider defining -DARMA_USE_CURRENT and also removing C++11 compilation directive. See GitHub issue #475 for more.'
   66 |         #pragma message("Using fallback compilation with Armadillo 14.6.3. Please consider defining -DARMA_USE_CURRENT and also removing C++11 compilation directive. See GitHub issue #475 for more.")
/nix/store/lpl1fh1jj5xhi6wjwsl53hxcxjg8bqhl-r-RcppArmadillo-15.0.1-1/library/RcppArmadillo/include/RcppArmadillo/version/arma.h:66:199: note: '#pragma message: Using fallback compilation with Armadillo 14.6.3. Please consider defining -DARMA_USE_CURRENT and also removing C++11 compilation directive. See GitHub issue #475 for more.'
   66 |         #pragma message("Using fallback compilation with Armadillo 14.6.3. Please consider defining -DARMA_USE_CURRENT and also removing C++11 compilation directive. See GitHub issue #475 for more.")
/nix/store/lpl1fh1jj5xhi6wjwsl53hxcxjg8bqhl-r-RcppArmadillo-15.0.1-1/library/RcppArmadillo/include/RcppArmadillo/version/arma.h:66:199: note: '#pragma message: Using fallback compilation with Armadillo 14.6.3. Please consider defining -DARMA_USE_CURRENT and also removing C++11 compilation directive. See GitHub issue #475 for more.'
   66 |         #pragma message("Using fallback compilation with Armadillo 14.6.3. Please consider defining -DARMA_USE_CURRENT and also removing C++11 compilation directive. See GitHub issue #475 for more.")
* removing '/nix/store/01cdzln1wi4z2kzyahyv8i0v9d0gzajh-r-rsparse-0.5.3/library/rsparse'
       > * removing '/nix/store/01cdzln1wi4z2kzyahyv8i0v9d0gzajh-r-rsparse-0.5.3/library/rsparse'
/nix/store/lpl1fh1jj5xhi6wjwsl53hxcxjg8bqhl-r-RcppArmadillo-15.0.1-1/library/RcppArmadillo/include/RcppArmadillo/version/arma.h:66:199: note: '#pragma message: Using fallback compilation with Armadillo 14.6.3. Please consider defining -DARMA_USE_CURRENT and also removing C++11 compilation directive. See GitHub issue #475 for more.'
   66 |         #pragma message("Using fallback compilation with Armadillo 14.6.3. Please consider defining -DARMA_USE_CURRENT and also removing C++11 compilation directive. See GitHub issue #475 for more.")
/nix/store/lpl1fh1jj5xhi6wjwsl53hxcxjg8bqhl-r-RcppArmadillo-15.0.1-1/library/RcppArmadillo/include/RcppArmadillo/version/arma.h:66:199: note: '#pragma message: Using fallback compilation with Armadillo 14.6.3. Please consider defining -DARMA_USE_CURRENT and also removing C++11 compilation directive. See GitHub issue #475 for more.'
   66 |         #pragma message("Using fallback compilation with Armadillo 14.6.3. Please consider defining -DARMA_USE_CURRENT and also removing C++11 compilation directive. See GitHub issue #475 for more.")
/nix/store/lpl1fh1jj5xhi6wjwsl53hxcxjg8bqhl-r-RcppArmadillo-15.0.1-1/library/RcppArmadillo/include/RcppArmadillo/version/arma.h:66:199: note: '#pragma message: Using fallback compilation with Armadillo 14.6.3. Please consider defining -DARMA_USE_CURRENT and also removing C++11 compilation directive. See GitHub issue #475 for more.'
   66 |         #pragma message("Using fallback compilation with Armadillo 14.6.3. Please consider defining -DARMA_USE_CURRENT and also removing C++11 compilation directive. See GitHub issue #475 for more.")
/nix/store/lpl1fh1jj5xhi6wjwsl53hxcxjg8bqhl-r-RcppArmadillo-15.0.1-1/library/RcppArmadillo/include/RcppArmadillo/version/arma.h:66:199: note: '#pragma message: Using fallback compilation with Armadillo 14.6.3. Please consider defining -DARMA_USE_CURRENT and also removing C++11 compilation directive. See GitHub issue #475 for more.'
   66 |         #pragma message("Using fallback compilation with Armadillo 14.6.3. Please consider defining -DARMA_USE_CURRENT and also removing C++11 compilation directive. See GitHub issue #475 for more.")
/nix/store/lpl1fh1jj5xhi6wjwsl53hxcxjg8bqhl-r-RcppArmadillo-15.0.1-1/library/RcppArmadillo/include/RcppArmadillo/version/arma.h:66:199: note: '#pragma message: Using fallback compilation with Armadillo 14.6.3. Please consider defining -DARMA_USE_CURRENT and also removing C++11 compilation directive. See GitHub issue #475 for more.'
   66 |         #pragma message("Using fallback compilation with Armadillo 14.6.3. Please consider defining -DARMA_USE_CURRENT and also removing C++11 compilation directive. See GitHub issue #475 for more.")
/nix/store/lpl1fh1jj5xhi6wjwsl53hxcxjg8bqhl-r-RcppArmadillo-15.0.1-1/library/RcppArmadillo/include/RcppArmadillo/version/arma.h:66:199: note: '#pragma message: Using fallback compilation with Armadillo 14.6.3. Please consider defining -DARMA_USE_CURRENT and also removing C++11 compilation directive. See GitHub issue #475 for more.'
   66 |         #pragma message("Using fallback compilation with Armadillo 14.6.3. Please consider defining -DARMA_USE_CURRENT and also removing C++11 compilation directive. See GitHub issue #475 for more.")
/nix/store/lpl1fh1jj5xhi6wjwsl53hxcxjg8bqhl-r-RcppArmadillo-15.0.1-1/library/RcppArmadillo/include/RcppArmadillo/version/arma.h:66:199: note: '#pragma message: Using fallback compilation with Armadillo 14.6.3. Please consider defining -DARMA_USE_CURRENT and also removing C++11 compilation directive. See GitHub issue #475 for more.'
   66 |         #pragma message("Using fallback compilation with Armadillo 14.6.3. Please consider defining -DARMA_USE_CURRENT and also removing C++11 compilation directive. See GitHub issue #475 for more.")
/nix/store/lpl1fh1jj5xhi6wjwsl53hxcxjg8bqhl-r-RcppArmadillo-15.0.1-1/library/RcppArmadillo/include/RcppArmadillo/version/arma.h:66:199: note: '#pragma message: Using fallback compilation with Armadillo 14.6.3. Please consider defining -DARMA_USE_CURRENT and also removing C++11 compilation directive. See GitHub issue #475 for more.'
   66 |         #pragma message("Using fallback compilation with Armadillo 14.6.3. Please consider defining -DARMA_USE_CURRENT and also removing C++11 compilation directive. See GitHub issue #475 for more.")
/nix/store/lpl1fh1jj5xhi6wjwsl53hxcxjg8bqhl-r-RcppArmadillo-15.0.1-1/library/RcppArmadillo/include/RcppArmadillo/version/arma.h:66:199: note: '#pragma message: Using fallback compilation with Armadillo 14.6.3. Please consider defining -DARMA_USE_CURRENT and also removing C++11 compilation directive. See GitHub issue #475 for more.'
   66 |         #pragma message("Using fallback compilation with Armadillo 14.6.3. Please consider defining -DARMA_USE_CURRENT and also removing C++11 compilation directive. See GitHub issue #475 for more.")
/nix/store/lpl1fh1jj5xhi6wjwsl53hxcxjg8bqhl-r-RcppArmadillo-15.0.1-1/library/RcppArmadillo/include/RcppArmadillo/version/arma.h:66:199: note: '#pragma message: Using fallback compilation with Armadillo 14.6.3. Please consider defining -DARMA_USE_CURRENT and also removing C++11 compilation directive. See GitHub issue #475 for more.'
   66 |         #pragma message("Using fallback compilation with Armadillo 14.6.3. Please consider defining -DARMA_USE_CURRENT and also removing C++11 compilation directive. See GitHub issue #475 for more.")
/nix/store/lpl1fh1jj5xhi6wjwsl53hxcxjg8bqhl-r-RcppArmadillo-15.0.1-1/library/RcppArmadillo/include/RcppArmadillo/version/arma.h:66:199: note: '#pragma message: Using fallback compilation with Armadillo 14.6.3. Please consider defining -DARMA_USE_CURRENT and also removing C++11 compilation directive. See GitHub issue #475 for more.'
   66 |         #pragma message("Using fallback compilation with Armadillo 14.6.3. Please consider defining -DARMA_USE_CURRENT and also removing C++11 compilation directive. See GitHub issue #475 for more.")
/nix/store/lpl1fh1jj5xhi6wjwsl53hxcxjg8bqhl-r-RcppArmadillo-15.0.1-1/library/RcppArmadillo/include/RcppArmadillo/version/arma.h:66:199: note: '#pragma message: Using fallback compilation with Armadillo 14.6.3. Please consider defining -DARMA_USE_CURRENT and also removing C++11 compilation directive. See GitHub issue #475 for more.'
   66 |         #pragma message("Using fallback compilation with Armadillo 14.6.3. Please consider defining -DARMA_USE_CURRENT and also removing C++11 compilation directive. See GitHub issue #475 for more.")
/nix/store/lpl1fh1jj5xhi6wjwsl53hxcxjg8bqhl-r-RcppArmadillo-15.0.1-1/library/RcppArmadillo/include/RcppArmadillo/version/arma.h:66:199: note: '#pragma message: Using fallback compilation with Armadillo 14.6.3. Please consider defining -DARMA_USE_CURRENT and also removing C++11 compilation directive. See GitHub issue #475 for more.'
   66 |         #pragma message("Using fallback compilation with Armadillo 14.6.3. Please consider defining -DARMA_USE_CURRENT and also removing C++11 compilation directive. See GitHub issue #475 for more.")
/nix/store/lpl1fh1jj5xhi6wjwsl53hxcxjg8bqhl-r-RcppArmadillo-15.0.1-1/library/RcppArmadillo/include/RcppArmadillo/version/arma.h:66:199: note: '#pragma message: Using fallback compilation with Armadillo 14.6.3. Please consider defining -DARMA_USE_CURRENT and also removing C++11 compilation directive. See GitHub issue #475 for more.'
   66 |         #pragma message("Using fallback compilation with Armadillo 14.6.3. Please consider defining -DARMA_USE_CURRENT and also removing C++11 compilation directive. See GitHub issue #475 for more.")
* removing '/nix/store/5l7qb4q075hyj6dhw0cvlsvl4y6jrn7v-r-ragg-1.5.0/library/ragg'
       > * removing '/nix/store/5l7qb4q075hyj6dhw0cvlsvl4y6jrn7v-r-ragg-1.5.0/library/ragg'
* removing '/nix/store/j3cz917q1xx4kh4xfmz68s93myxq4ycq-r-greta-0.5.0/library/greta'
       > * removing '/nix/store/j3cz917q1xx4kh4xfmz68s93myxq4ycq-r-greta-0.5.0/library/greta'
* removing '/nix/store/8k0cmkqm8kf2c9a5nv806axir97nrzfh-r-tok-0.2.0/library/tok'
       > * removing '/nix/store/8k0cmkqm8kf2c9a5nv806axir97nrzfh-r-tok-0.2.0/library/tok'
