unpacking 'https://github.com/rstats-on-nix/nixpkgs/archive/2025-02-22.tar.gz' into the Git cache...
warning: Nix search path entry '/Users/runner/.nix-defexpr/channels' does not exist, ignoring
warning: Nix search path entry '/Users/runner/.nix-defexpr/channels' does not exist, ignoring
warning: Nix search path entry '/Users/runner/.nix-defexpr/channels' does not exist, ignoring
error:
       … while calling the 'derivationStrict' builtin
         at <nix/derivation-internal.nix>:37:12:
           36|
           37|   strict = derivationStrict drvAttrs;
             |            ^
           38|

       … while evaluating derivation 'nix-shell'
         whose name attribute is located at /nix/store/9kxdmdzl50ak5x0hpsv621p5pxhqkz3s-source/pkgs/stdenv/generic/make-derivation.nix:375:7

       … while evaluating attribute 'buildInputs' of derivation 'nix-shell'
         at /nix/store/9kxdmdzl50ak5x0hpsv621p5pxhqkz3s-source/pkgs/stdenv/generic/make-derivation.nix:422:7:
          421|       depsHostHost                = elemAt (elemAt dependencies 1) 0;
          422|       buildInputs                 = elemAt (elemAt dependencies 1) 1;
             |       ^
          423|       depsTargetTarget            = elemAt (elemAt dependencies 2) 0;

       (stack trace truncated; use '--show-trace' to show the full, detailed trace)

       error: Package ‘xvfb-run-1+g87f6705’ in /nix/store/9kxdmdzl50ak5x0hpsv621p5pxhqkz3s-source/pkgs/tools/misc/xvfb-run/default.nix:73 is not available on the requested hostPlatform:
         hostPlatform.config = "aarch64-apple-darwin"
         package.meta.platforms = [
           "aarch64-linux"
           "armv5tel-linux"
           "armv6l-linux"
           "armv7a-linux"
           "armv7l-linux"
           "i686-linux"
           "loongarch64-linux"
           "m68k-linux"
           "microblaze-linux"
           "microblazeel-linux"
           "mips-linux"
           "mips64-linux"
           "mips64el-linux"
           "mipsel-linux"
           "powerpc64-linux"
           "powerpc64le-linux"
           "riscv32-linux"
           "riscv64-linux"
           "s390-linux"
           "s390x-linux"
           "x86_64-linux"
         ]
         package.meta.badPlatforms = [ ]
       , refusing to evaluate.

       a) To temporarily allow packages that are unsupported for this system, you can use an environment variable
          for a single invocation of the nix tools.

            $ export NIXPKGS_ALLOW_UNSUPPORTED_SYSTEM=1

          Note: When using `nix shell`, `nix build`, `nix develop`, etc with a flake,
                then pass `--impure` in order to allow use of environment variables.

       b) For `nixos-rebuild` you can set
         { nixpkgs.config.allowUnsupportedSystem = true; }
       in configuration.nix to override this.

       c) For `nix-env`, `nix-build`, `nix-shell` or any other Nix command you can add
         { allowUnsupportedSystem = true; }
       to ~/.config/nixpkgs/config.nix.
