* removing ‘/nix/store/iqm84dq7f0ni8wf8nwpyjghzyx0xmkq8-r-ROracle-1.3-1.1/library/ROracle’
       > * removing ‘/nix/store/iqm84dq7f0ni8wf8nwpyjghzyx0xmkq8-r-ROracle-1.3-1.1/library/ROracle’
* removing ‘/nix/store/5ikprmjhpzzhi2gmwi5g9hznkfinlfsx-r-XLConnect-1.2.2/library/XLConnect’
       > * removing ‘/nix/store/5ikprmjhpzzhi2gmwi5g9hznkfinlfsx-r-XLConnect-1.2.2/library/XLConnect’
* removing ‘/nix/store/29rzryp4bss54y6amncnyqwqiw4iwhah-r-aplpack-1.3.5/library/aplpack’
       > * removing ‘/nix/store/29rzryp4bss54y6amncnyqwqiw4iwhah-r-aplpack-1.3.5/library/aplpack’
* removing ‘/nix/store/9xi4fi3bjmm23wjqg1zi0v195fjfywgc-r-cem-1.1.31/library/cem’
       > * removing ‘/nix/store/9xi4fi3bjmm23wjqg1zi0v195fjfywgc-r-cem-1.1.31/library/cem’
* removing ‘/nix/store/16qac85x337kdicrkjzn22ndh8if1nq7-r-enrichR-3.4/library/enrichR’
       > * removing ‘/nix/store/16qac85x337kdicrkjzn22ndh8if1nq7-r-enrichR-3.4/library/enrichR’
* removing ‘/nix/store/3z61m86ny25p4afcjcvmaymrb6b8bi8r-r-RcppPlanc-2.0.12/library/RcppPlanc’
       > * removing ‘/nix/store/3z61m86ny25p4afcjcvmaymrb6b8bi8r-r-RcppPlanc-2.0.12/library/RcppPlanc’
* removing ‘/nix/store/rpq7h82bihpr2mh4lfdycr7bxsxpxm2h-r-misc3d-0.9-1/library/misc3d’
       > * removing ‘/nix/store/rpq7h82bihpr2mh4lfdycr7bxsxpxm2h-r-misc3d-0.9-1/library/misc3d’
* removing ‘/nix/store/vswi5g6dprmhfbhdcgvzxpycblpypa7q-r-mongolite-4.0.0/library/mongolite’
       > * removing ‘/nix/store/vswi5g6dprmhfbhdcgvzxpycblpypa7q-r-mongolite-4.0.0/library/mongolite’
removing debugging flags
* removing ‘/nix/store/6vxsjis5yqncqj5clzmpvl1bz3s1qb4s-r-pdftools-3.5.0/library/pdftools’
       > * removing ‘/nix/store/6vxsjis5yqncqj5clzmpvl1bz3s1qb4s-r-pdftools-3.5.0/library/pdftools’
* removing ‘/nix/store/ravhqz13arpqcybmnf9gr7m5x34j4v5k-r-geoR-1.9-5/library/geoR’
       > * removing ‘/nix/store/ravhqz13arpqcybmnf9gr7m5x34j4v5k-r-geoR-1.9-5/library/geoR’
* removing ‘/nix/store/7xyanl11wj9y3i03hfk94f3fpsci4wa3-r-Factoshiny-2.7/library/Factoshiny’
       > * removing ‘/nix/store/7xyanl11wj9y3i03hfk94f3fpsci4wa3-r-Factoshiny-2.7/library/Factoshiny’
* removing ‘/nix/store/8d7fwvjwpk34aa2frvhxz1skdmni5kfd-r-tcltk2-1.6.1/library/tcltk2’
       > * removing ‘/nix/store/8d7fwvjwpk34aa2frvhxz1skdmni5kfd-r-tcltk2-1.6.1/library/tcltk2’
* removing ‘/nix/store/chvg2gzk1bfks66775aylj74yhjh2crj-r-tkrplot-0.0-30/library/tkrplot’
       > * removing ‘/nix/store/chvg2gzk1bfks66775aylj74yhjh2crj-r-tkrplot-0.0-30/library/tkrplot’
* removing ‘/nix/store/yh0kid30vj6dr8cj441k52fca0lx0rhc-r-gsubfn-0.7/library/gsubfn’
       > * removing ‘/nix/store/yh0kid30vj6dr8cj441k52fca0lx0rhc-r-gsubfn-0.7/library/gsubfn’
