unpacking 'https://github.com/rstats-on-nix/nixpkgs/archive/2025-02-24.tar.gz' into the Git cache...
warning: Nix search path entry '/home/runner/.nix-defexpr/channels' does not exist, ignoring
warning: Nix search path entry '/home/runner/.nix-defexpr/channels' does not exist, ignoring
warning: Nix search path entry '/home/runner/.nix-defexpr/channels' does not exist, ignoring
warning: Nix search path entry '/home/runner/.nix-defexpr/channels' does not exist, ignoring
warning: Nix search path entry '/home/runner/.nix-defexpr/channels' does not exist, ignoring
warning: Nix search path entry '/home/runner/.nix-defexpr/channels' does not exist, ignoring
warning: Nix search path entry '/home/runner/.nix-defexpr/channels' does not exist, ignoring
warning: Nix search path entry '/home/runner/.nix-defexpr/channels' does not exist, ignoring
warning: Nix search path entry '/home/runner/.nix-defexpr/channels' does not exist, ignoring
warning: Nix search path entry '/home/runner/.nix-defexpr/channels' does not exist, ignoring
warning: Nix search path entry '/home/runner/.nix-defexpr/channels' does not exist, ignoring
warning: Nix search path entry '/home/runner/.nix-defexpr/channels' does not exist, ignoring
warning: Nix search path entry '/home/runner/.nix-defexpr/channels' does not exist, ignoring
warning: Nix search path entry '/home/runner/.nix-defexpr/channels' does not exist, ignoring
warning: Nix search path entry '/home/runner/.nix-defexpr/channels' does not exist, ignoring
warning: Nix search path entry '/home/runner/.nix-defexpr/channels' does not exist, ignoring
warning: Nix search path entry '/home/runner/.nix-defexpr/channels' does not exist, ignoring
warning: Nix search path entry '/home/runner/.nix-defexpr/channels' does not exist, ignoring
warning: Nix search path entry '/home/runner/.nix-defexpr/channels' does not exist, ignoring
warning: Nix search path entry '/home/runner/.nix-defexpr/channels' does not exist, ignoring
warning: Nix search path entry '/home/runner/.nix-defexpr/channels' does not exist, ignoring
warning: Nix search path entry '/home/runner/.nix-defexpr/channels' does not exist, ignoring
warning: Nix search path entry '/home/runner/.nix-defexpr/channels' does not exist, ignoring
warning: Nix search path entry '/home/runner/.nix-defexpr/channels' does not exist, ignoring
warning: Nix search path entry '/home/runner/.nix-defexpr/channels' does not exist, ignoring
warning: Nix search path entry '/home/runner/.nix-defexpr/channels' does not exist, ignoring
warning: Nix search path entry '/home/runner/.nix-defexpr/channels' does not exist, ignoring
warning: Nix search path entry '/home/runner/.nix-defexpr/channels' does not exist, ignoring
warning: Nix search path entry '/home/runner/.nix-defexpr/channels' does not exist, ignoring
warning: Nix search path entry '/home/runner/.nix-defexpr/channels' does not exist, ignoring
warning: Nix search path entry '/home/runner/.nix-defexpr/channels' does not exist, ignoring
warning: Nix search path entry '/home/runner/.nix-defexpr/channels' does not exist, ignoring
warning: Nix search path entry '/home/runner/.nix-defexpr/channels' does not exist, ignoring
warning: Nix search path entry '/home/runner/.nix-defexpr/channels' does not exist, ignoring
warning: Nix search path entry '/home/runner/.nix-defexpr/channels' does not exist, ignoring
warning: Nix search path entry '/home/runner/.nix-defexpr/channels' does not exist, ignoring
warning: Nix search path entry '/home/runner/.nix-defexpr/channels' does not exist, ignoring
warning: Nix search path entry '/home/runner/.nix-defexpr/channels' does not exist, ignoring
warning: Nix search path entry '/home/runner/.nix-defexpr/channels' does not exist, ignoring
warning: Nix search path entry '/home/runner/.nix-defexpr/channels' does not exist, ignoring
warning: Nix search path entry '/home/runner/.nix-defexpr/channels' does not exist, ignoring
warning: Nix search path entry '/home/runner/.nix-defexpr/channels' does not exist, ignoring
warning: Nix search path entry '/home/runner/.nix-defexpr/channels' does not exist, ignoring
warning: Nix search path entry '/home/runner/.nix-defexpr/channels' does not exist, ignoring
warning: Nix search path entry '/home/runner/.nix-defexpr/channels' does not exist, ignoring
warning: Nix search path entry '/home/runner/.nix-defexpr/channels' does not exist, ignoring
warning: Nix search path entry '/home/runner/.nix-defexpr/channels' does not exist, ignoring
warning: Nix search path entry '/home/runner/.nix-defexpr/channels' does not exist, ignoring
warning: Nix search path entry '/home/runner/.nix-defexpr/channels' does not exist, ignoring
warning: Nix search path entry '/home/runner/.nix-defexpr/channels' does not exist, ignoring
warning: Nix search path entry '/home/runner/.nix-defexpr/channels' does not exist, ignoring
warning: Nix search path entry '/home/runner/.nix-defexpr/channels' does not exist, ignoring
warning: Nix search path entry '/home/runner/.nix-defexpr/channels' does not exist, ignoring
warning: Nix search path entry '/home/runner/.nix-defexpr/channels' does not exist, ignoring
warning: Nix search path entry '/home/runner/.nix-defexpr/channels' does not exist, ignoring
warning: Nix search path entry '/home/runner/.nix-defexpr/channels' does not exist, ignoring
warning: Nix search path entry '/home/runner/.nix-defexpr/channels' does not exist, ignoring
warning: Nix search path entry '/home/runner/.nix-defexpr/channels' does not exist, ignoring
warning: Nix search path entry '/home/runner/.nix-defexpr/channels' does not exist, ignoring
warning: Nix search path entry '/home/runner/.nix-defexpr/channels' does not exist, ignoring
warning: Nix search path entry '/home/runner/.nix-defexpr/channels' does not exist, ignoring
warning: Nix search path entry '/home/runner/.nix-defexpr/channels' does not exist, ignoring
warning: Nix search path entry '/home/runner/.nix-defexpr/channels' does not exist, ignoring
warning: Nix search path entry '/home/runner/.nix-defexpr/channels' does not exist, ignoring
warning: Nix search path entry '/home/runner/.nix-defexpr/channels' does not exist, ignoring
warning: Nix search path entry '/home/runner/.nix-defexpr/channels' does not exist, ignoring
warning: Nix search path entry '/home/runner/.nix-defexpr/channels' does not exist, ignoring
warning: Nix search path entry '/home/runner/.nix-defexpr/channels' does not exist, ignoring
warning: Nix search path entry '/home/runner/.nix-defexpr/channels' does not exist, ignoring
warning: Nix search path entry '/home/runner/.nix-defexpr/channels' does not exist, ignoring
warning: Nix search path entry '/home/runner/.nix-defexpr/channels' does not exist, ignoring
warning: Nix search path entry '/home/runner/.nix-defexpr/channels' does not exist, ignoring
warning: Nix search path entry '/home/runner/.nix-defexpr/channels' does not exist, ignoring
warning: Nix search path entry '/home/runner/.nix-defexpr/channels' does not exist, ignoring
warning: Nix search path entry '/home/runner/.nix-defexpr/channels' does not exist, ignoring
warning: Nix search path entry '/home/runner/.nix-defexpr/channels' does not exist, ignoring
warning: Nix search path entry '/home/runner/.nix-defexpr/channels' does not exist, ignoring
warning: Nix search path entry '/home/runner/.nix-defexpr/channels' does not exist, ignoring
warning: Nix search path entry '/home/runner/.nix-defexpr/channels' does not exist, ignoring
warning: Nix search path entry '/home/runner/.nix-defexpr/channels' does not exist, ignoring
warning: Nix search path entry '/home/runner/.nix-defexpr/channels' does not exist, ignoring
warning: Nix search path entry '/home/runner/.nix-defexpr/channels' does not exist, ignoring
warning: Nix search path entry '/home/runner/.nix-defexpr/channels' does not exist, ignoring
warning: Nix search path entry '/home/runner/.nix-defexpr/channels' does not exist, ignoring
warning: Nix search path entry '/home/runner/.nix-defexpr/channels' does not exist, ignoring
warning: Nix search path entry '/home/runner/.nix-defexpr/channels' does not exist, ignoring
warning: Nix search path entry '/home/runner/.nix-defexpr/channels' does not exist, ignoring
warning: Nix search path entry '/home/runner/.nix-defexpr/channels' does not exist, ignoring
warning: Nix search path entry '/home/runner/.nix-defexpr/channels' does not exist, ignoring
warning: Nix search path entry '/home/runner/.nix-defexpr/channels' does not exist, ignoring
warning: Nix search path entry '/home/runner/.nix-defexpr/channels' does not exist, ignoring
warning: Nix search path entry '/home/runner/.nix-defexpr/channels' does not exist, ignoring
warning: Nix search path entry '/home/runner/.nix-defexpr/channels' does not exist, ignoring
warning: Nix search path entry '/home/runner/.nix-defexpr/channels' does not exist, ignoring
warning: Nix search path entry '/home/runner/.nix-defexpr/channels' does not exist, ignoring
warning: Nix search path entry '/home/runner/.nix-defexpr/channels' does not exist, ignoring
warning: Nix search path entry '/home/runner/.nix-defexpr/channels' does not exist, ignoring
warning: Nix search path entry '/home/runner/.nix-defexpr/channels' does not exist, ignoring
warning: Nix search path entry '/home/runner/.nix-defexpr/channels' does not exist, ignoring
warning: Nix search path entry '/home/runner/.nix-defexpr/channels' does not exist, ignoring
warning: Nix search path entry '/home/runner/.nix-defexpr/channels' does not exist, ignoring
warning: Nix search path entry '/home/runner/.nix-defexpr/channels' does not exist, ignoring
warning: Nix search path entry '/home/runner/.nix-defexpr/channels' does not exist, ignoring
warning: Nix search path entry '/home/runner/.nix-defexpr/channels' does not exist, ignoring
warning: Nix search path entry '/home/runner/.nix-defexpr/channels' does not exist, ignoring
warning: Nix search path entry '/home/runner/.nix-defexpr/channels' does not exist, ignoring
warning: Nix search path entry '/home/runner/.nix-defexpr/channels' does not exist, ignoring
warning: Nix search path entry '/home/runner/.nix-defexpr/channels' does not exist, ignoring
warning: Nix search path entry '/home/runner/.nix-defexpr/channels' does not exist, ignoring
warning: Nix search path entry '/home/runner/.nix-defexpr/channels' does not exist, ignoring
warning: Nix search path entry '/home/runner/.nix-defexpr/channels' does not exist, ignoring
warning: Nix search path entry '/home/runner/.nix-defexpr/channels' does not exist, ignoring
warning: Nix search path entry '/home/runner/.nix-defexpr/channels' does not exist, ignoring
warning: Nix search path entry '/home/runner/.nix-defexpr/channels' does not exist, ignoring
warning: Nix search path entry '/home/runner/.nix-defexpr/channels' does not exist, ignoring
warning: Nix search path entry '/home/runner/.nix-defexpr/channels' does not exist, ignoring
warning: Nix search path entry '/home/runner/.nix-defexpr/channels' does not exist, ignoring
warning: Nix search path entry '/home/runner/.nix-defexpr/channels' does not exist, ignoring
warning: Nix search path entry '/home/runner/.nix-defexpr/channels' does not exist, ignoring
warning: Nix search path entry '/home/runner/.nix-defexpr/channels' does not exist, ignoring
warning: Nix search path entry '/home/runner/.nix-defexpr/channels' does not exist, ignoring
warning: Nix search path entry '/home/runner/.nix-defexpr/channels' does not exist, ignoring
warning: Nix search path entry '/home/runner/.nix-defexpr/channels' does not exist, ignoring
warning: Nix search path entry '/home/runner/.nix-defexpr/channels' does not exist, ignoring
warning: Nix search path entry '/home/runner/.nix-defexpr/channels' does not exist, ignoring
warning: Nix search path entry '/home/runner/.nix-defexpr/channels' does not exist, ignoring
warning: Nix search path entry '/home/runner/.nix-defexpr/channels' does not exist, ignoring
warning: Nix search path entry '/home/runner/.nix-defexpr/channels' does not exist, ignoring
warning: Nix search path entry '/home/runner/.nix-defexpr/channels' does not exist, ignoring
warning: Nix search path entry '/home/runner/.nix-defexpr/channels' does not exist, ignoring
warning: Nix search path entry '/home/runner/.nix-defexpr/channels' does not exist, ignoring
warning: Nix search path entry '/home/runner/.nix-defexpr/channels' does not exist, ignoring
warning: Nix search path entry '/home/runner/.nix-defexpr/channels' does not exist, ignoring
warning: Nix search path entry '/home/runner/.nix-defexpr/channels' does not exist, ignoring
warning: Nix search path entry '/home/runner/.nix-defexpr/channels' does not exist, ignoring
warning: Nix search path entry '/home/runner/.nix-defexpr/channels' does not exist, ignoring
warning: Nix search path entry '/home/runner/.nix-defexpr/channels' does not exist, ignoring
warning: Nix search path entry '/home/runner/.nix-defexpr/channels' does not exist, ignoring
warning: Nix search path entry '/home/runner/.nix-defexpr/channels' does not exist, ignoring
warning: Nix search path entry '/home/runner/.nix-defexpr/channels' does not exist, ignoring
warning: Nix search path entry '/home/runner/.nix-defexpr/channels' does not exist, ignoring
warning: Nix search path entry '/home/runner/.nix-defexpr/channels' does not exist, ignoring
warning: Nix search path entry '/home/runner/.nix-defexpr/channels' does not exist, ignoring
warning: Nix search path entry '/home/runner/.nix-defexpr/channels' does not exist, ignoring
warning: Nix search path entry '/home/runner/.nix-defexpr/channels' does not exist, ignoring
warning: Nix search path entry '/home/runner/.nix-defexpr/channels' does not exist, ignoring
warning: Nix search path entry '/home/runner/.nix-defexpr/channels' does not exist, ignoring
warning: Nix search path entry '/home/runner/.nix-defexpr/channels' does not exist, ignoring
warning: Nix search path entry '/home/runner/.nix-defexpr/channels' does not exist, ignoring
warning: Nix search path entry '/home/runner/.nix-defexpr/channels' does not exist, ignoring
warning: Nix search path entry '/home/runner/.nix-defexpr/channels' does not exist, ignoring
warning: Nix search path entry '/home/runner/.nix-defexpr/channels' does not exist, ignoring
warning: Nix search path entry '/home/runner/.nix-defexpr/channels' does not exist, ignoring
warning: Nix search path entry '/home/runner/.nix-defexpr/channels' does not exist, ignoring
warning: Nix search path entry '/home/runner/.nix-defexpr/channels' does not exist, ignoring
warning: Nix search path entry '/home/runner/.nix-defexpr/channels' does not exist, ignoring
warning: Nix search path entry '/home/runner/.nix-defexpr/channels' does not exist, ignoring
warning: Nix search path entry '/home/runner/.nix-defexpr/channels' does not exist, ignoring
warning: Nix search path entry '/home/runner/.nix-defexpr/channels' does not exist, ignoring
warning: Nix search path entry '/home/runner/.nix-defexpr/channels' does not exist, ignoring
warning: Nix search path entry '/home/runner/.nix-defexpr/channels' does not exist, ignoring
warning: Nix search path entry '/home/runner/.nix-defexpr/channels' does not exist, ignoring
warning: Nix search path entry '/home/runner/.nix-defexpr/channels' does not exist, ignoring
warning: Nix search path entry '/home/runner/.nix-defexpr/channels' does not exist, ignoring
warning: Nix search path entry '/home/runner/.nix-defexpr/channels' does not exist, ignoring
warning: Nix search path entry '/home/runner/.nix-defexpr/channels' does not exist, ignoring
warning: Nix search path entry '/home/runner/.nix-defexpr/channels' does not exist, ignoring
warning: Nix search path entry '/home/runner/.nix-defexpr/channels' does not exist, ignoring
warning: Nix search path entry '/home/runner/.nix-defexpr/channels' does not exist, ignoring
warning: Nix search path entry '/home/runner/.nix-defexpr/channels' does not exist, ignoring
warning: Nix search path entry '/home/runner/.nix-defexpr/channels' does not exist, ignoring
warning: Nix search path entry '/home/runner/.nix-defexpr/channels' does not exist, ignoring
warning: Nix search path entry '/home/runner/.nix-defexpr/channels' does not exist, ignoring
warning: Nix search path entry '/home/runner/.nix-defexpr/channels' does not exist, ignoring
warning: Nix search path entry '/home/runner/.nix-defexpr/channels' does not exist, ignoring
warning: Nix search path entry '/home/runner/.nix-defexpr/channels' does not exist, ignoring
warning: Nix search path entry '/home/runner/.nix-defexpr/channels' does not exist, ignoring
warning: Nix search path entry '/home/runner/.nix-defexpr/channels' does not exist, ignoring
warning: Nix search path entry '/home/runner/.nix-defexpr/channels' does not exist, ignoring
warning: Nix search path entry '/home/runner/.nix-defexpr/channels' does not exist, ignoring
warning: Nix search path entry '/home/runner/.nix-defexpr/channels' does not exist, ignoring
warning: Nix search path entry '/home/runner/.nix-defexpr/channels' does not exist, ignoring
warning: Nix search path entry '/home/runner/.nix-defexpr/channels' does not exist, ignoring
warning: Nix search path entry '/home/runner/.nix-defexpr/channels' does not exist, ignoring
warning: Nix search path entry '/home/runner/.nix-defexpr/channels' does not exist, ignoring
warning: Nix search path entry '/home/runner/.nix-defexpr/channels' does not exist, ignoring
warning: Nix search path entry '/home/runner/.nix-defexpr/channels' does not exist, ignoring
warning: Nix search path entry '/home/runner/.nix-defexpr/channels' does not exist, ignoring
warning: Nix search path entry '/home/runner/.nix-defexpr/channels' does not exist, ignoring
warning: Nix search path entry '/home/runner/.nix-defexpr/channels' does not exist, ignoring
warning: Nix search path entry '/home/runner/.nix-defexpr/channels' does not exist, ignoring
warning: Nix search path entry '/home/runner/.nix-defexpr/channels' does not exist, ignoring
warning: Nix search path entry '/home/runner/.nix-defexpr/channels' does not exist, ignoring
warning: Nix search path entry '/home/runner/.nix-defexpr/channels' does not exist, ignoring
warning: Nix search path entry '/home/runner/.nix-defexpr/channels' does not exist, ignoring
warning: Nix search path entry '/home/runner/.nix-defexpr/channels' does not exist, ignoring
warning: Nix search path entry '/home/runner/.nix-defexpr/channels' does not exist, ignoring
warning: Nix search path entry '/home/runner/.nix-defexpr/channels' does not exist, ignoring
warning: Nix search path entry '/home/runner/.nix-defexpr/channels' does not exist, ignoring
warning: Nix search path entry '/home/runner/.nix-defexpr/channels' does not exist, ignoring
warning: Nix search path entry '/home/runner/.nix-defexpr/channels' does not exist, ignoring
warning: Nix search path entry '/home/runner/.nix-defexpr/channels' does not exist, ignoring
warning: Nix search path entry '/home/runner/.nix-defexpr/channels' does not exist, ignoring
warning: Nix search path entry '/home/runner/.nix-defexpr/channels' does not exist, ignoring
warning: Nix search path entry '/home/runner/.nix-defexpr/channels' does not exist, ignoring
warning: Nix search path entry '/home/runner/.nix-defexpr/channels' does not exist, ignoring
warning: Nix search path entry '/home/runner/.nix-defexpr/channels' does not exist, ignoring
warning: Nix search path entry '/home/runner/.nix-defexpr/channels' does not exist, ignoring
warning: Nix search path entry '/home/runner/.nix-defexpr/channels' does not exist, ignoring
warning: Nix search path entry '/home/runner/.nix-defexpr/channels' does not exist, ignoring
warning: Nix search path entry '/home/runner/.nix-defexpr/channels' does not exist, ignoring
warning: Nix search path entry '/home/runner/.nix-defexpr/channels' does not exist, ignoring
warning: Nix search path entry '/home/runner/.nix-defexpr/channels' does not exist, ignoring
warning: Nix search path entry '/home/runner/.nix-defexpr/channels' does not exist, ignoring
warning: Nix search path entry '/home/runner/.nix-defexpr/channels' does not exist, ignoring
warning: Nix search path entry '/home/runner/.nix-defexpr/channels' does not exist, ignoring
warning: Nix search path entry '/home/runner/.nix-defexpr/channels' does not exist, ignoring
warning: Nix search path entry '/home/runner/.nix-defexpr/channels' does not exist, ignoring
warning: Nix search path entry '/home/runner/.nix-defexpr/channels' does not exist, ignoring
warning: Nix search path entry '/home/runner/.nix-defexpr/channels' does not exist, ignoring
warning: Nix search path entry '/home/runner/.nix-defexpr/channels' does not exist, ignoring
warning: Nix search path entry '/home/runner/.nix-defexpr/channels' does not exist, ignoring
warning: Nix search path entry '/home/runner/.nix-defexpr/channels' does not exist, ignoring
warning: Nix search path entry '/home/runner/.nix-defexpr/channels' does not exist, ignoring
warning: Nix search path entry '/home/runner/.nix-defexpr/channels' does not exist, ignoring
warning: Nix search path entry '/home/runner/.nix-defexpr/channels' does not exist, ignoring
warning: Nix search path entry '/home/runner/.nix-defexpr/channels' does not exist, ignoring
warning: Nix search path entry '/home/runner/.nix-defexpr/channels' does not exist, ignoring
warning: Nix search path entry '/home/runner/.nix-defexpr/channels' does not exist, ignoring
warning: Nix search path entry '/home/runner/.nix-defexpr/channels' does not exist, ignoring
warning: Nix search path entry '/home/runner/.nix-defexpr/channels' does not exist, ignoring
warning: Nix search path entry '/home/runner/.nix-defexpr/channels' does not exist, ignoring
warning: Nix search path entry '/home/runner/.nix-defexpr/channels' does not exist, ignoring
warning: Nix search path entry '/home/runner/.nix-defexpr/channels' does not exist, ignoring
warning: Nix search path entry '/home/runner/.nix-defexpr/channels' does not exist, ignoring
warning: Nix search path entry '/home/runner/.nix-defexpr/channels' does not exist, ignoring
warning: Nix search path entry '/home/runner/.nix-defexpr/channels' does not exist, ignoring
warning: Nix search path entry '/home/runner/.nix-defexpr/channels' does not exist, ignoring
warning: Nix search path entry '/home/runner/.nix-defexpr/channels' does not exist, ignoring
warning: Nix search path entry '/home/runner/.nix-defexpr/channels' does not exist, ignoring
warning: Nix search path entry '/home/runner/.nix-defexpr/channels' does not exist, ignoring
warning: Nix search path entry '/home/runner/.nix-defexpr/channels' does not exist, ignoring
warning: Nix search path entry '/home/runner/.nix-defexpr/channels' does not exist, ignoring
warning: Nix search path entry '/home/runner/.nix-defexpr/channels' does not exist, ignoring
warning: Nix search path entry '/home/runner/.nix-defexpr/channels' does not exist, ignoring
warning: Nix search path entry '/home/runner/.nix-defexpr/channels' does not exist, ignoring
warning: Nix search path entry '/home/runner/.nix-defexpr/channels' does not exist, ignoring
warning: Nix search path entry '/home/runner/.nix-defexpr/channels' does not exist, ignoring
warning: Nix search path entry '/home/runner/.nix-defexpr/channels' does not exist, ignoring
warning: Nix search path entry '/home/runner/.nix-defexpr/channels' does not exist, ignoring
warning: Nix search path entry '/home/runner/.nix-defexpr/channels' does not exist, ignoring
warning: Nix search path entry '/home/runner/.nix-defexpr/channels' does not exist, ignoring
warning: Nix search path entry '/home/runner/.nix-defexpr/channels' does not exist, ignoring
warning: Nix search path entry '/home/runner/.nix-defexpr/channels' does not exist, ignoring
warning: Nix search path entry '/home/runner/.nix-defexpr/channels' does not exist, ignoring
warning: Nix search path entry '/home/runner/.nix-defexpr/channels' does not exist, ignoring
warning: Nix search path entry '/home/runner/.nix-defexpr/channels' does not exist, ignoring
warning: Nix search path entry '/home/runner/.nix-defexpr/channels' does not exist, ignoring
warning: Nix search path entry '/home/runner/.nix-defexpr/channels' does not exist, ignoring
warning: Nix search path entry '/home/runner/.nix-defexpr/channels' does not exist, ignoring
warning: Nix search path entry '/home/runner/.nix-defexpr/channels' does not exist, ignoring
warning: Nix search path entry '/home/runner/.nix-defexpr/channels' does not exist, ignoring
warning: Nix search path entry '/home/runner/.nix-defexpr/channels' does not exist, ignoring
warning: Nix search path entry '/home/runner/.nix-defexpr/channels' does not exist, ignoring
warning: Nix search path entry '/home/runner/.nix-defexpr/channels' does not exist, ignoring
warning: Nix search path entry '/home/runner/.nix-defexpr/channels' does not exist, ignoring
warning: Nix search path entry '/home/runner/.nix-defexpr/channels' does not exist, ignoring
warning: Nix search path entry '/home/runner/.nix-defexpr/channels' does not exist, ignoring
warning: Nix search path entry '/home/runner/.nix-defexpr/channels' does not exist, ignoring
warning: Nix search path entry '/home/runner/.nix-defexpr/channels' does not exist, ignoring
warning: Nix search path entry '/home/runner/.nix-defexpr/channels' does not exist, ignoring
warning: Nix search path entry '/home/runner/.nix-defexpr/channels' does not exist, ignoring
warning: Nix search path entry '/home/runner/.nix-defexpr/channels' does not exist, ignoring
warning: Nix search path entry '/home/runner/.nix-defexpr/channels' does not exist, ignoring
warning: Nix search path entry '/home/runner/.nix-defexpr/channels' does not exist, ignoring
warning: Nix search path entry '/home/runner/.nix-defexpr/channels' does not exist, ignoring
warning: Nix search path entry '/home/runner/.nix-defexpr/channels' does not exist, ignoring
warning: Nix search path entry '/home/runner/.nix-defexpr/channels' does not exist, ignoring
warning: Nix search path entry '/home/runner/.nix-defexpr/channels' does not exist, ignoring
warning: Nix search path entry '/home/runner/.nix-defexpr/channels' does not exist, ignoring
warning: Nix search path entry '/home/runner/.nix-defexpr/channels' does not exist, ignoring
warning: Nix search path entry '/home/runner/.nix-defexpr/channels' does not exist, ignoring
warning: Nix search path entry '/home/runner/.nix-defexpr/channels' does not exist, ignoring
warning: Nix search path entry '/home/runner/.nix-defexpr/channels' does not exist, ignoring
warning: Nix search path entry '/home/runner/.nix-defexpr/channels' does not exist, ignoring
warning: Nix search path entry '/home/runner/.nix-defexpr/channels' does not exist, ignoring
warning: Nix search path entry '/home/runner/.nix-defexpr/channels' does not exist, ignoring
warning: Nix search path entry '/home/runner/.nix-defexpr/channels' does not exist, ignoring
warning: Nix search path entry '/home/runner/.nix-defexpr/channels' does not exist, ignoring
warning: Nix search path entry '/home/runner/.nix-defexpr/channels' does not exist, ignoring
warning: Nix search path entry '/home/runner/.nix-defexpr/channels' does not exist, ignoring
warning: Nix search path entry '/home/runner/.nix-defexpr/channels' does not exist, ignoring
warning: Nix search path entry '/home/runner/.nix-defexpr/channels' does not exist, ignoring
warning: Nix search path entry '/home/runner/.nix-defexpr/channels' does not exist, ignoring
warning: Nix search path entry '/home/runner/.nix-defexpr/channels' does not exist, ignoring
warning: Nix search path entry '/home/runner/.nix-defexpr/channels' does not exist, ignoring
warning: Nix search path entry '/home/runner/.nix-defexpr/channels' does not exist, ignoring
warning: Nix search path entry '/home/runner/.nix-defexpr/channels' does not exist, ignoring
warning: Nix search path entry '/home/runner/.nix-defexpr/channels' does not exist, ignoring
warning: Nix search path entry '/home/runner/.nix-defexpr/channels' does not exist, ignoring
warning: Nix search path entry '/home/runner/.nix-defexpr/channels' does not exist, ignoring
warning: Nix search path entry '/home/runner/.nix-defexpr/channels' does not exist, ignoring
error:
       … while calling the 'derivationStrict' builtin
         at <nix/derivation-internal.nix>:37:12:
           36|
           37|   strict = derivationStrict drvAttrs;
             |            ^
           38|

       … while evaluating derivation 'nix-shell'
         whose name attribute is located at /nix/store/1mcn9bng43xsp4lqb781g12986bhqvfd-source/pkgs/stdenv/generic/make-derivation.nix:375:7

       … while evaluating attribute 'buildInputs' of derivation 'nix-shell'
         at /nix/store/1mcn9bng43xsp4lqb781g12986bhqvfd-source/pkgs/stdenv/generic/make-derivation.nix:422:7:
          421|       depsHostHost                = elemAt (elemAt dependencies 1) 0;
          422|       buildInputs                 = elemAt (elemAt dependencies 1) 1;
             |       ^
          423|       depsTargetTarget            = elemAt (elemAt dependencies 2) 0;

       (stack trace truncated; use '--show-trace' to show the full, detailed trace)

       error: attribute 'VR' missing
       at /home/runner/work/build_rPackages/build_rPackages/default.nix:283:7:
          282|       UsingR
          283|       VR
             |       ^
          284|       VineCopula
       Did you mean one of AR, CVR, ER, MVR or PVR?
