* removing ‘/nix/store/vqyxx35an7a9fblx821sh79n8mmx2wm3-r-ROracle-1.3-1.1/library/ROracle’
       > * removing ‘/nix/store/vqyxx35an7a9fblx821sh79n8mmx2wm3-r-ROracle-1.3-1.1/library/ROracle’
* removing ‘/nix/store/4imsn7dlk8f27y386lgpdpa6c4zypn2q-r-aplpack-1.3.5/library/aplpack’
       > * removing ‘/nix/store/4imsn7dlk8f27y386lgpdpa6c4zypn2q-r-aplpack-1.3.5/library/aplpack’
* removing ‘/nix/store/9mx3jz49bk5lsbpyagnk8i6b7x8pshrj-r-RcppPlanc-2.0.12/library/RcppPlanc’
       > * removing ‘/nix/store/9mx3jz49bk5lsbpyagnk8i6b7x8pshrj-r-RcppPlanc-2.0.12/library/RcppPlanc’
* removing ‘/nix/store/zsy5nnxf02kkpswydmq1hnwjdy7jdbqr-r-mongolite-4.0.0/library/mongolite’
       > * removing ‘/nix/store/zsy5nnxf02kkpswydmq1hnwjdy7jdbqr-r-mongolite-4.0.0/library/mongolite’
removing debugging flags
* removing ‘/nix/store/13lgf2bcw878732r6wy6adkvdvyvx4k7-r-pdftools-3.5.0/library/pdftools’
       > * removing ‘/nix/store/13lgf2bcw878732r6wy6adkvdvyvx4k7-r-pdftools-3.5.0/library/pdftools’
* removing ‘/nix/store/sgrq0w7al0nv29fwjg21a6hvcxg1ahhd-r-cem-1.1.31/library/cem’
       > * removing ‘/nix/store/sgrq0w7al0nv29fwjg21a6hvcxg1ahhd-r-cem-1.1.31/library/cem’
* removing ‘/nix/store/r5yr738ga9swpq6zbzrcb063v7wyzpmp-r-XLConnect-1.2.2/library/XLConnect’
       > * removing ‘/nix/store/r5yr738ga9swpq6zbzrcb063v7wyzpmp-r-XLConnect-1.2.2/library/XLConnect’
* removing ‘/nix/store/z18v4nvl0d46f5p4amlafmpvba5nyikq-r-enrichR-3.4/library/enrichR’
       > * removing ‘/nix/store/z18v4nvl0d46f5p4amlafmpvba5nyikq-r-enrichR-3.4/library/enrichR’
* removing ‘/nix/store/v07dgb2pblwzimmcksp7jmwv06shvhqv-r-geoR-1.9-5/library/geoR’
       > * removing ‘/nix/store/v07dgb2pblwzimmcksp7jmwv06shvhqv-r-geoR-1.9-5/library/geoR’
* removing ‘/nix/store/1vw09zyk9gri9wvc9kk8ifffc0zfc6lr-r-Factoshiny-2.7/library/Factoshiny’
       > * removing ‘/nix/store/1vw09zyk9gri9wvc9kk8ifffc0zfc6lr-r-Factoshiny-2.7/library/Factoshiny’
* removing ‘/nix/store/vvdifmxkqx9w5y244b7yhi95y5gvdkib-r-tcltk2-1.6.1/library/tcltk2’
       > * removing ‘/nix/store/vvdifmxkqx9w5y244b7yhi95y5gvdkib-r-tcltk2-1.6.1/library/tcltk2’
* removing ‘/nix/store/bmdar15v1xfwzaz4n8fq9i6aavq0xfi4-r-tkrplot-0.0-30/library/tkrplot’
       > * removing ‘/nix/store/bmdar15v1xfwzaz4n8fq9i6aavq0xfi4-r-tkrplot-0.0-30/library/tkrplot’
* removing ‘/nix/store/l2mnl2cdn4p5hwa98f32rkybg79jw5z5-r-gsubfn-0.7/library/gsubfn’
       > * removing ‘/nix/store/l2mnl2cdn4p5hwa98f32rkybg79jw5z5-r-gsubfn-0.7/library/gsubfn’
