* removing ‘/nix/store/plb7kmkcd6mpj72p9m6vhnqh2sh0cs2g-r-ROracle-1.3-1.1/library/ROracle’
       > * removing ‘/nix/store/plb7kmkcd6mpj72p9m6vhnqh2sh0cs2g-r-ROracle-1.3-1.1/library/ROracle’
* removing ‘/nix/store/iazhsn9lfvrjwfzhyzxlsk0f7gn0x57b-r-aplpack-1.3.5/library/aplpack’
       > * removing ‘/nix/store/iazhsn9lfvrjwfzhyzxlsk0f7gn0x57b-r-aplpack-1.3.5/library/aplpack’
* removing ‘/nix/store/6vfv1xk6qkgyp7i8nlhbqmpwgykvy9xx-r-baseline-1.3-7/library/baseline’
       > * removing ‘/nix/store/6vfv1xk6qkgyp7i8nlhbqmpwgykvy9xx-r-baseline-1.3-7/library/baseline’
* removing ‘/nix/store/ga72cv7j24l9415xz39mp2lg2nm8xn1g-r-misc3d-0.9-1/library/misc3d’
       > * removing ‘/nix/store/ga72cv7j24l9415xz39mp2lg2nm8xn1g-r-misc3d-0.9-1/library/misc3d’
* removing ‘/nix/store/1r9kbph54djap8y6bggpwhzgzakidgc9-r-XLConnect-1.2.2/library/XLConnect’
       > * removing ‘/nix/store/1r9kbph54djap8y6bggpwhzgzakidgc9-r-XLConnect-1.2.2/library/XLConnect’
* removing ‘/nix/store/qkdjpxl2ffls6gc06wnkdppa647gihda-r-cem-1.1.31/library/cem’
       > * removing ‘/nix/store/qkdjpxl2ffls6gc06wnkdppa647gihda-r-cem-1.1.31/library/cem’
* removing ‘/nix/store/kyd6n1zvvm30z6z4r9jxi4bnkkny85p7-r-geoR-1.9-5/library/geoR’
       > * removing ‘/nix/store/kyd6n1zvvm30z6z4r9jxi4bnkkny85p7-r-geoR-1.9-5/library/geoR’
* removing ‘/nix/store/g0g4zw3pay1727gmc3i8rdq684hmmim7-r-mongolite-4.0.0/library/mongolite’
       > * removing ‘/nix/store/g0g4zw3pay1727gmc3i8rdq684hmmim7-r-mongolite-4.0.0/library/mongolite’
* removing ‘/nix/store/bl24037gjsvaf29jnnnx5p3mh96aab3z-r-pdftools-3.5.0/library/pdftools’
       > * removing ‘/nix/store/bl24037gjsvaf29jnnnx5p3mh96aab3z-r-pdftools-3.5.0/library/pdftools’
removing debugging flags
* removing ‘/nix/store/2is7l68yqz2y8iv61dx4di3fmfx88f4w-r-enrichR-3.4/library/enrichR’
       > * removing ‘/nix/store/2is7l68yqz2y8iv61dx4di3fmfx88f4w-r-enrichR-3.4/library/enrichR’
* removing ‘/nix/store/m6bj4y1jchls92cmzlbxdg29h9zlx1q7-r-RcppPlanc-2.0.12/library/RcppPlanc’
       > * removing ‘/nix/store/m6bj4y1jchls92cmzlbxdg29h9zlx1q7-r-RcppPlanc-2.0.12/library/RcppPlanc’
* removing ‘/nix/store/d8asagwx5rwg2aqfb8s5p1shxq8sw88l-r-Factoshiny-2.7/library/Factoshiny’
       > * removing ‘/nix/store/d8asagwx5rwg2aqfb8s5p1shxq8sw88l-r-Factoshiny-2.7/library/Factoshiny’
* removing ‘/nix/store/kxyna5p7bcrlkvn8crfsq5mhs16x4wd6-r-tcltk2-1.6.1/library/tcltk2’
       > * removing ‘/nix/store/kxyna5p7bcrlkvn8crfsq5mhs16x4wd6-r-tcltk2-1.6.1/library/tcltk2’
* removing ‘/nix/store/hmp8a7sqqg7zrjqp6glmadcygd6rlldv-r-tkrplot-0.0-30/library/tkrplot’
       > * removing ‘/nix/store/hmp8a7sqqg7zrjqp6glmadcygd6rlldv-r-tkrplot-0.0-30/library/tkrplot’
* removing ‘/nix/store/381rp2hkmzxyc1r58cv4c5vp1q9jpj6l-r-BAT-2.10.0/library/BAT’
       > * removing ‘/nix/store/381rp2hkmzxyc1r58cv4c5vp1q9jpj6l-r-BAT-2.10.0/library/BAT’
* removing ‘/nix/store/89gfz5lyzxyd6pm9d5k9xs42ph013nis-r-gsubfn-0.7/library/gsubfn’
       > * removing ‘/nix/store/89gfz5lyzxyd6pm9d5k9xs42ph013nis-r-gsubfn-0.7/library/gsubfn’
