* removing ‘/nix/store/ira8lwdy0vhxas3wzkg3wch4ymbhrqcq-r-git2r-0.36.2/library/git2r’
       > * removing ‘/nix/store/ira8lwdy0vhxas3wzkg3wch4ymbhrqcq-r-git2r-0.36.2/library/git2r’
➤ @nx-nx-darwin-x64-npm-16.10.0-eb5d2a86dd-8.zip appears to be unused - removing
➤ @nx-nx-darwin-x64-npm-16.10.0-eb5d2a86dd-8.zip appears to be unused - removing
➤ @nx-nx-freebsd-x64-npm-16.10.0-4e12422563-8.zip appears to be unused - removing
➤ @nx-nx-darwin-x64-npm-16.10.0-eb5d2a86dd-8.zip appears to be unused - removing
➤ @nx-nx-freebsd-x64-npm-16.10.0-4e12422563-8.zip appears to be unused - removing
➤ @nx-nx-linux-arm-gnueabihf-npm-16.10.0-4af91811d2-8.zip appears to be unused - removing
➤ @nx-nx-darwin-x64-npm-16.10.0-eb5d2a86dd-8.zip appears to be unused - removing
➤ @nx-nx-freebsd-x64-npm-16.10.0-4e12422563-8.zip appears to be unused - removing
➤ @nx-nx-linux-arm-gnueabihf-npm-16.10.0-4af91811d2-8.zip appears to be unused - removing
➤ @nx-nx-linux-arm64-gnu-npm-16.10.0-66d6548118-8.zip appears to be unused - removing
➤ @nx-nx-darwin-x64-npm-16.10.0-eb5d2a86dd-8.zip appears to be unused - removing
➤ @nx-nx-freebsd-x64-npm-16.10.0-4e12422563-8.zip appears to be unused - removing
➤ @nx-nx-linux-arm-gnueabihf-npm-16.10.0-4af91811d2-8.zip appears to be unused - removing
➤ @nx-nx-linux-arm64-gnu-npm-16.10.0-66d6548118-8.zip appears to be unused - removing
➤ @nx-nx-linux-arm64-musl-npm-16.10.0-13d42bb0be-8.zip appears to be unused - removing
➤ @nx-nx-freebsd-x64-npm-16.10.0-4e12422563-8.zip appears to be unused - removing
➤ @nx-nx-linux-arm-gnueabihf-npm-16.10.0-4af91811d2-8.zip appears to be unused - removing
➤ @nx-nx-linux-arm64-gnu-npm-16.10.0-66d6548118-8.zip appears to be unused - removing
➤ @nx-nx-linux-arm64-musl-npm-16.10.0-13d42bb0be-8.zip appears to be unused - removing
➤ @nx-nx-linux-x64-gnu-npm-16.10.0-0f7f7e3e4b-8.zip appears to be unused - removing
➤ @nx-nx-linux-arm-gnueabihf-npm-16.10.0-4af91811d2-8.zip appears to be unused - removing
➤ @nx-nx-linux-arm64-gnu-npm-16.10.0-66d6548118-8.zip appears to be unused - removing
➤ @nx-nx-linux-arm64-musl-npm-16.10.0-13d42bb0be-8.zip appears to be unused - removing
➤ @nx-nx-linux-x64-gnu-npm-16.10.0-0f7f7e3e4b-8.zip appears to be unused - removing
➤ @nx-nx-linux-x64-musl-npm-16.10.0-c249c058fe-8.zip appears to be unused - removing
➤ @nx-nx-linux-arm64-gnu-npm-16.10.0-66d6548118-8.zip appears to be unused - removing
➤ @nx-nx-linux-arm64-musl-npm-16.10.0-13d42bb0be-8.zip appears to be unused - removing
➤ @nx-nx-linux-x64-gnu-npm-16.10.0-0f7f7e3e4b-8.zip appears to be unused - removing
➤ @nx-nx-linux-x64-musl-npm-16.10.0-c249c058fe-8.zip appears to be unused - removing
➤ @nx-nx-win32-arm64-msvc-npm-16.10.0-4c8bfd2edd-8.zip appears to be unused - removing
➤ @nx-nx-linux-arm64-musl-npm-16.10.0-13d42bb0be-8.zip appears to be unused - removing
➤ @nx-nx-linux-x64-gnu-npm-16.10.0-0f7f7e3e4b-8.zip appears to be unused - removing
➤ @nx-nx-linux-x64-musl-npm-16.10.0-c249c058fe-8.zip appears to be unused - removing
➤ @nx-nx-win32-arm64-msvc-npm-16.10.0-4c8bfd2edd-8.zip appears to be unused - removing
➤ @nx-nx-win32-x64-msvc-npm-16.10.0-acff5f6c4e-8.zip appears to be unused - removing
➤ typescript-patch-e8424f5ae6-e14c87e8bd.zip appears to be unused - removing
        Please consider removing the following classifiers in favor of a SPDX license expression:
        Please consider removing the following classifiers in favor of a SPDX license expression:
removing build/bdist.macosx-11.3-arm64/wheel
        Please consider removing the following classifiers in favor of a SPDX license expression:
        Please consider removing the following classifiers in favor of a SPDX license expression:
        Please consider removing the following classifiers in favor of a SPDX license expression:
        Please consider removing the following classifiers in favor of a SPDX license expression:
