* removing '/nix/store/2i29w7j16373gjcf3a7zwdinj09h9x3k-r-ROracle-1.3-1.1/library/ROracle'
       > * removing '/nix/store/2i29w7j16373gjcf3a7zwdinj09h9x3k-r-ROracle-1.3-1.1/library/ROracle'
* removing '/nix/store/il45rdkpwy7cac28r121y4z87r4agfi8-r-Rmpi-0.7-3.3/library/Rmpi'
       > * removing '/nix/store/il45rdkpwy7cac28r121y4z87r4agfi8-r-Rmpi-0.7-3.3/library/Rmpi'
* removing '/nix/store/2h8lm3plpg48dvanq7x7liyj3w6hrx00-r-arcgisplaces-0.1.2/library/arcgisplaces'
       > * removing '/nix/store/2h8lm3plpg48dvanq7x7liyj3w6hrx00-r-arcgisplaces-0.1.2/library/arcgisplaces'
* removing '/nix/store/9lp8qq2rgpld47wjjhnrpijhhn2fp2qp-r-fio-0.1.6/library/fio'
       > * removing '/nix/store/9lp8qq2rgpld47wjjhnrpijhhn2fp2qp-r-fio-0.1.6/library/fio'
* removing '/nix/store/xxwi0pyxniix5gpc978nplggcqs71r7c-r-littler-0.3.21/library/littler'
       > * removing '/nix/store/xxwi0pyxniix5gpc978nplggcqs71r7c-r-littler-0.3.21/library/littler'
* removing '/nix/store/f6b7icd481pakxwbi4v3s0cq4xk2gm76-r-asciicast-2.3.1/library/asciicast'
       > * removing '/nix/store/f6b7icd481pakxwbi4v3s0cq4xk2gm76-r-asciicast-2.3.1/library/asciicast'
* removing '/nix/store/dfkaj4gqzi08k1qwil7h048cad6j66vd-r-nanonext-1.5.2/library/nanonext'
       > * removing '/nix/store/dfkaj4gqzi08k1qwil7h048cad6j66vd-r-nanonext-1.5.2/library/nanonext'
removing debugging flags
* removing '/nix/store/qbvgb5x2crnj2j50ghf4fba2bvm5amrw-r-rJava-1.0-11/library/rJava'
       > * removing '/nix/store/qbvgb5x2crnj2j50ghf4fba2bvm5amrw-r-rJava-1.0-11/library/rJava'
* removing '/nix/store/grpx43ycbdw508gyb1ykwjbdq8iaflip-r-rshift-3.1.2/library/rshift'
       > * removing '/nix/store/grpx43ycbdw508gyb1ykwjbdq8iaflip-r-rshift-3.1.2/library/rshift'
* removing '/nix/store/aaqwkc6clpmp5c2f77n3bbqaqs7hi4xa-r-ymd-0.1.5/library/ymd'
       > * removing '/nix/store/aaqwkc6clpmp5c2f77n3bbqaqs7hi4xa-r-ymd-0.1.5/library/ymd'
