* removing '/nix/store/2i29w7j16373gjcf3a7zwdinj09h9x3k-r-ROracle-1.3-1.1/library/ROracle'
       > * removing '/nix/store/2i29w7j16373gjcf3a7zwdinj09h9x3k-r-ROracle-1.3-1.1/library/ROracle'
* removing '/nix/store/asp8xd9gkd7lgxxvk3rw89r01vjx4if8-r-Rblpapi-0.3.16/library/Rblpapi'
       > * removing '/nix/store/asp8xd9gkd7lgxxvk3rw89r01vjx4if8-r-Rblpapi-0.3.16/library/Rblpapi'
* removing '/nix/store/l4b94hgkw9xxhc55hw59cankjj3qvbq7-r-Rmpi-0.7-3.3/library/Rmpi'
       > * removing '/nix/store/l4b94hgkw9xxhc55hw59cankjj3qvbq7-r-Rmpi-0.7-3.3/library/Rmpi'
* removing '/nix/store/4hm2ylwfz9771v9ywd80rdlxx0dq6dwn-r-arcgisplaces-0.1.2/library/arcgisplaces'
       > * removing '/nix/store/4hm2ylwfz9771v9ywd80rdlxx0dq6dwn-r-arcgisplaces-0.1.2/library/arcgisplaces'
* removing '/nix/store/xha8rx43x3s2ky2q7fxyiwnmwys9c4fi-r-brotli-1.3.2/library/brotli'
       > * removing '/nix/store/xha8rx43x3s2ky2q7fxyiwnmwys9c4fi-r-brotli-1.3.2/library/brotli'
* removing '/nix/store/k958xh1i52r1a04bz0hn2q70dh6f9lqs-r-fio-0.1.6/library/fio'
       > * removing '/nix/store/k958xh1i52r1a04bz0hn2q70dh6f9lqs-r-fio-0.1.6/library/fio'
* removing '/nix/store/xxwi0pyxniix5gpc978nplggcqs71r7c-r-littler-0.3.21/library/littler'
       > * removing '/nix/store/xxwi0pyxniix5gpc978nplggcqs71r7c-r-littler-0.3.21/library/littler'
* removing '/nix/store/dfkaj4gqzi08k1qwil7h048cad6j66vd-r-nanonext-1.5.2/library/nanonext'
       > * removing '/nix/store/dfkaj4gqzi08k1qwil7h048cad6j66vd-r-nanonext-1.5.2/library/nanonext'
removing debugging flags
* removing '/nix/store/qbvgb5x2crnj2j50ghf4fba2bvm5amrw-r-rJava-1.0-11/library/rJava'
       > * removing '/nix/store/qbvgb5x2crnj2j50ghf4fba2bvm5amrw-r-rJava-1.0-11/library/rJava'
* removing '/nix/store/www0110wrlp97kn7c5xffbwvpmwvzsgz-r-rshift-3.1.2/library/rshift'
       > * removing '/nix/store/www0110wrlp97kn7c5xffbwvpmwvzsgz-r-rshift-3.1.2/library/rshift'
* removing '/nix/store/kih3q8ay0ghrhxmpr8ili3aqx2yr6m9a-r-sdmTMB-0.7.0/library/sdmTMB'
       > * removing '/nix/store/kih3q8ay0ghrhxmpr8ili3aqx2yr6m9a-r-sdmTMB-0.7.0/library/sdmTMB'
* removing '/nix/store/fwwzsmkjdpirrf18qhl8bwqvwf9yr5kp-r-secr-5.2.1/library/secr'
       > * removing '/nix/store/fwwzsmkjdpirrf18qhl8bwqvwf9yr5kp-r-secr-5.2.1/library/secr'
* removing '/nix/store/zlrbzblhp4psp6bjqkr6z3mnq2pb0qcs-r-Seurat-5.2.1/library/Seurat'
       > * removing '/nix/store/zlrbzblhp4psp6bjqkr6z3mnq2pb0qcs-r-Seurat-5.2.1/library/Seurat'
* removing '/nix/store/3a7hzv1ng9m3b2ld9avnyd9d5b75iwvp-r-ssdtools-2.3.0/library/ssdtools'
       > * removing '/nix/store/3a7hzv1ng9m3b2ld9avnyd9d5b75iwvp-r-ssdtools-2.3.0/library/ssdtools'
* removing '/nix/store/rpir1xxhjk5ip3mh1z8vxbmwf62j8s2y-r-timeSeries-4041.111/library/timeSeries'
       > * removing '/nix/store/rpir1xxhjk5ip3mh1z8vxbmwf62j8s2y-r-timeSeries-4041.111/library/timeSeries'
* removing '/nix/store/f8m8w8mb0j4ac25x7yi2cya2ypmrcfv4-r-tidycensus-1.7.1/library/tidycensus'
       > * removing '/nix/store/f8m8w8mb0j4ac25x7yi2cya2ypmrcfv4-r-tidycensus-1.7.1/library/tidycensus'
* removing '/nix/store/p0i1ag5wsqk3r40aj9drq9z21cxw6358-r-timereg-2.0.6/library/timereg'
       > * removing '/nix/store/p0i1ag5wsqk3r40aj9drq9z21cxw6358-r-timereg-2.0.6/library/timereg'
* removing '/nix/store/241cys75sprhb9rcygkc2j6v3q18l78g-r-papaja-0.1.3/library/papaja'
       > * removing '/nix/store/241cys75sprhb9rcygkc2j6v3q18l78g-r-papaja-0.1.3/library/papaja'
* removing '/nix/store/v33lm0j4lari6gwqb0fffjh443kvi6c5-r-tinyplot-0.3.0/library/tinyplot'
       > * removing '/nix/store/v33lm0j4lari6gwqb0fffjh443kvi6c5-r-tinyplot-0.3.0/library/tinyplot'
