* removing '/nix/store/jm919s16vymhv2rnn9vyrnmrc9r6i3bj-r-ROracle-1.3-1.1/library/ROracle'
       > * removing '/nix/store/jm919s16vymhv2rnn9vyrnmrc9r6i3bj-r-ROracle-1.3-1.1/library/ROracle'
* removing '/nix/store/62k8p9j1w9jwaiqzzypfcv0dwrwmnn0b-r-Rblpapi-0.3.16/library/Rblpapi'
       > * removing '/nix/store/62k8p9j1w9jwaiqzzypfcv0dwrwmnn0b-r-Rblpapi-0.3.16/library/Rblpapi'
* removing '/nix/store/y1ajrx7lsmf2yhqg79kcmp7aqxf9l9dy-r-brotli-1.3.2/library/brotli'
       > * removing '/nix/store/y1ajrx7lsmf2yhqg79kcmp7aqxf9l9dy-r-brotli-1.3.2/library/brotli'
/nix/store/jd59x74mhxwkwcrpaw534v92q5b2i0c6-r-RcppArmadillo-15.0.2-2/library/RcppArmadillo/include/RcppArmadillo/version/arma.h:66:199: note: '#pragma message: Using fallback compilation with Armadillo 14.6.3. Please consider defining -DARMA_USE_CURRENT and also removing C++11 compilation directive. See GitHub issue #475 for more.'
   66 |         #pragma message("Using fallback compilation with Armadillo 14.6.3. Please consider defining -DARMA_USE_CURRENT and also removing C++11 compilation directive. See GitHub issue #475 for more.")
/nix/store/jd59x74mhxwkwcrpaw534v92q5b2i0c6-r-RcppArmadillo-15.0.2-2/library/RcppArmadillo/include/RcppArmadillo/version/arma.h:66:199: note: '#pragma message: Using fallback compilation with Armadillo 14.6.3. Please consider defining -DARMA_USE_CURRENT and also removing C++11 compilation directive. See GitHub issue #475 for more.'
   66 |         #pragma message("Using fallback compilation with Armadillo 14.6.3. Please consider defining -DARMA_USE_CURRENT and also removing C++11 compilation directive. See GitHub issue #475 for more.")
/nix/store/jd59x74mhxwkwcrpaw534v92q5b2i0c6-r-RcppArmadillo-15.0.2-2/library/RcppArmadillo/include/RcppArmadillo/version/arma.h:66:199: note: '#pragma message: Using fallback compilation with Armadillo 14.6.3. Please consider defining -DARMA_USE_CURRENT and also removing C++11 compilation directive. See GitHub issue #475 for more.'
   66 |         #pragma message("Using fallback compilation with Armadillo 14.6.3. Please consider defining -DARMA_USE_CURRENT and also removing C++11 compilation directive. See GitHub issue #475 for more.")
/nix/store/jd59x74mhxwkwcrpaw534v92q5b2i0c6-r-RcppArmadillo-15.0.2-2/library/RcppArmadillo/include/RcppArmadillo/version/arma.h:66:199: note: '#pragma message: Using fallback compilation with Armadillo 14.6.3. Please consider defining -DARMA_USE_CURRENT and also removing C++11 compilation directive. See GitHub issue #475 for more.'
   66 |         #pragma message("Using fallback compilation with Armadillo 14.6.3. Please consider defining -DARMA_USE_CURRENT and also removing C++11 compilation directive. See GitHub issue #475 for more.")
* removing '/nix/store/pmlxji8li7va324cajr9q8g9p7yawryj-r-doMPI-0.2.2/library/doMPI'
       > * removing '/nix/store/pmlxji8li7va324cajr9q8g9p7yawryj-r-doMPI-0.2.2/library/doMPI'
/nix/store/jd59x74mhxwkwcrpaw534v92q5b2i0c6-r-RcppArmadillo-15.0.2-2/library/RcppArmadillo/include/RcppArmadillo/version/arma.h:66:199: note: '#pragma message: Using fallback compilation with Armadillo 14.6.3. Please consider defining -DARMA_USE_CURRENT and also removing C++11 compilation directive. See GitHub issue #475 for more.'
   66 |         #pragma message("Using fallback compilation with Armadillo 14.6.3. Please consider defining -DARMA_USE_CURRENT and also removing C++11 compilation directive. See GitHub issue #475 for more.")
/nix/store/jd59x74mhxwkwcrpaw534v92q5b2i0c6-r-RcppArmadillo-15.0.2-2/library/RcppArmadillo/include/RcppArmadillo/version/arma.h:66:199: note: '#pragma message: Using fallback compilation with Armadillo 14.6.3. Please consider defining -DARMA_USE_CURRENT and also removing C++11 compilation directive. See GitHub issue #475 for more.'
   66 |         #pragma message("Using fallback compilation with Armadillo 14.6.3. Please consider defining -DARMA_USE_CURRENT and also removing C++11 compilation directive. See GitHub issue #475 for more.")
/nix/store/jd59x74mhxwkwcrpaw534v92q5b2i0c6-r-RcppArmadillo-15.0.2-2/library/RcppArmadillo/include/RcppArmadillo/version/arma.h:66:199: note: '#pragma message: Using fallback compilation with Armadillo 14.6.3. Please consider defining -DARMA_USE_CURRENT and also removing C++11 compilation directive. See GitHub issue #475 for more.'
   66 |         #pragma message("Using fallback compilation with Armadillo 14.6.3. Please consider defining -DARMA_USE_CURRENT and also removing C++11 compilation directive. See GitHub issue #475 for more.")
/nix/store/jd59x74mhxwkwcrpaw534v92q5b2i0c6-r-RcppArmadillo-15.0.2-2/library/RcppArmadillo/include/RcppArmadillo/version/arma.h:66:199: note: '#pragma message: Using fallback compilation with Armadillo 14.6.3. Please consider defining -DARMA_USE_CURRENT and also removing C++11 compilation directive. See GitHub issue #475 for more.'
   66 |         #pragma message("Using fallback compilation with Armadillo 14.6.3. Please consider defining -DARMA_USE_CURRENT and also removing C++11 compilation directive. See GitHub issue #475 for more.")
/nix/store/jd59x74mhxwkwcrpaw534v92q5b2i0c6-r-RcppArmadillo-15.0.2-2/library/RcppArmadillo/include/RcppArmadillo/version/arma.h:66:199: note: '#pragma message: Using fallback compilation with Armadillo 14.6.3. Please consider defining -DARMA_USE_CURRENT and also removing C++11 compilation directive. See GitHub issue #475 for more.'
   66 |         #pragma message("Using fallback compilation with Armadillo 14.6.3. Please consider defining -DARMA_USE_CURRENT and also removing C++11 compilation directive. See GitHub issue #475 for more.")
/nix/store/jd59x74mhxwkwcrpaw534v92q5b2i0c6-r-RcppArmadillo-15.0.2-2/library/RcppArmadillo/include/RcppArmadillo/version/arma.h:66:199: note: '#pragma message: Using fallback compilation with Armadillo 14.6.3. Please consider defining -DARMA_USE_CURRENT and also removing C++11 compilation directive. See GitHub issue #475 for more.'
   66 |         #pragma message("Using fallback compilation with Armadillo 14.6.3. Please consider defining -DARMA_USE_CURRENT and also removing C++11 compilation directive. See GitHub issue #475 for more.")
/nix/store/jd59x74mhxwkwcrpaw534v92q5b2i0c6-r-RcppArmadillo-15.0.2-2/library/RcppArmadillo/include/RcppArmadillo/version/arma.h:66:199: note: '#pragma message: Using fallback compilation with Armadillo 14.6.3. Please consider defining -DARMA_USE_CURRENT and also removing C++11 compilation directive. See GitHub issue #475 for more.'
   66 |         #pragma message("Using fallback compilation with Armadillo 14.6.3. Please consider defining -DARMA_USE_CURRENT and also removing C++11 compilation directive. See GitHub issue #475 for more.")
/nix/store/jd59x74mhxwkwcrpaw534v92q5b2i0c6-r-RcppArmadillo-15.0.2-2/library/RcppArmadillo/include/RcppArmadillo/version/arma.h:66:199: note: '#pragma message: Using fallback compilation with Armadillo 14.6.3. Please consider defining -DARMA_USE_CURRENT and also removing C++11 compilation directive. See GitHub issue #475 for more.'
   66 |         #pragma message("Using fallback compilation with Armadillo 14.6.3. Please consider defining -DARMA_USE_CURRENT and also removing C++11 compilation directive. See GitHub issue #475 for more.")
/nix/store/jd59x74mhxwkwcrpaw534v92q5b2i0c6-r-RcppArmadillo-15.0.2-2/library/RcppArmadillo/include/RcppArmadillo/version/arma.h:66:199: note: '#pragma message: Using fallback compilation with Armadillo 14.6.3. Please consider defining -DARMA_USE_CURRENT and also removing C++11 compilation directive. See GitHub issue #475 for more.'
   66 |         #pragma message("Using fallback compilation with Armadillo 14.6.3. Please consider defining -DARMA_USE_CURRENT and also removing C++11 compilation directive. See GitHub issue #475 for more.")
* removing '/nix/store/2pvgakz7pls4nwn21zvdw1zv9lk93yzq-r-ggtern-3.5.0/library/ggtern'
       > * removing '/nix/store/2pvgakz7pls4nwn21zvdw1zv9lk93yzq-r-ggtern-3.5.0/library/ggtern'
