* removing ‘/nix/store/kd1d2qp517crf46zbaj9n050as3djgpm-r-RNetCDF-2.9-2/library/RNetCDF’
       > * removing ‘/nix/store/kd1d2qp517crf46zbaj9n050as3djgpm-r-RNetCDF-2.9-2/library/RNetCDF’
* removing ‘/nix/store/fi1rmy62cqamnx2r8rx10wa6wqvchsbx-r-ROracle-1.3-1.1/library/ROracle’
       > * removing ‘/nix/store/fi1rmy62cqamnx2r8rx10wa6wqvchsbx-r-ROracle-1.3-1.1/library/ROracle’
* removing ‘/nix/store/jzs7wkk2cq5glngy4qzz46crz8076962-r-Rmpi-0.7-3.3/library/Rmpi’
       > * removing ‘/nix/store/jzs7wkk2cq5glngy4qzz46crz8076962-r-Rmpi-0.7-3.3/library/Rmpi’
* removing ‘/nix/store/jrz2jp8ickaa5ghhs7vg7jxx64n263ms-r-PBSmodelling-2.69.3/library/PBSmodelling’
       > * removing ‘/nix/store/jrz2jp8ickaa5ghhs7vg7jxx64n263ms-r-PBSmodelling-2.69.3/library/PBSmodelling’
* removing ‘/nix/store/s8x2isnpd4y6465h40vm4dpclw0nvh3x-r-misc3d-0.9-1/library/misc3d’
       > * removing ‘/nix/store/s8x2isnpd4y6465h40vm4dpclw0nvh3x-r-misc3d-0.9-1/library/misc3d’
* removing ‘/nix/store/l1skjjlx3l49n03byinch8radq3qfyf4-r-cem-1.1.31/library/cem’
       > * removing ‘/nix/store/l1skjjlx3l49n03byinch8radq3qfyf4-r-cem-1.1.31/library/cem’
* removing ‘/nix/store/wqwcv810kylmjmy8ap51srm9nn035bn1-r-geoR-1.9-4/library/geoR’
       > * removing ‘/nix/store/wqwcv810kylmjmy8ap51srm9nn035bn1-r-geoR-1.9-4/library/geoR’
* removing ‘/nix/store/hjdc5sf4c727gqzxx3willav5mr07wz0-r-pdftools-3.4.1/library/pdftools’
       > * removing ‘/nix/store/hjdc5sf4c727gqzxx3willav5mr07wz0-r-pdftools-3.4.1/library/pdftools’
* removing ‘/nix/store/hj63pzav6a8vw4wb5w26hw0571dsjk7p-r-mongolite-3.1.0/library/mongolite’
       > * removing ‘/nix/store/hj63pzav6a8vw4wb5w26hw0571dsjk7p-r-mongolite-3.1.0/library/mongolite’
* removing ‘/nix/store/6ni8frac30vhs42wr25ksfwgkphp3pjn-r-tcltk2-1.2-11/library/tcltk2’
       > * removing ‘/nix/store/6ni8frac30vhs42wr25ksfwgkphp3pjn-r-tcltk2-1.2-11/library/tcltk2’
* removing ‘/nix/store/bma2rqxf0qqaq50cd6g3m6si6mrqy1h7-r-tkrplot-0.0-27/library/tkrplot’
       > * removing ‘/nix/store/bma2rqxf0qqaq50cd6g3m6si6mrqy1h7-r-tkrplot-0.0-27/library/tkrplot’
removing debugging flags
* removing ‘/nix/store/iisslks8syia0ns3pijx2q65228kal0b-r-enrichR-3.4/library/enrichR’
       > * removing ‘/nix/store/iisslks8syia0ns3pijx2q65228kal0b-r-enrichR-3.4/library/enrichR’
* removing ‘/nix/store/hacw3hcl4aicwigxhi9ffvi2r7imnndq-r-Factoshiny-2.7/library/Factoshiny’
       > * removing ‘/nix/store/hacw3hcl4aicwigxhi9ffvi2r7imnndq-r-Factoshiny-2.7/library/Factoshiny’
* removing ‘/nix/store/rz9kbjv6kkb4lkrl5i32hq339anrcwds-r-gsubfn-0.7/library/gsubfn’
       > * removing ‘/nix/store/rz9kbjv6kkb4lkrl5i32hq339anrcwds-r-gsubfn-0.7/library/gsubfn’
