unpacking 'https://github.com/rstats-on-nix/nixpkgs/archive/2025-02-22.tar.gz' into the Git cache...
warning: Nix search path entry '/home/runner/.nix-defexpr/channels' does not exist, ignoring
warning: Nix search path entry '/home/runner/.nix-defexpr/channels' does not exist, ignoring
warning: Nix search path entry '/home/runner/.nix-defexpr/channels' does not exist, ignoring
warning: Nix search path entry '/home/runner/.nix-defexpr/channels' does not exist, ignoring
warning: Nix search path entry '/home/runner/.nix-defexpr/channels' does not exist, ignoring
warning: Nix search path entry '/home/runner/.nix-defexpr/channels' does not exist, ignoring
warning: Nix search path entry '/home/runner/.nix-defexpr/channels' does not exist, ignoring
warning: Nix search path entry '/home/runner/.nix-defexpr/channels' does not exist, ignoring
warning: Nix search path entry '/home/runner/.nix-defexpr/channels' does not exist, ignoring
warning: Nix search path entry '/home/runner/.nix-defexpr/channels' does not exist, ignoring
warning: Nix search path entry '/home/runner/.nix-defexpr/channels' does not exist, ignoring
warning: Nix search path entry '/home/runner/.nix-defexpr/channels' does not exist, ignoring
warning: Nix search path entry '/home/runner/.nix-defexpr/channels' does not exist, ignoring
warning: Nix search path entry '/home/runner/.nix-defexpr/channels' does not exist, ignoring
warning: Nix search path entry '/home/runner/.nix-defexpr/channels' does not exist, ignoring
warning: Nix search path entry '/home/runner/.nix-defexpr/channels' does not exist, ignoring
warning: Nix search path entry '/home/runner/.nix-defexpr/channels' does not exist, ignoring
warning: Nix search path entry '/home/runner/.nix-defexpr/channels' does not exist, ignoring
warning: Nix search path entry '/home/runner/.nix-defexpr/channels' does not exist, ignoring
warning: Nix search path entry '/home/runner/.nix-defexpr/channels' does not exist, ignoring
warning: Nix search path entry '/home/runner/.nix-defexpr/channels' does not exist, ignoring
warning: Nix search path entry '/home/runner/.nix-defexpr/channels' does not exist, ignoring
warning: Nix search path entry '/home/runner/.nix-defexpr/channels' does not exist, ignoring
warning: Nix search path entry '/home/runner/.nix-defexpr/channels' does not exist, ignoring
warning: Nix search path entry '/home/runner/.nix-defexpr/channels' does not exist, ignoring
warning: Nix search path entry '/home/runner/.nix-defexpr/channels' does not exist, ignoring
warning: Nix search path entry '/home/runner/.nix-defexpr/channels' does not exist, ignoring
warning: Nix search path entry '/home/runner/.nix-defexpr/channels' does not exist, ignoring
warning: Nix search path entry '/home/runner/.nix-defexpr/channels' does not exist, ignoring
warning: Nix search path entry '/home/runner/.nix-defexpr/channels' does not exist, ignoring
warning: Nix search path entry '/home/runner/.nix-defexpr/channels' does not exist, ignoring
warning: Nix search path entry '/home/runner/.nix-defexpr/channels' does not exist, ignoring
warning: Nix search path entry '/home/runner/.nix-defexpr/channels' does not exist, ignoring
warning: Nix search path entry '/home/runner/.nix-defexpr/channels' does not exist, ignoring
warning: Nix search path entry '/home/runner/.nix-defexpr/channels' does not exist, ignoring
warning: Nix search path entry '/home/runner/.nix-defexpr/channels' does not exist, ignoring
warning: Nix search path entry '/home/runner/.nix-defexpr/channels' does not exist, ignoring
warning: Nix search path entry '/home/runner/.nix-defexpr/channels' does not exist, ignoring
warning: Nix search path entry '/home/runner/.nix-defexpr/channels' does not exist, ignoring
warning: Nix search path entry '/home/runner/.nix-defexpr/channels' does not exist, ignoring
warning: Nix search path entry '/home/runner/.nix-defexpr/channels' does not exist, ignoring
warning: Nix search path entry '/home/runner/.nix-defexpr/channels' does not exist, ignoring
warning: Nix search path entry '/home/runner/.nix-defexpr/channels' does not exist, ignoring
warning: Nix search path entry '/home/runner/.nix-defexpr/channels' does not exist, ignoring
warning: Nix search path entry '/home/runner/.nix-defexpr/channels' does not exist, ignoring
warning: Nix search path entry '/home/runner/.nix-defexpr/channels' does not exist, ignoring
warning: Nix search path entry '/home/runner/.nix-defexpr/channels' does not exist, ignoring
warning: Nix search path entry '/home/runner/.nix-defexpr/channels' does not exist, ignoring
warning: Nix search path entry '/home/runner/.nix-defexpr/channels' does not exist, ignoring
warning: Nix search path entry '/home/runner/.nix-defexpr/channels' does not exist, ignoring
warning: Nix search path entry '/home/runner/.nix-defexpr/channels' does not exist, ignoring
warning: Nix search path entry '/home/runner/.nix-defexpr/channels' does not exist, ignoring
warning: Nix search path entry '/home/runner/.nix-defexpr/channels' does not exist, ignoring
warning: Nix search path entry '/home/runner/.nix-defexpr/channels' does not exist, ignoring
warning: Nix search path entry '/home/runner/.nix-defexpr/channels' does not exist, ignoring
warning: Nix search path entry '/home/runner/.nix-defexpr/channels' does not exist, ignoring
warning: Nix search path entry '/home/runner/.nix-defexpr/channels' does not exist, ignoring
warning: Nix search path entry '/home/runner/.nix-defexpr/channels' does not exist, ignoring
warning: Nix search path entry '/home/runner/.nix-defexpr/channels' does not exist, ignoring
warning: Nix search path entry '/home/runner/.nix-defexpr/channels' does not exist, ignoring
warning: Nix search path entry '/home/runner/.nix-defexpr/channels' does not exist, ignoring
warning: Nix search path entry '/home/runner/.nix-defexpr/channels' does not exist, ignoring
warning: Nix search path entry '/home/runner/.nix-defexpr/channels' does not exist, ignoring
warning: Nix search path entry '/home/runner/.nix-defexpr/channels' does not exist, ignoring
warning: Nix search path entry '/home/runner/.nix-defexpr/channels' does not exist, ignoring
warning: Nix search path entry '/home/runner/.nix-defexpr/channels' does not exist, ignoring
warning: Nix search path entry '/home/runner/.nix-defexpr/channels' does not exist, ignoring
warning: Nix search path entry '/home/runner/.nix-defexpr/channels' does not exist, ignoring
warning: Nix search path entry '/home/runner/.nix-defexpr/channels' does not exist, ignoring
warning: Nix search path entry '/home/runner/.nix-defexpr/channels' does not exist, ignoring
warning: Nix search path entry '/home/runner/.nix-defexpr/channels' does not exist, ignoring
warning: Nix search path entry '/home/runner/.nix-defexpr/channels' does not exist, ignoring
warning: Nix search path entry '/home/runner/.nix-defexpr/channels' does not exist, ignoring
warning: Nix search path entry '/home/runner/.nix-defexpr/channels' does not exist, ignoring
warning: Nix search path entry '/home/runner/.nix-defexpr/channels' does not exist, ignoring
warning: Nix search path entry '/home/runner/.nix-defexpr/channels' does not exist, ignoring
warning: Nix search path entry '/home/runner/.nix-defexpr/channels' does not exist, ignoring
warning: Nix search path entry '/home/runner/.nix-defexpr/channels' does not exist, ignoring
warning: Nix search path entry '/home/runner/.nix-defexpr/channels' does not exist, ignoring
warning: Nix search path entry '/home/runner/.nix-defexpr/channels' does not exist, ignoring
warning: Nix search path entry '/home/runner/.nix-defexpr/channels' does not exist, ignoring
warning: Nix search path entry '/home/runner/.nix-defexpr/channels' does not exist, ignoring
warning: Nix search path entry '/home/runner/.nix-defexpr/channels' does not exist, ignoring
warning: Nix search path entry '/home/runner/.nix-defexpr/channels' does not exist, ignoring
warning: Nix search path entry '/home/runner/.nix-defexpr/channels' does not exist, ignoring
warning: Nix search path entry '/home/runner/.nix-defexpr/channels' does not exist, ignoring
warning: Nix search path entry '/home/runner/.nix-defexpr/channels' does not exist, ignoring
warning: Nix search path entry '/home/runner/.nix-defexpr/channels' does not exist, ignoring
warning: Nix search path entry '/home/runner/.nix-defexpr/channels' does not exist, ignoring
warning: Nix search path entry '/home/runner/.nix-defexpr/channels' does not exist, ignoring
warning: Nix search path entry '/home/runner/.nix-defexpr/channels' does not exist, ignoring
warning: Nix search path entry '/home/runner/.nix-defexpr/channels' does not exist, ignoring
warning: Nix search path entry '/home/runner/.nix-defexpr/channels' does not exist, ignoring
warning: Nix search path entry '/home/runner/.nix-defexpr/channels' does not exist, ignoring
warning: Nix search path entry '/home/runner/.nix-defexpr/channels' does not exist, ignoring
warning: Nix search path entry '/home/runner/.nix-defexpr/channels' does not exist, ignoring
warning: Nix search path entry '/home/runner/.nix-defexpr/channels' does not exist, ignoring
warning: Nix search path entry '/home/runner/.nix-defexpr/channels' does not exist, ignoring
warning: Nix search path entry '/home/runner/.nix-defexpr/channels' does not exist, ignoring
warning: Nix search path entry '/home/runner/.nix-defexpr/channels' does not exist, ignoring
warning: Nix search path entry '/home/runner/.nix-defexpr/channels' does not exist, ignoring
warning: Nix search path entry '/home/runner/.nix-defexpr/channels' does not exist, ignoring
warning: Nix search path entry '/home/runner/.nix-defexpr/channels' does not exist, ignoring
warning: Nix search path entry '/home/runner/.nix-defexpr/channels' does not exist, ignoring
warning: Nix search path entry '/home/runner/.nix-defexpr/channels' does not exist, ignoring
warning: Nix search path entry '/home/runner/.nix-defexpr/channels' does not exist, ignoring
warning: Nix search path entry '/home/runner/.nix-defexpr/channels' does not exist, ignoring
warning: Nix search path entry '/home/runner/.nix-defexpr/channels' does not exist, ignoring
warning: Nix search path entry '/home/runner/.nix-defexpr/channels' does not exist, ignoring
warning: Nix search path entry '/home/runner/.nix-defexpr/channels' does not exist, ignoring
warning: Nix search path entry '/home/runner/.nix-defexpr/channels' does not exist, ignoring
warning: Nix search path entry '/home/runner/.nix-defexpr/channels' does not exist, ignoring
warning: Nix search path entry '/home/runner/.nix-defexpr/channels' does not exist, ignoring
warning: Nix search path entry '/home/runner/.nix-defexpr/channels' does not exist, ignoring
warning: Nix search path entry '/home/runner/.nix-defexpr/channels' does not exist, ignoring
warning: Nix search path entry '/home/runner/.nix-defexpr/channels' does not exist, ignoring
warning: Nix search path entry '/home/runner/.nix-defexpr/channels' does not exist, ignoring
warning: Nix search path entry '/home/runner/.nix-defexpr/channels' does not exist, ignoring
warning: Nix search path entry '/home/runner/.nix-defexpr/channels' does not exist, ignoring
warning: Nix search path entry '/home/runner/.nix-defexpr/channels' does not exist, ignoring
warning: Nix search path entry '/home/runner/.nix-defexpr/channels' does not exist, ignoring
warning: Nix search path entry '/home/runner/.nix-defexpr/channels' does not exist, ignoring
warning: Nix search path entry '/home/runner/.nix-defexpr/channels' does not exist, ignoring
warning: Nix search path entry '/home/runner/.nix-defexpr/channels' does not exist, ignoring
warning: Nix search path entry '/home/runner/.nix-defexpr/channels' does not exist, ignoring
warning: Nix search path entry '/home/runner/.nix-defexpr/channels' does not exist, ignoring
warning: Nix search path entry '/home/runner/.nix-defexpr/channels' does not exist, ignoring
warning: Nix search path entry '/home/runner/.nix-defexpr/channels' does not exist, ignoring
warning: Nix search path entry '/home/runner/.nix-defexpr/channels' does not exist, ignoring
warning: Nix search path entry '/home/runner/.nix-defexpr/channels' does not exist, ignoring
warning: Nix search path entry '/home/runner/.nix-defexpr/channels' does not exist, ignoring
warning: Nix search path entry '/home/runner/.nix-defexpr/channels' does not exist, ignoring
warning: Nix search path entry '/home/runner/.nix-defexpr/channels' does not exist, ignoring
warning: Nix search path entry '/home/runner/.nix-defexpr/channels' does not exist, ignoring
warning: Nix search path entry '/home/runner/.nix-defexpr/channels' does not exist, ignoring
warning: Nix search path entry '/home/runner/.nix-defexpr/channels' does not exist, ignoring
warning: Nix search path entry '/home/runner/.nix-defexpr/channels' does not exist, ignoring
warning: Nix search path entry '/home/runner/.nix-defexpr/channels' does not exist, ignoring
warning: Nix search path entry '/home/runner/.nix-defexpr/channels' does not exist, ignoring
warning: Nix search path entry '/home/runner/.nix-defexpr/channels' does not exist, ignoring
warning: Nix search path entry '/home/runner/.nix-defexpr/channels' does not exist, ignoring
warning: Nix search path entry '/home/runner/.nix-defexpr/channels' does not exist, ignoring
warning: Nix search path entry '/home/runner/.nix-defexpr/channels' does not exist, ignoring
warning: Nix search path entry '/home/runner/.nix-defexpr/channels' does not exist, ignoring
warning: Nix search path entry '/home/runner/.nix-defexpr/channels' does not exist, ignoring
warning: Nix search path entry '/home/runner/.nix-defexpr/channels' does not exist, ignoring
warning: Nix search path entry '/home/runner/.nix-defexpr/channels' does not exist, ignoring
warning: Nix search path entry '/home/runner/.nix-defexpr/channels' does not exist, ignoring
warning: Nix search path entry '/home/runner/.nix-defexpr/channels' does not exist, ignoring
warning: Nix search path entry '/home/runner/.nix-defexpr/channels' does not exist, ignoring
warning: Nix search path entry '/home/runner/.nix-defexpr/channels' does not exist, ignoring
warning: Nix search path entry '/home/runner/.nix-defexpr/channels' does not exist, ignoring
warning: Nix search path entry '/home/runner/.nix-defexpr/channels' does not exist, ignoring
warning: Nix search path entry '/home/runner/.nix-defexpr/channels' does not exist, ignoring
warning: Nix search path entry '/home/runner/.nix-defexpr/channels' does not exist, ignoring
warning: Nix search path entry '/home/runner/.nix-defexpr/channels' does not exist, ignoring
warning: Nix search path entry '/home/runner/.nix-defexpr/channels' does not exist, ignoring
warning: Nix search path entry '/home/runner/.nix-defexpr/channels' does not exist, ignoring
warning: Nix search path entry '/home/runner/.nix-defexpr/channels' does not exist, ignoring
warning: Nix search path entry '/home/runner/.nix-defexpr/channels' does not exist, ignoring
warning: Nix search path entry '/home/runner/.nix-defexpr/channels' does not exist, ignoring
warning: Nix search path entry '/home/runner/.nix-defexpr/channels' does not exist, ignoring
warning: Nix search path entry '/home/runner/.nix-defexpr/channels' does not exist, ignoring
warning: Nix search path entry '/home/runner/.nix-defexpr/channels' does not exist, ignoring
warning: Nix search path entry '/home/runner/.nix-defexpr/channels' does not exist, ignoring
warning: Nix search path entry '/home/runner/.nix-defexpr/channels' does not exist, ignoring
warning: Nix search path entry '/home/runner/.nix-defexpr/channels' does not exist, ignoring
warning: Nix search path entry '/home/runner/.nix-defexpr/channels' does not exist, ignoring
warning: Nix search path entry '/home/runner/.nix-defexpr/channels' does not exist, ignoring
warning: Nix search path entry '/home/runner/.nix-defexpr/channels' does not exist, ignoring
warning: Nix search path entry '/home/runner/.nix-defexpr/channels' does not exist, ignoring
warning: Nix search path entry '/home/runner/.nix-defexpr/channels' does not exist, ignoring
warning: Nix search path entry '/home/runner/.nix-defexpr/channels' does not exist, ignoring
warning: Nix search path entry '/home/runner/.nix-defexpr/channels' does not exist, ignoring
warning: Nix search path entry '/home/runner/.nix-defexpr/channels' does not exist, ignoring
warning: Nix search path entry '/home/runner/.nix-defexpr/channels' does not exist, ignoring
warning: Nix search path entry '/home/runner/.nix-defexpr/channels' does not exist, ignoring
warning: Nix search path entry '/home/runner/.nix-defexpr/channels' does not exist, ignoring
warning: Nix search path entry '/home/runner/.nix-defexpr/channels' does not exist, ignoring
warning: Nix search path entry '/home/runner/.nix-defexpr/channels' does not exist, ignoring
warning: Nix search path entry '/home/runner/.nix-defexpr/channels' does not exist, ignoring
warning: Nix search path entry '/home/runner/.nix-defexpr/channels' does not exist, ignoring
warning: Nix search path entry '/home/runner/.nix-defexpr/channels' does not exist, ignoring
warning: Nix search path entry '/home/runner/.nix-defexpr/channels' does not exist, ignoring
warning: Nix search path entry '/home/runner/.nix-defexpr/channels' does not exist, ignoring
warning: Nix search path entry '/home/runner/.nix-defexpr/channels' does not exist, ignoring
warning: Nix search path entry '/home/runner/.nix-defexpr/channels' does not exist, ignoring
warning: Nix search path entry '/home/runner/.nix-defexpr/channels' does not exist, ignoring
warning: Nix search path entry '/home/runner/.nix-defexpr/channels' does not exist, ignoring
warning: Nix search path entry '/home/runner/.nix-defexpr/channels' does not exist, ignoring
warning: Nix search path entry '/home/runner/.nix-defexpr/channels' does not exist, ignoring
warning: Nix search path entry '/home/runner/.nix-defexpr/channels' does not exist, ignoring
warning: Nix search path entry '/home/runner/.nix-defexpr/channels' does not exist, ignoring
warning: Nix search path entry '/home/runner/.nix-defexpr/channels' does not exist, ignoring
warning: Nix search path entry '/home/runner/.nix-defexpr/channels' does not exist, ignoring
warning: Nix search path entry '/home/runner/.nix-defexpr/channels' does not exist, ignoring
warning: Nix search path entry '/home/runner/.nix-defexpr/channels' does not exist, ignoring
warning: Nix search path entry '/home/runner/.nix-defexpr/channels' does not exist, ignoring
warning: Nix search path entry '/home/runner/.nix-defexpr/channels' does not exist, ignoring
warning: Nix search path entry '/home/runner/.nix-defexpr/channels' does not exist, ignoring
warning: Nix search path entry '/home/runner/.nix-defexpr/channels' does not exist, ignoring
warning: Nix search path entry '/home/runner/.nix-defexpr/channels' does not exist, ignoring
warning: Nix search path entry '/home/runner/.nix-defexpr/channels' does not exist, ignoring
warning: Nix search path entry '/home/runner/.nix-defexpr/channels' does not exist, ignoring
warning: Nix search path entry '/home/runner/.nix-defexpr/channels' does not exist, ignoring
warning: Nix search path entry '/home/runner/.nix-defexpr/channels' does not exist, ignoring
warning: Nix search path entry '/home/runner/.nix-defexpr/channels' does not exist, ignoring
warning: Nix search path entry '/home/runner/.nix-defexpr/channels' does not exist, ignoring
warning: Nix search path entry '/home/runner/.nix-defexpr/channels' does not exist, ignoring
warning: Nix search path entry '/home/runner/.nix-defexpr/channels' does not exist, ignoring
warning: Nix search path entry '/home/runner/.nix-defexpr/channels' does not exist, ignoring
warning: Nix search path entry '/home/runner/.nix-defexpr/channels' does not exist, ignoring
warning: Nix search path entry '/home/runner/.nix-defexpr/channels' does not exist, ignoring
warning: Nix search path entry '/home/runner/.nix-defexpr/channels' does not exist, ignoring
warning: Nix search path entry '/home/runner/.nix-defexpr/channels' does not exist, ignoring
warning: Nix search path entry '/home/runner/.nix-defexpr/channels' does not exist, ignoring
warning: Nix search path entry '/home/runner/.nix-defexpr/channels' does not exist, ignoring
warning: Nix search path entry '/home/runner/.nix-defexpr/channels' does not exist, ignoring
warning: Nix search path entry '/home/runner/.nix-defexpr/channels' does not exist, ignoring
warning: Nix search path entry '/home/runner/.nix-defexpr/channels' does not exist, ignoring
warning: Nix search path entry '/home/runner/.nix-defexpr/channels' does not exist, ignoring
warning: Nix search path entry '/home/runner/.nix-defexpr/channels' does not exist, ignoring
warning: Nix search path entry '/home/runner/.nix-defexpr/channels' does not exist, ignoring
warning: Nix search path entry '/home/runner/.nix-defexpr/channels' does not exist, ignoring
warning: Nix search path entry '/home/runner/.nix-defexpr/channels' does not exist, ignoring
warning: Nix search path entry '/home/runner/.nix-defexpr/channels' does not exist, ignoring
warning: Nix search path entry '/home/runner/.nix-defexpr/channels' does not exist, ignoring
warning: Nix search path entry '/home/runner/.nix-defexpr/channels' does not exist, ignoring
warning: Nix search path entry '/home/runner/.nix-defexpr/channels' does not exist, ignoring
warning: Nix search path entry '/home/runner/.nix-defexpr/channels' does not exist, ignoring
warning: Nix search path entry '/home/runner/.nix-defexpr/channels' does not exist, ignoring
warning: Nix search path entry '/home/runner/.nix-defexpr/channels' does not exist, ignoring
warning: Nix search path entry '/home/runner/.nix-defexpr/channels' does not exist, ignoring
warning: Nix search path entry '/home/runner/.nix-defexpr/channels' does not exist, ignoring
warning: Nix search path entry '/home/runner/.nix-defexpr/channels' does not exist, ignoring
warning: Nix search path entry '/home/runner/.nix-defexpr/channels' does not exist, ignoring
warning: Nix search path entry '/home/runner/.nix-defexpr/channels' does not exist, ignoring
warning: Nix search path entry '/home/runner/.nix-defexpr/channels' does not exist, ignoring
warning: Nix search path entry '/home/runner/.nix-defexpr/channels' does not exist, ignoring
warning: Nix search path entry '/home/runner/.nix-defexpr/channels' does not exist, ignoring
warning: Nix search path entry '/home/runner/.nix-defexpr/channels' does not exist, ignoring
warning: Nix search path entry '/home/runner/.nix-defexpr/channels' does not exist, ignoring
warning: Nix search path entry '/home/runner/.nix-defexpr/channels' does not exist, ignoring
warning: Nix search path entry '/home/runner/.nix-defexpr/channels' does not exist, ignoring
warning: Nix search path entry '/home/runner/.nix-defexpr/channels' does not exist, ignoring
warning: Nix search path entry '/home/runner/.nix-defexpr/channels' does not exist, ignoring
warning: Nix search path entry '/home/runner/.nix-defexpr/channels' does not exist, ignoring
warning: Nix search path entry '/home/runner/.nix-defexpr/channels' does not exist, ignoring
warning: Nix search path entry '/home/runner/.nix-defexpr/channels' does not exist, ignoring
warning: Nix search path entry '/home/runner/.nix-defexpr/channels' does not exist, ignoring
warning: Nix search path entry '/home/runner/.nix-defexpr/channels' does not exist, ignoring
warning: Nix search path entry '/home/runner/.nix-defexpr/channels' does not exist, ignoring
warning: Nix search path entry '/home/runner/.nix-defexpr/channels' does not exist, ignoring
warning: Nix search path entry '/home/runner/.nix-defexpr/channels' does not exist, ignoring
warning: Nix search path entry '/home/runner/.nix-defexpr/channels' does not exist, ignoring
warning: Nix search path entry '/home/runner/.nix-defexpr/channels' does not exist, ignoring
warning: Nix search path entry '/home/runner/.nix-defexpr/channels' does not exist, ignoring
warning: Nix search path entry '/home/runner/.nix-defexpr/channels' does not exist, ignoring
warning: Nix search path entry '/home/runner/.nix-defexpr/channels' does not exist, ignoring
warning: Nix search path entry '/home/runner/.nix-defexpr/channels' does not exist, ignoring
warning: Nix search path entry '/home/runner/.nix-defexpr/channels' does not exist, ignoring
warning: Nix search path entry '/home/runner/.nix-defexpr/channels' does not exist, ignoring
warning: Nix search path entry '/home/runner/.nix-defexpr/channels' does not exist, ignoring
warning: Nix search path entry '/home/runner/.nix-defexpr/channels' does not exist, ignoring
warning: Nix search path entry '/home/runner/.nix-defexpr/channels' does not exist, ignoring
warning: Nix search path entry '/home/runner/.nix-defexpr/channels' does not exist, ignoring
warning: Nix search path entry '/home/runner/.nix-defexpr/channels' does not exist, ignoring
warning: Nix search path entry '/home/runner/.nix-defexpr/channels' does not exist, ignoring
warning: Nix search path entry '/home/runner/.nix-defexpr/channels' does not exist, ignoring
warning: Nix search path entry '/home/runner/.nix-defexpr/channels' does not exist, ignoring
warning: Nix search path entry '/home/runner/.nix-defexpr/channels' does not exist, ignoring
warning: Nix search path entry '/home/runner/.nix-defexpr/channels' does not exist, ignoring
warning: Nix search path entry '/home/runner/.nix-defexpr/channels' does not exist, ignoring
warning: Nix search path entry '/home/runner/.nix-defexpr/channels' does not exist, ignoring
warning: Nix search path entry '/home/runner/.nix-defexpr/channels' does not exist, ignoring
warning: Nix search path entry '/home/runner/.nix-defexpr/channels' does not exist, ignoring
warning: Nix search path entry '/home/runner/.nix-defexpr/channels' does not exist, ignoring
warning: Nix search path entry '/home/runner/.nix-defexpr/channels' does not exist, ignoring
warning: Nix search path entry '/home/runner/.nix-defexpr/channels' does not exist, ignoring
warning: Nix search path entry '/home/runner/.nix-defexpr/channels' does not exist, ignoring
warning: Nix search path entry '/home/runner/.nix-defexpr/channels' does not exist, ignoring
warning: Nix search path entry '/home/runner/.nix-defexpr/channels' does not exist, ignoring
warning: Nix search path entry '/home/runner/.nix-defexpr/channels' does not exist, ignoring
warning: Nix search path entry '/home/runner/.nix-defexpr/channels' does not exist, ignoring
warning: Nix search path entry '/home/runner/.nix-defexpr/channels' does not exist, ignoring
warning: Nix search path entry '/home/runner/.nix-defexpr/channels' does not exist, ignoring
warning: Nix search path entry '/home/runner/.nix-defexpr/channels' does not exist, ignoring
warning: Nix search path entry '/home/runner/.nix-defexpr/channels' does not exist, ignoring
warning: Nix search path entry '/home/runner/.nix-defexpr/channels' does not exist, ignoring
warning: Nix search path entry '/home/runner/.nix-defexpr/channels' does not exist, ignoring
warning: Nix search path entry '/home/runner/.nix-defexpr/channels' does not exist, ignoring
warning: Nix search path entry '/home/runner/.nix-defexpr/channels' does not exist, ignoring
warning: Nix search path entry '/home/runner/.nix-defexpr/channels' does not exist, ignoring
warning: Nix search path entry '/home/runner/.nix-defexpr/channels' does not exist, ignoring
warning: Nix search path entry '/home/runner/.nix-defexpr/channels' does not exist, ignoring
warning: Nix search path entry '/home/runner/.nix-defexpr/channels' does not exist, ignoring
warning: Nix search path entry '/home/runner/.nix-defexpr/channels' does not exist, ignoring
warning: Nix search path entry '/home/runner/.nix-defexpr/channels' does not exist, ignoring
warning: Nix search path entry '/home/runner/.nix-defexpr/channels' does not exist, ignoring
warning: Nix search path entry '/home/runner/.nix-defexpr/channels' does not exist, ignoring
warning: Nix search path entry '/home/runner/.nix-defexpr/channels' does not exist, ignoring
warning: Nix search path entry '/home/runner/.nix-defexpr/channels' does not exist, ignoring
this derivation will be built:
  /nix/store/4i2wa0yfn2qn87fn4n12b30hzpg1sb7z-nix-shell.drv
these 323 paths will be fetched (744.14 MiB download, 2250.05 MiB unpacked):
  /nix/store/hk393gqm9az2fhscki3y8cjkkfyn27h2-R-4.4.2
  /nix/store/c48cm81y30rp8b2gxddfn2gdwa3sz0yg-R-4.4.2-tex
  /nix/store/jpbbkpwhgvdr0sgf6x9iv9ysrhd5416x-acl-2.3.2
  /nix/store/aqyhcksdz3ng4v0dqvzrfzncq865gwfp-alsa-lib-1.2.13
  /nix/store/nzl6dw0zr3s9zc4mi4s1k4w945hpdqzg-alsa-topology-conf-1.2.5.1
  /nix/store/l781gs88hbgiwp39bfy33f50f6ila0h3-alsa-ucm-conf-1.2.12
  /nix/store/g3sa64l6qmhm94m7mvccip0mrsphs3yx-at-spi2-core-2.54.1
  /nix/store/xqx1wf2ycqam9mcs80i7xdj4j65hqd34-attr-2.5.2
  /nix/store/pq0razaqsyc61a4hkb9f4xan50w5dmzi-audit-4.0.3-lib
  /nix/store/08hyil22326k6rzs5pazx2z7znzjhac4-avahi-0.8
  /nix/store/icvbkgp06vrswn7cbmlh241h2j1hsabp-aws-c-auth-0.8.1
  /nix/store/2dasfwkf4ry7zrr0bj6hkp7myswc0mb0-aws-c-cal-0.8.0
  /nix/store/xwq5zy7463ldwx701h7sv2i368nazrrp-aws-c-common-0.10.3
  /nix/store/m1mawv7cd02jxi6q9x6sas6pzvsj9s89-aws-c-compression-0.3.0
  /nix/store/k57l10xwnimkqh6kapm6x2ab54n2sfmb-aws-c-event-stream-0.5.0
  /nix/store/17ysfirh4jvv2gp01xkgbw0hcxlg9579-aws-c-http-0.9.2
  /nix/store/p8qj97v6bvd9mwxpzzs5shll2xb0s29g-aws-c-io-0.15.3
  /nix/store/pyzi0zgr2rbl3jp3m6d7aqbdyi6sh65y-aws-c-mqtt-0.11.0
  /nix/store/94f33z5fvn6wic8s3f3xacysbcsl4zz0-aws-c-s3-0.7.1
  /nix/store/j0mjxr1g9s6v37mmn9b72gg4964ix85p-aws-c-sdkutils-0.2.1
  /nix/store/xdmzrsvh8b2zqyv0w4v1qkcv7xm4z3cr-aws-checksums-0.2.2
  /nix/store/dsdmsyb703chc1sw13s1914d2ajqhd01-aws-crt-cpp-0.29.4
  /nix/store/y12qyd5qidv6dsm43f1mvdqjk1wrhffa-aws-sdk-cpp-1.11.448
  /nix/store/11ciq72n4fdv8rw6wgjgasfv4mjs1jrw-bash-5.2p37
  /nix/store/4k90qpzh1a4sldhnf7cxwkm9c0agq4fp-bash-interactive-5.2p37
  /nix/store/9g4gsby96w4cx1i338kplaap0x37apdf-binutils-2.43.1
  /nix/store/ar2iccr4ddw8jrq6fxz0ccinrijbw3f2-binutils-2.43.1-lib
  /nix/store/9jqpnb0lbkv0y5cqhafcx05wiqy1c4i4-binutils-wrapper-2.43.1
  /nix/store/fjk8dwvzclmrwavmbmdj4p04v4dhw6bn-binutils-wrapper-2.43.1
  /nix/store/2x2csf9zdm17h5858555r0ip3xsrj6y0-blas-3
  /nix/store/zj451mdjkhi3cqrw2v267d39ja70jbiz-blas-3-dev
  /nix/store/q9ac86sdfw56nnr6g22glvwk4l0ayxmy-boehm-gc-8.2.8
  /nix/store/1w7jgpkaxv5plbwgmsccsn1sfax67qk0-brotli-1.1.0
  /nix/store/h247qymmd9a6djjqm7gf5y868d8w1w8i-brotli-1.1.0-dev
  /nix/store/asz0h8na497lzq229rr0xwq2vy86dmw2-brotli-1.1.0-lib
  /nix/store/5g5pv9lxaj0jpx7h09v87bakfp8rh4bk-busybox-1.36.1
  /nix/store/g7hygw4787q6fqsjrfaj11impms4bg52-bzip2-1.0.8
  /nix/store/8n4p2v4kqy97qjfwg4hdrcjl9qjailqy-bzip2-1.0.8-bin
  /nix/store/93zpc1qaq64v4b50qxxchd6sfqfg13c2-bzip2-1.0.8-dev
  /nix/store/b7yr6421mnb4p2iic7rrmqn3r0lx492w-c-ares-1.34.4
  /nix/store/84hyxhqj8ly2iwlzki5yil6nsz5w4ba3-cairo-1.18.2
  /nix/store/jzm3c9znmlbfi7is9yyxr5dw6lr4jymd-cairo-1.18.2-dev
  /nix/store/fr9yr63a1267cr0r86w18c77mh3xavcc-coreutils-9.6
  /nix/store/nrqn8rh2dciw3ishsayk63ppxh4ajchy-cracklib-2.10.0
  /nix/store/r2j4xhlvcz47v9qd6l5w5gl9fxgz8chb-cryptsetup-2.7.5
  /nix/store/zd7bm9brnlbsw10kdnpvpwgvylsg46r6-cups-2.4.11-lib
  /nix/store/simdgzgxrcqkvak7zpczr176rgbar3s5-curl-8.12.0
  /nix/store/ms1vcpk06m5szgr1lyraasjimml78v6z-curl-8.12.0-bin
  /nix/store/qj3l9cxfj8hwib1496af23aclj52xabk-curl-8.12.0-dev
  /nix/store/wx5qzp42x0fsqwyvf178yk9w4wfx2shc-curl-8.12.0-man
  /nix/store/295kd1g185r49amb7dyi94h0p67jjlm2-dav1d-1.5.1
  /nix/store/xs11qqd9rda6drp6g4n5gjvzajvi3b0w-dav1d-1.5.1-dev
  /nix/store/bd8h5scw9h3493z5scc49zi934ycwp0m-db-4.8.30
  /nix/store/0hwjxv6z4myq1s2ncj1kapbb8vzbj15p-dbus-1.14.10-lib
  /nix/store/lali9nl2xq0g5m3dbrws2nw62wanxmxp-dconf-0.40.0-lib
  /nix/store/ii79a9jik2bnxws5kgxdmh9xi2vpn2z6-dejavu-fonts-minimal-2.37
  /nix/store/lvj768zc0vqkzal5frxhc1yk6kp851bk-diffutils-3.10
  /nix/store/clp84nbp2bf3baxna0is4inrzh5950vl-dns-root-data-2024-06-20
  /nix/store/ij14xlvx761j6qlzxnk3dibdw7j78xv0-ed-1.21
  /nix/store/8vlhihi5mh3091yw7xc94z4vfdjdibcw-editline-1.17.1
  /nix/store/lbv7axlp7mkzm42mxi90aamxzj7r3s32-elfutils-0.192
  /nix/store/72cbhjy7g4awjkn3d8mcnnis6f7kyg7c-expand-response-params
  /nix/store/v12p37wj6kh7s0cb0am3a2lgfc07klk7-expand-response-params
  /nix/store/y6g2bmbgdk3c36fzwpzr8bd8cypx2cvj-expat-2.6.4
  /nix/store/dn96na69b282aab9qj43yx4cxn8zri39-file-5.46
  /nix/store/h0z0z043akpaf5nmxq3lf84laah832rw-file-5.46
  /nix/store/lk2sg2yq5jqs9dlx5ini46kvjwk7ffsf-findutils-4.10.0
  /nix/store/aj9ghn372sw2yvw7lg0wknxwljfs7il9-fontconfig-2.16.0
  /nix/store/5za5b47pbj9z03qym37c4m6lbh2zcgbp-fontconfig-2.16.0-bin
  /nix/store/jww3brzhq47m8an8f0q0xf99aa0gkd8b-fontconfig-2.16.0-dev
  /nix/store/lqbd7m5hbvhyqs2vha2g60dxfy9mw19z-fontconfig-2.16.0-lib
  /nix/store/ic13kn15vx7wfp0cwizqxxi84ligi93j-freetype-2.13.3
  /nix/store/b09crwvrqdz6qynhjjz78db27vkzap5v-freetype-2.13.3-dev
  /nix/store/0qxqpg2wp7wf7m2p4mxqv8arwj71ixq2-fribidi-1.0.16
  /nix/store/87igisss92h96n689797k2rzlikzdpqm-gawk-5.3.1
  /nix/store/dih8vf5naf93c0wcfxqa9pll3k7iv9bm-gcc-14-20241116
  /nix/store/2lhklm5aizx30qbw49acnrrzkj9lbmij-gcc-14-20241116-lib
  /nix/store/h03dvda05kajz6ja7zx9lxgwzn3l0wcb-gcc-14-20241116-libgcc
  /nix/store/ii75mhh7sxl11167m1b86p0qrjsjyjmd-gcc-wrapper-14-20241116
  /nix/store/dxh474930b153v50p3f13i27iy68j6mc-gd-2.3.3
  /nix/store/kivplbrakckhld7nvmq1dpj0bpib82bm-gdbm-1.24-lib
  /nix/store/pwx85z3qpqcg1y1dsgnqv61w2mkk2xnw-gdk-pixbuf-2.42.12
  /nix/store/fcdkag93vlvv7b7833yd1fkx0b1nnp18-getent-glibc-2.40-66
  /nix/store/sn7508ryy1fsw7yfqyzjfsblma7226i3-gettext-0.22.5
  /nix/store/wbn27zhv3cxrsl0g2vv64wlsl5fxlgns-gfortran-14-20241116
  /nix/store/j479i59kiqq1wm1yaa10ir6c1rvmfa4a-gfortran-14-20241116-lib
  /nix/store/iggp8jkpry39qxi0shpjgswh2llh9j7j-gfortran-14-20241116-libgcc
  /nix/store/1ighxngml0jm35485mmffzyv7kyn5jbq-gfortran-wrapper-14-20241116
  /nix/store/cvqcgs15w4ddrmq1k9a8hy9fgpmcrc6a-giflib-5.2.2
  /nix/store/w1nz8qqc1l0dk6af9s36zchba3hm04ry-glib-2.82.4
  /nix/store/nlr4v7ydiwmsz9wzvf0x4ax77j89ri9x-glib-2.82.4-bin
  /nix/store/18la66bfb39im9k4f97i1ksxlk8rwm09-glib-2.82.4-dev
  /nix/store/6q2mknq81cyscjmkv72fpcsvan56qhmg-glibc-2.40-66
  /nix/store/4q7kqnnr018yr54dsqdc5gvfqkwm6xa5-glibc-2.40-66-bin
  /nix/store/1ycjq6h047qqwp3fm9sbl805xnrxlh2h-glibc-2.40-66-dev
  /nix/store/8v8zywxx7wrr5lzq48rmbai0gc7jnrxl-glibc-2.40-66-getent
  /nix/store/5pbn6lx2cbrr1arlcb86y18hvand66l1-glibc-iconv-2.40
  /nix/store/ivq3f5npa6gj41mqrvbb8mwl5d0y8rav-glibc-locales-2.40-66
  /nix/store/c5yrpijpdqrlhkrnv4hnrj8knfjwwaiq-gmp-6.3.0
  /nix/store/3nd1d0hg5l240vr2i1xy5j3vq3ws2sw7-gmp-with-cxx-6.3.0
  /nix/store/yr1w7yzbqqj30a7qnn1yhzn2a2jb6h7h-gmp-with-cxx-6.3.0
  /nix/store/yx755k52xksmfpvr47pzdhynnnrdd340-gnu-config-2024-01-01
  /nix/store/yz6nq9v29l3g990w8zlqsnzlzbicd3b3-gnugrep-3.11
  /nix/store/62ks0dh3k59im6jqmxcxyd19w9rfjcry-gnumake-4.4.1
  /nix/store/igb4cs8hkwgfhydg1gngjisrl4rbzcwb-gnupg-2.4.7
  /nix/store/fcny04vmfnkqc4ym5m9znckswlq9pglg-gnused-4.9
  /nix/store/ya52zl80q1dk64kfbv8512g19bib5svf-gnutar-1.35
  /nix/store/7pjr9w641d1zjavypajwzzbngj1qz7kj-gnutls-3.8.6
  /nix/store/wxh1kan1q69cd1s6a3yvcxhp6b300k2d-gobject-introspection-1.82.0
  /nix/store/631xgpgdbjr0ywj2fqvc0rxiari3hm0d-graphite2-1.3.14
  /nix/store/vhw35fwy0qfmyvih5qa1v0r2yzvfdvr8-graphite2-1.3.14-dev
  /nix/store/05pll8bxvxzdb4xnxkj9hd776fp4mckz-graphviz-12.2.1
  /nix/store/f4ibz405hh39ln366g38hr96dvb85q84-gsettings-desktop-schemas-47.1
  /nix/store/lfjyqlk2q4dk1idfq6lfdqijflx6khqs-gtk+3-3.24.48
  /nix/store/d11m00npl3yxjkzxzk3ldlhby2zhi7r5-gts-0.7.6
  /nix/store/lyy4lg0f566qwmjzf2fgl4zfiz3yp046-gzip-1.13
  /nix/store/33pqwy7v52hkknizv779l8gly58rkb4h-harfbuzz-10.2.0
  /nix/store/nfshcmab8vv7cqrnb37i2lid67p03gj8-harfbuzz-10.2.0-dev
  /nix/store/jbnm36wq89c7iws6xx6xvv75h0drv48x-icu4c-76.1
  /nix/store/x4mxg72g9k7srfvp7pndgn7r92savaf6-icu4c-76.1-dev
  /nix/store/wkn8wb5isq2m99d7043fklcf4z72hb79-iptables-1.8.11
  /nix/store/9rr4g1wifwqgwslgn8p3vfacm38g5dxy-isl-0.20
  /nix/store/4k50fx9ig8qby5hs3rv24951lqf61c3x-iso-codes-4.17.0
  /nix/store/qjklaa29w72bi1jhvp176yms1a51s4x1-json-c-0.18
  /nix/store/jxhxfbjkhyycs7lm58sq28py8bzi4sb8-json-glib-1.10.6
  /nix/store/k244ypypcdj98ys9vw1x2nlrdl2wx6hv-kbd-2.7.1
  /nix/store/ph6c5sdpf25p7l37j6bnl6snwg8gd3yz-kexec-tools-2.0.29
  /nix/store/hkg4xmd4nnlqgfhxkpfzlwdgm15vdsmd-keyutils-1.6.3-lib
  /nix/store/d60481jmwlgh80kxrn4bmfmkpxmv2cip-kmod-31
  /nix/store/qa0gr6y7cn11ngnv40xvqzx0cnx0nk89-kmod-31-lib
  /nix/store/896qm3s83q143zvm8q8lx4s9lmsypqb7-krb5-1.21.3
  /nix/store/5psqk8j1cackb01qqwg9r0wgqs9pwp93-krb5-1.21.3-dev
  /nix/store/wf5nbjqn7m899zbpv38vbpyc5jk773qa-krb5-1.21.3-lib
  /nix/store/fslsm5pjn6p860ffq3jm5p1fj83z40x4-lapack-3
  /nix/store/zm14f54xdk20q6l099vrywnxy2cb9l6q-lapack-3-dev
  /nix/store/3d4cbyyk0b7236w7pzzbfjjjab66yi1n-lcms2-2.17
  /nix/store/yk718k8cqn4csqqdmj0c949p66cf5hpa-lerc-4.0.0
  /nix/store/y12mnfgyr15fp4zjx4j5yilbaxr1h7bl-libICE-1.1.2
  /nix/store/cypr5jldwldgxjprp62sk7n7hqk099iy-libICE-1.1.2-dev
  /nix/store/zngic6ia4sfd7mjnflcjpv2qa0nlryn3-libSM-1.2.5
  /nix/store/dsqvrw207zish1gaai8clnj0d2mam8rc-libSM-1.2.5-dev
  /nix/store/3gbmgijyy53d1cm551zxhgaglkvvv44m-libX11-1.8.11
  /nix/store/0dzc6lpnpyzxmr0ajxysqraclzkrnq7y-libX11-1.8.11-dev
  /nix/store/ljc79jd05mj30nrvdj29gqpaqyzrby54-libXau-1.0.12
  /nix/store/s3hxk68qh18karkngz0assv9c9738gbz-libXau-1.0.12-dev
  /nix/store/1qdi1jwq5jivs7zqkccwwk24wbmiici6-libXcomposite-0.4.6
  /nix/store/6xc6cxassd09k64fz0qdx1qmcl1nycwv-libXcursor-1.2.3
  /nix/store/4nwh0wirk7iifiy699sfvcdr4383y88v-libXdamage-1.1.6
  /nix/store/cwlgpi6p0v508z9fs7a5d8knkw49q16q-libXdmcp-1.1.5
  /nix/store/lf3xlba7qp1fjiw8n9bafx8jnlyviqj5-libXext-1.3.6
  /nix/store/0xbkxc11gkm55zj4rmvaiici4v2zbm7c-libXext-1.3.6-dev
  /nix/store/b9n5316865nhjimn08wl7vj7r6kaazc2-libXfixes-6.0.1
  /nix/store/zz17s9qb8xmjkjqw71km98sdqbvxgc32-libXft-2.3.8
  /nix/store/6g3f8cflds6fd3f3mqcg1xdz3msmjhlv-libXft-2.3.8-dev
  /nix/store/bmfsil78m487k4y59d9j27k484nqv5vm-libXi-1.8.2
  /nix/store/pv8rsy7zhmb0l0vxf0pl2jwhg6iv8k8k-libXinerama-1.1.5
  /nix/store/vmk9lzfba87nry4913742qq8a262bf2s-libXmu-1.2.1
  /nix/store/sivdjx0v1lfiv7b8kjxvj5q2vr7jwmb5-libXmu-1.2.1-dev
  /nix/store/vimgw9ifhgrd4g8dq0qqcramybisn4ni-libXpm-3.5.17
  /nix/store/vc71fdmh5aq6nhbli31d9bsaq8608a2q-libXrandr-1.5.4
  /nix/store/bkgn8q6wgdxcjzk75y8bzqpj3v179k9d-libXrender-0.9.12
  /nix/store/9zccrx2dbv1fh7nd17i6vzjvk8km84cx-libXrender-0.9.12-dev
  /nix/store/0jzv78i77bwrcdmbsr8k6zv2q2fpn97s-libXt-1.3.1
  /nix/store/mzjnlcj0dcrlnv2v5cxi1ls4p587xa4q-libXt-1.3.1-dev
  /nix/store/7v9wb40nbi50gvz7w7vvc8l8g7p07npc-libXtst-1.2.5
  /nix/store/iqs8if566ls6g6rg8agqyk7y9vx3w9lw-libaom-3.11.0
  /nix/store/bdp8pmzdx4547wamagzdv7png0q63gp5-libaom-3.11.0-bin
  /nix/store/yb0xaak15d08bynw5hzq7mpbybma1wv9-libaom-3.11.0-dev
  /nix/store/ib2hpfc5fksm0jkr6yqv3s3syi59rbaf-libapparmor-4.0.3
  /nix/store/prbl71gqvvgayibqlsbki896aih898s7-libarchive-3.7.7-lib
  /nix/store/q9b913kwn7al0z6cmzicy0k2dd9m7f6c-libassuan-2.5.7
  /nix/store/2wv6adr9n2bhafh9wmwkpxmf6p8lf6n3-libavif-1.1.1
  /nix/store/6z44p7d7g8vghq4gchzddba661c35q6g-libbpf-1.5.0
  /nix/store/a62w4qh6z9zxr5scssnmd79mkdc7dd3x-libcap-2.73-lib
  /nix/store/j2q3dmjb4fcnm1wdi8sskb7n1xm3hhzp-libcbor-0.11.0
  /nix/store/ikm4ff7x7yghnj8kfjc7d3gnk5fh0y9w-libcpuid-0.7.1
  /nix/store/0fpd6r01r98afjcwcg23yvnxaym2jnkf-libdaemon-0.14
  /nix/store/50vhqkz8zlk30bf1r27il2fjkigyp8kc-libdatrie-2019-12-20-lib
  /nix/store/lsh3hw6n2gj392n9f1p41rf13xks8dvy-libdeflate-1.23
  /nix/store/i5h9ipavzgv7j4z8ml1cxrz5z6jn1j5f-libedit-20240808-3.1
  /nix/store/mlsj1yiiqwkshrncicgh1s6v4ykc9394-libepoxy-1.5.10
  /nix/store/mg4dm7nyhglyq9mb2a0lvzcdgbb9fjcj-libev-4.33
  /nix/store/lk0j5j5a159q5900f91jr013pi3ydkpx-libevent-2.1.12
  /nix/store/yb4mmz2g10hvm0j0mzv2ns71f50kadwq-libffi-3.4.6
  /nix/store/67617jsv3msi2kdhms1xl30vzdnaqfg1-libffi-3.4.6-dev
  /nix/store/1lmvb2sjzfpxk57bvh7ly21q9nk5m2l8-libfido2-1.15.0
  /nix/store/jsh85zj9z1shxac199wyanbnyi3rdk5h-libgcrypt-1.10.3-lib
  /nix/store/n7xfvhx1x21fx6wkh8gcdg2nbc7abf30-libgit2-1.9.0-lib
  /nix/store/4yhzwb09jja7wfifhh0qv9d671gf0g8c-libglvnd-1.7.0
  /nix/store/6vv0cha67cjlx7314vznlqxazaxllz2w-libgpg-error-1.51
  /nix/store/wm87zrqsi07as7jvr3lyzawhlql577l7-libidn2-2.3.7
  /nix/store/q1l9jrra9djlmrghdz8q6bnfhib8076y-libidn2-2.3.7-bin
  /nix/store/jhb5sz19kdh69cb87qjwb87b3fn98g8i-libidn2-2.3.7-dev
  /nix/store/svwdpkr5x0r8x93x1fzhqxzsb63d8157-libjpeg-turbo-3.0.4
  /nix/store/5qgw1w0izigi42hv2gh3q5ja38qc12mz-libjpeg-turbo-3.0.4-bin
  /nix/store/7iwxmy3057hx47wfb3vnk9s2xfk5z77l-libjpeg-turbo-3.0.4-dev
  /nix/store/0xd28aks75aiqh2pbn0w4rnmmn1gd0jz-libmicrohttpd-1.0.1
  /nix/store/5qcfx5ka11hqhwqlck5z90gvm30vz8x8-libmnl-1.0.5
  /nix/store/gaqz2blpvn9qns04dfhl3kmvbq9mlgff-libmpc-1.3.1
  /nix/store/ngwibqh4m98gw37r0y1ll502zffh1fh1-libnetfilter_conntrack-1.1.0
  /nix/store/xp02mmsfn107pi2sqwvyms9ijp9llrnl-libnfnetlink-1.0.2
  /nix/store/2l74px7krl2cgpzd0sx25hrhiy1q06qg-libnftnl-1.2.8
  /nix/store/62b6z81lvy2sxj80q9zmi9h1ammv3rjj-libnl-3.11.0
  /nix/store/xa2b082pn7vbxf277qxqbr7jr9mfmfvc-libpcap-1.10.5
  /nix/store/lji3yw95924cjhrb99xmsj2mazmq9ibc-libpng-apng-1.6.46
  /nix/store/xfsw9d5d1vi8891majlvd5nwix24w5m2-libpng-apng-1.6.46-dev
  /nix/store/9w08xq7p1h2xc6qwqiv5fn09cz80csp9-libpsl-0.21.5
  /nix/store/j5qbqqwazw9lgdzv6hpkp2565bhbsz29-libpsl-0.21.5-dev
  /nix/store/p3xm6j4w1dkmj8wadzg49xmnq4yq42bp-libpwquality-1.4.5-lib
  /nix/store/pb6r4zih5jiizwjbabc40ljpljpbbqnr-libseccomp-2.6.0-lib
  /nix/store/dcq3qnhfj1h1dz3isgj9q778mc1zqw5k-libselinux-3.7
  /nix/store/zrbgk7ki1bgsjqzqqhn00nkax1b02f24-libsodium-1.0.20
  /nix/store/5hf9d39saka0x6vs1lvff4xr8vl3cpf0-libsoup-3.6.4
  /nix/store/kfbkndd5rn6mrh3lwc8ykss9xxv4jzhb-libssh2-1.11.1
  /nix/store/b8h2b0jjxajjz0768cx81d40ixgwv2ii-libssh2-1.11.1-dev
  /nix/store/10knk56rgpnxqdxpsi1hqz4x5f8dcx4r-libtasn1-4.20.0
  /nix/store/cvnjlz3h6h15wnybxzfcpkhhd6savz44-libthai-0.1.29
  /nix/store/nl0f2s5fpm77g3008i7xj3wvpjyjpi77-libtiff-4.7.0
  /nix/store/75zx072bnasr4jd7ldn2zsqryi5sr9wb-libtiff-4.7.0-bin
  /nix/store/brnpqcq8j05iil727v8bxivf4d9jaji3-libtiff-4.7.0-dev
  /nix/store/k1s3r3w0bir7s06avs8bq4k8bpksl7b5-libtool-2.5.4-lib
  /nix/store/ffyp2yvx5gj0c8705dihww011i16sfyw-libtpms-0.10.0
  /nix/store/bpdm3x8i7qwg8b7wq9h7y78qw1390ni5-libunistring-1.3
  /nix/store/a30rmx5vhb5algbm1bgcnrqwgssdlf59-libvmaf-3.0.0
  /nix/store/1sm36gahlgymqczw7x7kp6sgwxc8rjqk-libvmaf-3.0.0-dev
  /nix/store/499sw848rsz413147wrqsa8y739ivh04-libwebp-1.5.0
  /nix/store/586sqy4wkzhhmwd3mg79al8jp76qqhny-libwebp-1.5.0
  /nix/store/nnq0lx0z6ncwsdmsn1prgh1d1m3hdp5i-libxcb-1.17.0
  /nix/store/sibgd1gglnjm3vzj9zwbd02i1zxg5air-libxcb-1.17.0-dev
  /nix/store/cy9r24swns95mwf56n8krzy5jlcmn1qp-libxcrypt-4.4.38
  /nix/store/i4lsq7llz17yv7yyaishh0sv53rks7kd-libxkbcommon-1.7.0
  /nix/store/hvmz002ll9lsfapbvnfsp1yrwwh4c9sy-libxml2-2.13.5
  /nix/store/h8093yd2yqhgy0kc91yanbxm6g7dplg9-libyuv-1787
  /nix/store/zb5bqddf0pjyp98cpchnxcb1ji5f8j7f-linux-headers-6.12.7
  /nix/store/l6dxx5g9mclg8n7vv83y1b00x0gigw6s-linux-pam-1.6.1
  /nix/store/zhcvwwx8pi2q60497fp4czwklfcgxsmj-llhttp-9.2.1
  /nix/store/7sp2jvkpwj492dj4pvl76cqrk3ad9pkd-lowdown-1.3.2-lib
  /nix/store/ihgxyy1ijvjv52gxj3g27lwcwmcj20s7-lvm2-2.03.30-lib
  /nix/store/77xw5f96raabi2fiv7qy8zl2v8zwd9kr-lz4-1.10.0-lib
  /nix/store/1wj936gd4hiah7cnwjyqfl8fygkgnm5x-mailcap-2.1.54
  /nix/store/li3s2p26wxx53k9riafzc6cjskhca4jg-mpdecimal-4.0.0
  /nix/store/yqnri3mrrlswdi7xb5pih5cdqd1c909g-mpfr-4.2.1
  /nix/store/zfzp3y7vicn7j2cxbzz5zd365wwmwshy-ncompress-5.0
  /nix/store/x8nrg8zjns1zc5nvw0sf576ak50b5gzp-ncurses-6.5
  /nix/store/1dj03pw64qnwzf6rj2zxw0xhycl6f3l5-ncurses-6.5-dev
  /nix/store/2syhp1ijqs5y8hf0crykpzb5pix9vpyp-ncurses-6.5-man
  /nix/store/crnsbs2v9lx0mqvwwi88mnvlx0xbcbm9-nettle-3.10.1
  /nix/store/mp1ck5fd06fj1is6js0p2a82ah3727dw-nghttp2-1.64.0
  /nix/store/7scdhgngdava24rjjz5rhzarw3mrqzxl-nghttp2-1.64.0-dev
  /nix/store/gv1757ayjx08vj3jwaldj7fhdfg8kw0a-nghttp2-1.64.0-lib
  /nix/store/xxh7mivp64xmzyw5wir2c2xbhy6cjzjd-nix-2.24.12
  /nix/store/40s5f5gcpdcqiz1af98gi7yjgdrm5z1g-nix-2.24.12-man
  /nix/store/rvr2z5jn7irfg87qjx3zbvqxm4ip1gh2-npth-1.8
  /nix/store/l5kp4cmrbhdvdipcmbanjpavix8kwlpp-openblas-0.3.29
  /nix/store/5m726l670vmr6jw2ry70h1abr7lx0881-openjdk-21.0.5+11
  /nix/store/z2g8g76mw8xkyniz5yxnrn8r0gpdckzy-openssl-3.4.1
  /nix/store/hk3rdjmnag5sk9mnri3k0xyj425sx6qv-openssl-3.4.1-bin
  /nix/store/7dp0ay805yh80xvxmdad49hwyqaqzg37-openssl-3.4.1-dev
  /nix/store/g4wnpmlwi8j00dh9bz2jcal455w5ywjh-p11-kit-0.25.5
  /nix/store/j63vwq8lhj4rgix8an1bqnhlsis3qfma-pango-1.56.1
  /nix/store/6s4n9nrwrsycjb7mgpm61kgnibxdgzd9-pango-1.56.1-bin
  /nix/store/rznmp2sm3n8a3xvr0vyf4111fw2dkwn8-pango-1.56.1-dev
  /nix/store/rz7sygmhwy9msd1803m2w0qvrvxnflwd-patch-2.7.6
  /nix/store/zsc85w8i8fd0sfqr7jiglmw106sxjx6b-patchelf-0.15.0
  /nix/store/1ibgqrs6r9s5fx060k8siq0flgysp28a-pcre2-10.44
  /nix/store/ify66cw1nasidgbiiyc5744zxb5h52li-pcre2-10.44-bin
  /nix/store/jys6j8aixz38dgjkk4232ji08l2lxg1k-pcre2-10.44-dev
  /nix/store/9dv3lp8ia8v1bi81vjhlk21zhj8v65gl-pcsclite-2.3.0-lib
  /nix/store/c3yyq264dsw6s9q7mdj5748243dvjv7j-pixman-0.44.2
  /nix/store/gyhf8axd0fa8l9rkz1v4sip1fi9h61gd-publicsuffix-list-0-unstable-2025-01-16
  /nix/store/26yi95240650jxp5dj78xzch70i1kzlz-python3-3.12.9
  /nix/store/ksb6wpllcgnnb22zp19i5d47wlkg7r3i-python3.12-packaging-24.2
  /nix/store/d6xrn3nrfigwis3msw0iaa15kfc0k0bf-qrencode-4.1.1
  /nix/store/43kw9d83sic119f0z7vyz44ykm1gpymf-r-R6-2.6.1
  /nix/store/2yk5s5mwvwm0aw89adlfhwyzkkbwdq2n-r-cli-3.6.4
  /nix/store/8jxn67jrv66l9lpg12i14rzgcgimxsdc-r-dplyr-1.1.4
  /nix/store/39sjiphjm856lfrl4qysn9lgjgrna2lk-r-fansi-1.0.6
  /nix/store/b5lwrbv5gd4yq2dz3ja9ykw0gl0jnkzd-r-generics-0.1.3
  /nix/store/zhizxvs8hxh3k1svfz9pjnsjp515xvbd-r-glue-1.8.0
  /nix/store/dc7ds8wk6qm02fphp3dlg1a0rdr73npj-r-lifecycle-1.0.4
  /nix/store/342mffn055xhda89kfcs610wi5nkf9wa-r-magrittr-2.0.3
  /nix/store/n326k72x13gwzrx3nw4ypyj7aklksgfc-r-pillar-1.10.1
  /nix/store/zmyqgq6r04gs44f82d1zkk8wqjavq814-r-pkgconfig-2.0.3
  /nix/store/0ipck56r3lq59y6rzr584f3m0p9qscii-r-rlang-1.1.5
  /nix/store/0i4amjcv8dc1bd3p24avbrzigjpy5big-r-tibble-3.2.1
  /nix/store/7cbi3zldyy7mpidc2qk5di8z856xfc3w-r-tidyselect-1.2.1
  /nix/store/nfamjy6w9nbiaxl4vsvflbf8mp0f5iar-r-utf8-1.2.4
  /nix/store/5q7bbg7bfirsnpjpwff7akjvnw05s1jn-r-vctrs-0.6.5
  /nix/store/mkcc624lavs44jx1skrh5v1f9nygz2c1-r-withr-3.0.2
  /nix/store/l7ah0gkkfrq31iy8aliqrby81js4rh81-readline-8.2p13
  /nix/store/nngggg1c1gqsip89cf7308bng2ikplh3-readline-8.2p13-dev
  /nix/store/s4ljc6z2y6g127rvqpdrmjcyglqml3xa-s2n-tls-1.5.11
  /nix/store/sklg4w0mkm8yk9vkywvw71jgldfsyxy4-set-java-classpath-hook
  /nix/store/cnz2csrlhr4cssfp8cvzi6n0gzyykgkl-sqlite-3.48.0
  /nix/store/5fy7sqf7zpi84wy2nbq3ijwlih085psh-stdenv-linux
  /nix/store/83a0wfzmb0v5bzr5bv0zvx14g733x3dv-systemd-257.2
  /nix/store/418jyr3cpqh2awn7y6ksciydpmwfnd14-systemd-minimal-257.2
  /nix/store/hhi9131ma5gjwyxvv1wqishydl6jrwdg-systemd-minimal-libs-257.2
  /nix/store/90f9kms8y7avrkaxlhz6npvvww673f8m-tcl-8.6.15
  /nix/store/vbikyfapszww843p2l4vkgw0hfd1q1sy-tinysparql-3.8.2
  /nix/store/fabyx9fisilwsp5fyp0z4y34jbvvq940-tk-8.6.15
  /nix/store/f5hcsisbcfngqc4xq35j31z7c9dqzhm1-tk-8.6.15-dev
  /nix/store/ynp4mi31k05pzi4ka3j7yfkq2a8lqljn-tpm2-tss-4.1.3
  /nix/store/pzi38xllbgp4pisk17l4hi28mhr67xkq-tzdata-2025a
  /nix/store/5z2g6q302s3g611i0fq5219g4qriasiq-unbound-1.22.0-lib
  /nix/store/fk7fh076bdczdy81cfibwc6fmqljvfgs-update-autotools-gnu-config-scripts-hook
  /nix/store/656997345zv40n6hw9ii2aci8ca25gng-util-linux-minimal-2.40.4-lib
  /nix/store/xl5lfmb7654gkfrbfj1f0yzbzlhj1nh5-util-linux-minimal-2.40.4-login
  /nix/store/r0r239s3irr132093y9775hhidhb9alk-util-linux-minimal-2.40.4-mount
  /nix/store/bxy529wacswmq8qlz9gwdaigybbspdl5-util-linux-minimal-2.40.4-swap
  /nix/store/isw40z674zdwaagwzlq0cf1hqb8s5xi4-wayland-1.23.1
  /nix/store/gz7xfvy4l9c54bxahaf2kn9rhwdpqx4z-which-2.23
  /nix/store/78qyrv70jf0pz76awkh9pd5lkcr325z5-xgcc-14-20241116-libgcc
  /nix/store/picy3xqh83a8a0l20f77ri9rdcpdnb58-xkeyboard-config-2.44
  /nix/store/bbka2a21hriaw5rr7fj8m8p63ayjn5rq-xorgproto-2024.1
  /nix/store/j3rkb3rqcss7gld04innkw8rxr29drpz-xz-5.6.4
  /nix/store/41y9rj41ni0j5x3diw5cv8f9nya2rj67-xz-5.6.4-bin
  /nix/store/21rh7z4nfgx5fpxf7gsw4kfj8xicxzal-xz-5.6.4-dev
  /nix/store/bb9h0qjkl5fh6yr48lw3930gdwvackh5-zlib-1.3.1
  /nix/store/fidbdimfbqlhf93pmqdk50k0j9fgbafd-zlib-1.3.1-dev
  /nix/store/afrpj8g7i3hvvl1841apa6a7n3viv6pf-zstd-1.5.6
  /nix/store/80ghgci4inc4676rdy4qn2vdswvxydxa-zstd-1.5.6-bin
  /nix/store/jzcj1ik4c6nrj98khkmd36234c7gk86p-zstd-1.5.6-dev
copying path '/nix/store/ivq3f5npa6gj41mqrvbb8mwl5d0y8rav-glibc-locales-2.40-66' from 'https://cache.nixos.org'...
copying path '/nix/store/c48cm81y30rp8b2gxddfn2gdwa3sz0yg-R-4.4.2-tex' from 'https://cache.nixos.org'...
copying path '/nix/store/5g5pv9lxaj0jpx7h09v87bakfp8rh4bk-busybox-1.36.1' from 'https://cache.nixos.org'...
copying path '/nix/store/40s5f5gcpdcqiz1af98gi7yjgdrm5z1g-nix-2.24.12-man' from 'https://cache.nixos.org'...
copying path '/nix/store/43kw9d83sic119f0z7vyz44ykm1gpymf-r-R6-2.6.1' from 'https://rstats-on-nix.cachix.org'...
copying path '/nix/store/b5lwrbv5gd4yq2dz3ja9ykw0gl0jnkzd-r-generics-0.1.3' from 'https://cache.nixos.org'...
copying path '/nix/store/pzi38xllbgp4pisk17l4hi28mhr67xkq-tzdata-2025a' from 'https://cache.nixos.org'...
copying path '/nix/store/bbka2a21hriaw5rr7fj8m8p63ayjn5rq-xorgproto-2024.1' from 'https://cache.nixos.org'...
copying path '/nix/store/wx5qzp42x0fsqwyvf178yk9w4wfx2shc-curl-8.12.0-man' from 'https://cache.nixos.org'...
copying path '/nix/store/ii79a9jik2bnxws5kgxdmh9xi2vpn2z6-dejavu-fonts-minimal-2.37' from 'https://cache.nixos.org'...
copying path '/nix/store/h03dvda05kajz6ja7zx9lxgwzn3l0wcb-gcc-14-20241116-libgcc' from 'https://cache.nixos.org'...
copying path '/nix/store/iggp8jkpry39qxi0shpjgswh2llh9j7j-gfortran-14-20241116-libgcc' from 'https://cache.nixos.org'...
copying path '/nix/store/yx755k52xksmfpvr47pzdhynnnrdd340-gnu-config-2024-01-01' from 'https://cache.nixos.org'...
copying path '/nix/store/bpdm3x8i7qwg8b7wq9h7y78qw1390ni5-libunistring-1.3' from 'https://cache.nixos.org'...
copying path '/nix/store/2syhp1ijqs5y8hf0crykpzb5pix9vpyp-ncurses-6.5-man' from 'https://cache.nixos.org'...
copying path '/nix/store/zb5bqddf0pjyp98cpchnxcb1ji5f8j7f-linux-headers-6.12.7' from 'https://cache.nixos.org'...
copying path '/nix/store/nzl6dw0zr3s9zc4mi4s1k4w945hpdqzg-alsa-topology-conf-1.2.5.1' from 'https://cache.nixos.org'...
copying path '/nix/store/clp84nbp2bf3baxna0is4inrzh5950vl-dns-root-data-2024-06-20' from 'https://cache.nixos.org'...
copying path '/nix/store/f4ibz405hh39ln366g38hr96dvb85q84-gsettings-desktop-schemas-47.1' from 'https://cache.nixos.org'...
copying path '/nix/store/4k50fx9ig8qby5hs3rv24951lqf61c3x-iso-codes-4.17.0' from 'https://cache.nixos.org'...
copying path '/nix/store/1wj936gd4hiah7cnwjyqfl8fygkgnm5x-mailcap-2.1.54' from 'https://cache.nixos.org'...
copying path '/nix/store/gyhf8axd0fa8l9rkz1v4sip1fi9h61gd-publicsuffix-list-0-unstable-2025-01-16' from 'https://cache.nixos.org'...
copying path '/nix/store/zmyqgq6r04gs44f82d1zkk8wqjavq814-r-pkgconfig-2.0.3' from 'https://cache.nixos.org'...
copying path '/nix/store/sklg4w0mkm8yk9vkywvw71jgldfsyxy4-set-java-classpath-hook' from 'https://cache.nixos.org'...
copying path '/nix/store/mkcc624lavs44jx1skrh5v1f9nygz2c1-r-withr-3.0.2' from 'https://cache.nixos.org'...
copying path '/nix/store/fk7fh076bdczdy81cfibwc6fmqljvfgs-update-autotools-gnu-config-scripts-hook' from 'https://cache.nixos.org'...
copying path '/nix/store/78qyrv70jf0pz76awkh9pd5lkcr325z5-xgcc-14-20241116-libgcc' from 'https://cache.nixos.org'...
copying path '/nix/store/aj9ghn372sw2yvw7lg0wknxwljfs7il9-fontconfig-2.16.0' from 'https://cache.nixos.org'...
copying path '/nix/store/picy3xqh83a8a0l20f77ri9rdcpdnb58-xkeyboard-config-2.44' from 'https://cache.nixos.org'...
copying path '/nix/store/wm87zrqsi07as7jvr3lyzawhlql577l7-libidn2-2.3.7' from 'https://cache.nixos.org'...
copying path '/nix/store/6q2mknq81cyscjmkv72fpcsvan56qhmg-glibc-2.40-66' from 'https://cache.nixos.org'...
copying path '/nix/store/xwq5zy7463ldwx701h7sv2i368nazrrp-aws-c-common-0.10.3' from 'https://cache.nixos.org'...
copying path '/nix/store/xqx1wf2ycqam9mcs80i7xdj4j65hqd34-attr-2.5.2' from 'https://cache.nixos.org'...
copying path '/nix/store/asz0h8na497lzq229rr0xwq2vy86dmw2-brotli-1.1.0-lib' from 'https://cache.nixos.org'...
copying path '/nix/store/295kd1g185r49amb7dyi94h0p67jjlm2-dav1d-1.5.1' from 'https://cache.nixos.org'...
copying path '/nix/store/11ciq72n4fdv8rw6wgjgasfv4mjs1jrw-bash-5.2p37' from 'https://cache.nixos.org'...
copying path '/nix/store/ij14xlvx761j6qlzxnk3dibdw7j78xv0-ed-1.21' from 'https://cache.nixos.org'...
copying path '/nix/store/b7yr6421mnb4p2iic7rrmqn3r0lx492w-c-ares-1.34.4' from 'https://cache.nixos.org'...
copying path '/nix/store/g7hygw4787q6fqsjrfaj11impms4bg52-bzip2-1.0.8' from 'https://cache.nixos.org'...
copying path '/nix/store/v12p37wj6kh7s0cb0am3a2lgfc07klk7-expand-response-params' from 'https://cache.nixos.org'...
copying path '/nix/store/y6g2bmbgdk3c36fzwpzr8bd8cypx2cvj-expat-2.6.4' from 'https://cache.nixos.org'...
copying path '/nix/store/0qxqpg2wp7wf7m2p4mxqv8arwj71ixq2-fribidi-1.0.16' from 'https://cache.nixos.org'...
copying path '/nix/store/72cbhjy7g4awjkn3d8mcnnis6f7kyg7c-expand-response-params' from 'https://cache.nixos.org'...
copying path '/nix/store/2lhklm5aizx30qbw49acnrrzkj9lbmij-gcc-14-20241116-lib' from 'https://cache.nixos.org'...
copying path '/nix/store/8vlhihi5mh3091yw7xc94z4vfdjdibcw-editline-1.17.1' from 'https://cache.nixos.org'...
copying path '/nix/store/87igisss92h96n689797k2rzlikzdpqm-gawk-5.3.1' from 'https://cache.nixos.org'...
copying path '/nix/store/kivplbrakckhld7nvmq1dpj0bpib82bm-gdbm-1.24-lib' from 'https://cache.nixos.org'...
copying path '/nix/store/j479i59kiqq1wm1yaa10ir6c1rvmfa4a-gfortran-14-20241116-lib' from 'https://cache.nixos.org'...
copying path '/nix/store/cvqcgs15w4ddrmq1k9a8hy9fgpmcrc6a-giflib-5.2.2' from 'https://cache.nixos.org'...
copying path '/nix/store/8n4p2v4kqy97qjfwg4hdrcjl9qjailqy-bzip2-1.0.8-bin' from 'https://cache.nixos.org'...
copying path '/nix/store/4q7kqnnr018yr54dsqdc5gvfqkwm6xa5-glibc-2.40-66-bin' from 'https://cache.nixos.org'...
copying path '/nix/store/8v8zywxx7wrr5lzq48rmbai0gc7jnrxl-glibc-2.40-66-getent' from 'https://cache.nixos.org'...
copying path '/nix/store/c5yrpijpdqrlhkrnv4hnrj8knfjwwaiq-gmp-6.3.0' from 'https://cache.nixos.org'...
copying path '/nix/store/jpbbkpwhgvdr0sgf6x9iv9ysrhd5416x-acl-2.3.2' from 'https://cache.nixos.org'...
copying path '/nix/store/62ks0dh3k59im6jqmxcxyd19w9rfjcry-gnumake-4.4.1' from 'https://cache.nixos.org'...
copying path '/nix/store/fcny04vmfnkqc4ym5m9znckswlq9pglg-gnused-4.9' from 'https://cache.nixos.org'...
copying path '/nix/store/1w7jgpkaxv5plbwgmsccsn1sfax67qk0-brotli-1.1.0' from 'https://cache.nixos.org'...
copying path '/nix/store/m1mawv7cd02jxi6q9x6sas6pzvsj9s89-aws-c-compression-0.3.0' from 'https://cache.nixos.org'...
copying path '/nix/store/fcdkag93vlvv7b7833yd1fkx0b1nnp18-getent-glibc-2.40-66' from 'https://cache.nixos.org'...
copying path '/nix/store/j0mjxr1g9s6v37mmn9b72gg4964ix85p-aws-c-sdkutils-0.2.1' from 'https://cache.nixos.org'...
copying path '/nix/store/xdmzrsvh8b2zqyv0w4v1qkcv7xm4z3cr-aws-checksums-0.2.2' from 'https://cache.nixos.org'...
copying path '/nix/store/93zpc1qaq64v4b50qxxchd6sfqfg13c2-bzip2-1.0.8-dev' from 'https://cache.nixos.org'...
copying path '/nix/store/qjklaa29w72bi1jhvp176yms1a51s4x1-json-c-0.18' from 'https://cache.nixos.org'...
copying path '/nix/store/ya52zl80q1dk64kfbv8512g19bib5svf-gnutar-1.35' from 'https://cache.nixos.org'...
copying path '/nix/store/xs11qqd9rda6drp6g4n5gjvzajvi3b0w-dav1d-1.5.1-dev' from 'https://cache.nixos.org'...
copying path '/nix/store/hkg4xmd4nnlqgfhxkpfzlwdgm15vdsmd-keyutils-1.6.3-lib' from 'https://cache.nixos.org'...
copying path '/nix/store/lyy4lg0f566qwmjzf2fgl4zfiz3yp046-gzip-1.13' from 'https://cache.nixos.org'...
copying path '/nix/store/3d4cbyyk0b7236w7pzzbfjjjab66yi1n-lcms2-2.17' from 'https://cache.nixos.org'...
copying path '/nix/store/h247qymmd9a6djjqm7gf5y868d8w1w8i-brotli-1.1.0-dev' from 'https://cache.nixos.org'...
copying path '/nix/store/y12mnfgyr15fp4zjx4j5yilbaxr1h7bl-libICE-1.1.2' from 'https://cache.nixos.org'...
copying path '/nix/store/ljc79jd05mj30nrvdj29gqpaqyzrby54-libXau-1.0.12' from 'https://cache.nixos.org'...
copying path '/nix/store/9rr4g1wifwqgwslgn8p3vfacm38g5dxy-isl-0.20' from 'https://cache.nixos.org'...
copying path '/nix/store/cwlgpi6p0v508z9fs7a5d8knkw49q16q-libXdmcp-1.1.5' from 'https://cache.nixos.org'...
copying path '/nix/store/ib2hpfc5fksm0jkr6yqv3s3syi59rbaf-libapparmor-4.0.3' from 'https://cache.nixos.org'...
copying path '/nix/store/a62w4qh6z9zxr5scssnmd79mkdc7dd3x-libcap-2.73-lib' from 'https://cache.nixos.org'...
copying path '/nix/store/s3hxk68qh18karkngz0assv9c9738gbz-libXau-1.0.12-dev' from 'https://cache.nixos.org'...
copying path '/nix/store/ikm4ff7x7yghnj8kfjc7d3gnk5fh0y9w-libcpuid-0.7.1' from 'https://cache.nixos.org'...
copying path '/nix/store/cypr5jldwldgxjprp62sk7n7hqk099iy-libICE-1.1.2-dev' from 'https://cache.nixos.org'...
copying path '/nix/store/50vhqkz8zlk30bf1r27il2fjkigyp8kc-libdatrie-2019-12-20-lib' from 'https://cache.nixos.org'...
copying path '/nix/store/lsh3hw6n2gj392n9f1p41rf13xks8dvy-libdeflate-1.23' from 'https://cache.nixos.org'...
copying path '/nix/store/0fpd6r01r98afjcwcg23yvnxaym2jnkf-libdaemon-0.14' from 'https://cache.nixos.org'...
copying path '/nix/store/j2q3dmjb4fcnm1wdi8sskb7n1xm3hhzp-libcbor-0.11.0' from 'https://cache.nixos.org'...
copying path '/nix/store/mg4dm7nyhglyq9mb2a0lvzcdgbb9fjcj-libev-4.33' from 'https://cache.nixos.org'...
copying path '/nix/store/lk0j5j5a159q5900f91jr013pi3ydkpx-libevent-2.1.12' from 'https://cache.nixos.org'...
copying path '/nix/store/1ycjq6h047qqwp3fm9sbl805xnrxlh2h-glibc-2.40-66-dev' from 'https://cache.nixos.org'...
copying path '/nix/store/yb4mmz2g10hvm0j0mzv2ns71f50kadwq-libffi-3.4.6' from 'https://cache.nixos.org'...
copying path '/nix/store/6vv0cha67cjlx7314vznlqxazaxllz2w-libgpg-error-1.51' from 'https://cache.nixos.org'...
copying path '/nix/store/q1l9jrra9djlmrghdz8q6bnfhib8076y-libidn2-2.3.7-bin' from 'https://cache.nixos.org'...
copying path '/nix/store/svwdpkr5x0r8x93x1fzhqxzsb63d8157-libjpeg-turbo-3.0.4' from 'https://cache.nixos.org'...
copying path '/nix/store/5qcfx5ka11hqhwqlck5z90gvm30vz8x8-libmnl-1.0.5' from 'https://cache.nixos.org'...
copying path '/nix/store/xp02mmsfn107pi2sqwvyms9ijp9llrnl-libnfnetlink-1.0.2' from 'https://cache.nixos.org'...
copying path '/nix/store/62b6z81lvy2sxj80q9zmi9h1ammv3rjj-libnl-3.11.0' from 'https://cache.nixos.org'...
copying path '/nix/store/9w08xq7p1h2xc6qwqiv5fn09cz80csp9-libpsl-0.21.5' from 'https://cache.nixos.org'...
copying path '/nix/store/pb6r4zih5jiizwjbabc40ljpljpbbqnr-libseccomp-2.6.0-lib' from 'https://cache.nixos.org'...
copying path '/nix/store/67617jsv3msi2kdhms1xl30vzdnaqfg1-libffi-3.4.6-dev' from 'https://cache.nixos.org'...
copying path '/nix/store/zrbgk7ki1bgsjqzqqhn00nkax1b02f24-libsodium-1.0.20' from 'https://cache.nixos.org'...
copying path '/nix/store/jhb5sz19kdh69cb87qjwb87b3fn98g8i-libidn2-2.3.7-dev' from 'https://cache.nixos.org'...
copying path '/nix/store/10knk56rgpnxqdxpsi1hqz4x5f8dcx4r-libtasn1-4.20.0' from 'https://cache.nixos.org'...
copying path '/nix/store/ngwibqh4m98gw37r0y1ll502zffh1fh1-libnetfilter_conntrack-1.1.0' from 'https://cache.nixos.org'...
copying path '/nix/store/j5qbqqwazw9lgdzv6hpkp2565bhbsz29-libpsl-0.21.5-dev' from 'https://cache.nixos.org'...
copying path '/nix/store/2l74px7krl2cgpzd0sx25hrhiy1q06qg-libnftnl-1.2.8' from 'https://cache.nixos.org'...
copying path '/nix/store/cvnjlz3h6h15wnybxzfcpkhhd6savz44-libthai-0.1.29' from 'https://cache.nixos.org'...
copying path '/nix/store/k1s3r3w0bir7s06avs8bq4k8bpksl7b5-libtool-2.5.4-lib' from 'https://cache.nixos.org'...
copying path '/nix/store/nnq0lx0z6ncwsdmsn1prgh1d1m3hdp5i-libxcb-1.17.0' from 'https://cache.nixos.org'...
copying path '/nix/store/cy9r24swns95mwf56n8krzy5jlcmn1qp-libxcrypt-4.4.38' from 'https://cache.nixos.org'...
copying path '/nix/store/7sp2jvkpwj492dj4pvl76cqrk3ad9pkd-lowdown-1.3.2-lib' from 'https://cache.nixos.org'...
copying path '/nix/store/hvmz002ll9lsfapbvnfsp1yrwwh4c9sy-libxml2-2.13.5' from 'https://cache.nixos.org'...
copying path '/nix/store/zhcvwwx8pi2q60497fp4czwklfcgxsmj-llhttp-9.2.1' from 'https://cache.nixos.org'...
copying path '/nix/store/77xw5f96raabi2fiv7qy8zl2v8zwd9kr-lz4-1.10.0-lib' from 'https://cache.nixos.org'...
copying path '/nix/store/q9b913kwn7al0z6cmzicy0k2dd9m7f6c-libassuan-2.5.7' from 'https://cache.nixos.org'...
copying path '/nix/store/jsh85zj9z1shxac199wyanbnyi3rdk5h-libgcrypt-1.10.3-lib' from 'https://cache.nixos.org'...
copying path '/nix/store/li3s2p26wxx53k9riafzc6cjskhca4jg-mpdecimal-4.0.0' from 'https://cache.nixos.org'...
copying path '/nix/store/yqnri3mrrlswdi7xb5pih5cdqd1c909g-mpfr-4.2.1' from 'https://cache.nixos.org'...
copying path '/nix/store/5qgw1w0izigi42hv2gh3q5ja38qc12mz-libjpeg-turbo-3.0.4-bin' from 'https://cache.nixos.org'...
copying path '/nix/store/zfzp3y7vicn7j2cxbzz5zd365wwmwshy-ncompress-5.0' from 'https://cache.nixos.org'...
copying path '/nix/store/x8nrg8zjns1zc5nvw0sf576ak50b5gzp-ncurses-6.5' from 'https://cache.nixos.org'...
copying path '/nix/store/xa2b082pn7vbxf277qxqbr7jr9mfmfvc-libpcap-1.10.5' from 'https://cache.nixos.org'...
copying path '/nix/store/gv1757ayjx08vj3jwaldj7fhdfg8kw0a-nghttp2-1.64.0-lib' from 'https://cache.nixos.org'...
copying path '/nix/store/rvr2z5jn7irfg87qjx3zbvqxm4ip1gh2-npth-1.8' from 'https://cache.nixos.org'...
copying path '/nix/store/z2g8g76mw8xkyniz5yxnrn8r0gpdckzy-openssl-3.4.1' from 'https://cache.nixos.org'...
copying path '/nix/store/rz7sygmhwy9msd1803m2w0qvrvxnflwd-patch-2.7.6' from 'https://cache.nixos.org'...
copying path '/nix/store/g4wnpmlwi8j00dh9bz2jcal455w5ywjh-p11-kit-0.25.5' from 'https://cache.nixos.org'...
copying path '/nix/store/1ibgqrs6r9s5fx060k8siq0flgysp28a-pcre2-10.44' from 'https://cache.nixos.org'...
copying path '/nix/store/9dv3lp8ia8v1bi81vjhlk21zhj8v65gl-pcsclite-2.3.0-lib' from 'https://cache.nixos.org'...
copying path '/nix/store/7iwxmy3057hx47wfb3vnk9s2xfk5z77l-libjpeg-turbo-3.0.4-dev' from 'https://cache.nixos.org'...
copying path '/nix/store/c3yyq264dsw6s9q7mdj5748243dvjv7j-pixman-0.44.2' from 'https://cache.nixos.org'...
copying path '/nix/store/3gbmgijyy53d1cm551zxhgaglkvvv44m-libX11-1.8.11' from 'https://cache.nixos.org'...
copying path '/nix/store/gaqz2blpvn9qns04dfhl3kmvbq9mlgff-libmpc-1.3.1' from 'https://cache.nixos.org'...
copying path '/nix/store/sibgd1gglnjm3vzj9zwbd02i1zxg5air-libxcb-1.17.0-dev' from 'https://cache.nixos.org'...
copying path '/nix/store/igb4cs8hkwgfhydg1gngjisrl4rbzcwb-gnupg-2.4.7' from 'https://cache.nixos.org'...
copying path '/nix/store/d6xrn3nrfigwis3msw0iaa15kfc0k0bf-qrencode-4.1.1' from 'https://cache.nixos.org'...
copying path '/nix/store/hhi9131ma5gjwyxvv1wqishydl6jrwdg-systemd-minimal-libs-257.2' from 'https://cache.nixos.org'...
copying path '/nix/store/90f9kms8y7avrkaxlhz6npvvww673f8m-tcl-8.6.15' from 'https://cache.nixos.org'...
copying path '/nix/store/xl5lfmb7654gkfrbfj1f0yzbzlhj1nh5-util-linux-minimal-2.40.4-login' from 'https://cache.nixos.org'...
copying path '/nix/store/isw40z674zdwaagwzlq0cf1hqb8s5xi4-wayland-1.23.1' from 'https://cache.nixos.org'...
copying path '/nix/store/gz7xfvy4l9c54bxahaf2kn9rhwdpqx4z-which-2.23' from 'https://cache.nixos.org'...
copying path '/nix/store/j3rkb3rqcss7gld04innkw8rxr29drpz-xz-5.6.4' from 'https://cache.nixos.org'...
copying path '/nix/store/wkn8wb5isq2m99d7043fklcf4z72hb79-iptables-1.8.11' from 'https://cache.nixos.org'...
copying path '/nix/store/bb9h0qjkl5fh6yr48lw3930gdwvackh5-zlib-1.3.1' from 'https://cache.nixos.org'...
copying path '/nix/store/bd8h5scw9h3493z5scc49zi934ycwp0m-db-4.8.30' from 'https://cache.nixos.org'...
copying path '/nix/store/q9ac86sdfw56nnr6g22glvwk4l0ayxmy-boehm-gc-8.2.8' from 'https://cache.nixos.org'...
copying path '/nix/store/sn7508ryy1fsw7yfqyzjfsblma7226i3-gettext-0.22.5' from 'https://cache.nixos.org'...
copying path '/nix/store/5pbn6lx2cbrr1arlcb86y18hvand66l1-glibc-iconv-2.40' from 'https://cache.nixos.org'...
copying path '/nix/store/3nd1d0hg5l240vr2i1xy5j3vq3ws2sw7-gmp-with-cxx-6.3.0' from 'https://cache.nixos.org'...
copying path '/nix/store/yr1w7yzbqqj30a7qnn1yhzn2a2jb6h7h-gmp-with-cxx-6.3.0' from 'https://cache.nixos.org'...
copying path '/nix/store/yz6nq9v29l3g990w8zlqsnzlzbicd3b3-gnugrep-3.11' from 'https://cache.nixos.org'...
copying path '/nix/store/631xgpgdbjr0ywj2fqvc0rxiari3hm0d-graphite2-1.3.14' from 'https://cache.nixos.org'...
copying path '/nix/store/ar2iccr4ddw8jrq6fxz0ccinrijbw3f2-binutils-2.43.1-lib' from 'https://cache.nixos.org'...
copying path '/nix/store/nrqn8rh2dciw3ishsayk63ppxh4ajchy-cracklib-2.10.0' from 'https://cache.nixos.org'...
copying path '/nix/store/dn96na69b282aab9qj43yx4cxn8zri39-file-5.46' from 'https://cache.nixos.org'...
copying path '/nix/store/h0z0z043akpaf5nmxq3lf84laah832rw-file-5.46' from 'https://cache.nixos.org'...
copying path '/nix/store/fr9yr63a1267cr0r86w18c77mh3xavcc-coreutils-9.6' from 'https://cache.nixos.org'...
copying path '/nix/store/dih8vf5naf93c0wcfxqa9pll3k7iv9bm-gcc-14-20241116' from 'https://cache.nixos.org'...
copying path '/nix/store/vhw35fwy0qfmyvih5qa1v0r2yzvfdvr8-graphite2-1.3.14-dev' from 'https://cache.nixos.org'...
copying path '/nix/store/jbnm36wq89c7iws6xx6xvv75h0drv48x-icu4c-76.1' from 'https://cache.nixos.org'...
copying path '/nix/store/wbn27zhv3cxrsl0g2vv64wlsl5fxlgns-gfortran-14-20241116' from 'https://cache.nixos.org'...
copying path '/nix/store/ph6c5sdpf25p7l37j6bnl6snwg8gd3yz-kexec-tools-2.0.29' from 'https://cache.nixos.org'...
copying path '/nix/store/0dzc6lpnpyzxmr0ajxysqraclzkrnq7y-libX11-1.8.11-dev' from 'https://cache.nixos.org'...
copying path '/nix/store/yk718k8cqn4csqqdmj0c949p66cf5hpa-lerc-4.0.0' from 'https://cache.nixos.org'...
copying path '/nix/store/1qdi1jwq5jivs7zqkccwwk24wbmiici6-libXcomposite-0.4.6' from 'https://cache.nixos.org'...
copying path '/nix/store/9g4gsby96w4cx1i338kplaap0x37apdf-binutils-2.43.1' from 'https://cache.nixos.org'...
copying path '/nix/store/lvj768zc0vqkzal5frxhc1yk6kp851bk-diffutils-3.10' from 'https://cache.nixos.org'...
copying path '/nix/store/lk2sg2yq5jqs9dlx5ini46kvjwk7ffsf-findutils-4.10.0' from 'https://cache.nixos.org'...
copying path '/nix/store/2dasfwkf4ry7zrr0bj6hkp7myswc0mb0-aws-c-cal-0.8.0' from 'https://cache.nixos.org'...
copying path '/nix/store/wf5nbjqn7m899zbpv38vbpyc5jk773qa-krb5-1.21.3-lib' from 'https://cache.nixos.org'...
copying path '/nix/store/lf3xlba7qp1fjiw8n9bafx8jnlyviqj5-libXext-1.3.6' from 'https://cache.nixos.org'...
copying path '/nix/store/b9n5316865nhjimn08wl7vj7r6kaazc2-libXfixes-6.0.1' from 'https://cache.nixos.org'...
copying path '/nix/store/vimgw9ifhgrd4g8dq0qqcramybisn4ni-libXpm-3.5.17' from 'https://cache.nixos.org'...
copying path '/nix/store/bkgn8q6wgdxcjzk75y8bzqpj3v179k9d-libXrender-0.9.12' from 'https://cache.nixos.org'...
copying path '/nix/store/1lmvb2sjzfpxk57bvh7ly21q9nk5m2l8-libfido2-1.15.0' from 'https://cache.nixos.org'...
copying path '/nix/store/0xbkxc11gkm55zj4rmvaiici4v2zbm7c-libXext-1.3.6-dev' from 'https://cache.nixos.org'...
copying path '/nix/store/4nwh0wirk7iifiy699sfvcdr4383y88v-libXdamage-1.1.6' from 'https://cache.nixos.org'...
copying path '/nix/store/bmfsil78m487k4y59d9j27k484nqv5vm-libXi-1.8.2' from 'https://cache.nixos.org'...
copying path '/nix/store/vc71fdmh5aq6nhbli31d9bsaq8608a2q-libXrandr-1.5.4' from 'https://cache.nixos.org'...
copying path '/nix/store/pv8rsy7zhmb0l0vxf0pl2jwhg6iv8k8k-libXinerama-1.1.5' from 'https://cache.nixos.org'...
copying path '/nix/store/6xc6cxassd09k64fz0qdx1qmcl1nycwv-libXcursor-1.2.3' from 'https://cache.nixos.org'...
copying path '/nix/store/9zccrx2dbv1fh7nd17i6vzjvk8km84cx-libXrender-0.9.12-dev' from 'https://cache.nixos.org'...
copying path '/nix/store/lji3yw95924cjhrb99xmsj2mazmq9ibc-libpng-apng-1.6.46' from 'https://cache.nixos.org'...
copying path '/nix/store/4yhzwb09jja7wfifhh0qv9d671gf0g8c-libglvnd-1.7.0' from 'https://cache.nixos.org'...
copying path '/nix/store/kfbkndd5rn6mrh3lwc8ykss9xxv4jzhb-libssh2-1.11.1' from 'https://cache.nixos.org'...
copying path '/nix/store/dcq3qnhfj1h1dz3isgj9q778mc1zqw5k-libselinux-3.7' from 'https://cache.nixos.org'...
copying path '/nix/store/ffyp2yvx5gj0c8705dihww011i16sfyw-libtpms-0.10.0' from 'https://cache.nixos.org'...
copying path '/nix/store/7v9wb40nbi50gvz7w7vvc8l8g7p07npc-libXtst-1.2.5' from 'https://cache.nixos.org'...
copying path '/nix/store/i4lsq7llz17yv7yyaishh0sv53rks7kd-libxkbcommon-1.7.0' from 'https://cache.nixos.org'...
copying path '/nix/store/a30rmx5vhb5algbm1bgcnrqwgssdlf59-libvmaf-3.0.0' from 'https://cache.nixos.org'...
copying path '/nix/store/h8093yd2yqhgy0kc91yanbxm6g7dplg9-libyuv-1787' from 'https://cache.nixos.org'...
copying path '/nix/store/ihgxyy1ijvjv52gxj3g27lwcwmcj20s7-lvm2-2.03.30-lib' from 'https://cache.nixos.org'...
copying path '/nix/store/crnsbs2v9lx0mqvwwi88mnvlx0xbcbm9-nettle-3.10.1' from 'https://cache.nixos.org'...
copying path '/nix/store/mp1ck5fd06fj1is6js0p2a82ah3727dw-nghttp2-1.64.0' from 'https://cache.nixos.org'...
copying path '/nix/store/ic13kn15vx7wfp0cwizqxxi84ligi93j-freetype-2.13.3' from 'https://cache.nixos.org'...
copying path '/nix/store/n7xfvhx1x21fx6wkh8gcdg2nbc7abf30-libgit2-1.9.0-lib' from 'https://cache.nixos.org'...
copying path '/nix/store/499sw848rsz413147wrqsa8y739ivh04-libwebp-1.5.0' from 'https://cache.nixos.org'...
copying path '/nix/store/i5h9ipavzgv7j4z8ml1cxrz5z6jn1j5f-libedit-20240808-3.1' from 'https://cache.nixos.org'...
copying path '/nix/store/l5kp4cmrbhdvdipcmbanjpavix8kwlpp-openblas-0.3.29' from 'https://cache.nixos.org'...
copying path '/nix/store/1dj03pw64qnwzf6rj2zxw0xhycl6f3l5-ncurses-6.5-dev' from 'https://cache.nixos.org'...
copying path '/nix/store/mlsj1yiiqwkshrncicgh1s6v4ykc9394-libepoxy-1.5.10' from 'https://cache.nixos.org'...
copying path '/nix/store/hk3rdjmnag5sk9mnri3k0xyj425sx6qv-openssl-3.4.1-bin' from 'https://cache.nixos.org'...
copying path '/nix/store/iqs8if566ls6g6rg8agqyk7y9vx3w9lw-libaom-3.11.0' from 'https://cache.nixos.org'...
copying path '/nix/store/1sm36gahlgymqczw7x7kp6sgwxc8rjqk-libvmaf-3.0.0-dev' from 'https://cache.nixos.org'...
copying path '/nix/store/zsc85w8i8fd0sfqr7jiglmw106sxjx6b-patchelf-0.15.0' from 'https://cache.nixos.org'...
copying path '/nix/store/ify66cw1nasidgbiiyc5744zxb5h52li-pcre2-10.44-bin' from 'https://cache.nixos.org'...
copying path '/nix/store/896qm3s83q143zvm8q8lx4s9lmsypqb7-krb5-1.21.3' from 'https://cache.nixos.org'...
copying path '/nix/store/7dp0ay805yh80xvxmdad49hwyqaqzg37-openssl-3.4.1-dev' from 'https://cache.nixos.org'...
copying path '/nix/store/lqbd7m5hbvhyqs2vha2g60dxfy9mw19z-fontconfig-2.16.0-lib' from 'https://cache.nixos.org'...
copying path '/nix/store/s4ljc6z2y6g127rvqpdrmjcyglqml3xa-s2n-tls-1.5.11' from 'https://cache.nixos.org'...
copying path '/nix/store/l7ah0gkkfrq31iy8aliqrby81js4rh81-readline-8.2p13' from 'https://cache.nixos.org'...
copying path '/nix/store/cnz2csrlhr4cssfp8cvzi6n0gzyykgkl-sqlite-3.48.0' from 'https://cache.nixos.org'...
copying path '/nix/store/7scdhgngdava24rjjz5rhzarw3mrqzxl-nghttp2-1.64.0-dev' from 'https://cache.nixos.org'...
copying path '/nix/store/5z2g6q302s3g611i0fq5219g4qriasiq-unbound-1.22.0-lib' from 'https://cache.nixos.org'...
copying path '/nix/store/41y9rj41ni0j5x3diw5cv8f9nya2rj67-xz-5.6.4-bin' from 'https://cache.nixos.org'...
copying path '/nix/store/jys6j8aixz38dgjkk4232ji08l2lxg1k-pcre2-10.44-dev' from 'https://cache.nixos.org'...
copying path '/nix/store/fidbdimfbqlhf93pmqdk50k0j9fgbafd-zlib-1.3.1-dev' from 'https://cache.nixos.org'...
copying path '/nix/store/4k90qpzh1a4sldhnf7cxwkm9c0agq4fp-bash-interactive-5.2p37' from 'https://cache.nixos.org'...
copying path '/nix/store/5za5b47pbj9z03qym37c4m6lbh2zcgbp-fontconfig-2.16.0-bin' from 'https://cache.nixos.org'...
copying path '/nix/store/zz17s9qb8xmjkjqw71km98sdqbvxgc32-libXft-2.3.8' from 'https://cache.nixos.org'...
copying path '/nix/store/p8qj97v6bvd9mwxpzzs5shll2xb0s29g-aws-c-io-0.15.3' from 'https://cache.nixos.org'...
copying path '/nix/store/5psqk8j1cackb01qqwg9r0wgqs9pwp93-krb5-1.21.3-dev' from 'https://cache.nixos.org'...
copying path '/nix/store/nngggg1c1gqsip89cf7308bng2ikplh3-readline-8.2p13-dev' from 'https://cache.nixos.org'...
copying path '/nix/store/xfsw9d5d1vi8891majlvd5nwix24w5m2-libpng-apng-1.6.46-dev' from 'https://cache.nixos.org'...
copying path '/nix/store/b8h2b0jjxajjz0768cx81d40ixgwv2ii-libssh2-1.11.1-dev' from 'https://cache.nixos.org'...
copying path '/nix/store/656997345zv40n6hw9ii2aci8ca25gng-util-linux-minimal-2.40.4-lib' from 'https://cache.nixos.org'...
copying path '/nix/store/21rh7z4nfgx5fpxf7gsw4kfj8xicxzal-xz-5.6.4-dev' from 'https://cache.nixos.org'...
copying path '/nix/store/fabyx9fisilwsp5fyp0z4y34jbvvq940-tk-8.6.15' from 'https://cache.nixos.org'...
copying path '/nix/store/7pjr9w641d1zjavypajwzzbngj1qz7kj-gnutls-3.8.6' from 'https://cache.nixos.org'...
copying path '/nix/store/afrpj8g7i3hvvl1841apa6a7n3viv6pf-zstd-1.5.6' from 'https://cache.nixos.org'...
copying path '/nix/store/b09crwvrqdz6qynhjjz78db27vkzap5v-freetype-2.13.3-dev' from 'https://cache.nixos.org'...
copying path '/nix/store/bdp8pmzdx4547wamagzdv7png0q63gp5-libaom-3.11.0-bin' from 'https://cache.nixos.org'...
copying path '/nix/store/k57l10xwnimkqh6kapm6x2ab54n2sfmb-aws-c-event-stream-0.5.0' from 'https://cache.nixos.org'...
copying path '/nix/store/17ysfirh4jvv2gp01xkgbw0hcxlg9579-aws-c-http-0.9.2' from 'https://cache.nixos.org'...
copying path '/nix/store/icvbkgp06vrswn7cbmlh241h2j1hsabp-aws-c-auth-0.8.1' from 'https://cache.nixos.org'...
copying path '/nix/store/pyzi0zgr2rbl3jp3m6d7aqbdyi6sh65y-aws-c-mqtt-0.11.0' from 'https://cache.nixos.org'...
copying path '/nix/store/simdgzgxrcqkvak7zpczr176rgbar3s5-curl-8.12.0' from 'https://cache.nixos.org'...
copying path '/nix/store/d60481jmwlgh80kxrn4bmfmkpxmv2cip-kmod-31' from 'https://cache.nixos.org'...
copying path '/nix/store/qa0gr6y7cn11ngnv40xvqzx0cnx0nk89-kmod-31-lib' from 'https://cache.nixos.org'...
copying path '/nix/store/jww3brzhq47m8an8f0q0xf99aa0gkd8b-fontconfig-2.16.0-dev' from 'https://cache.nixos.org'...
copying path '/nix/store/yb0xaak15d08bynw5hzq7mpbybma1wv9-libaom-3.11.0-dev' from 'https://cache.nixos.org'...
copying path '/nix/store/r2j4xhlvcz47v9qd6l5w5gl9fxgz8chb-cryptsetup-2.7.5' from 'https://cache.nixos.org'...
copying path '/nix/store/pq0razaqsyc61a4hkb9f4xan50w5dmzi-audit-4.0.3-lib' from 'https://cache.nixos.org'...
copying path '/nix/store/9jqpnb0lbkv0y5cqhafcx05wiqy1c4i4-binutils-wrapper-2.43.1' from 'https://cache.nixos.org'...
copying path '/nix/store/fjk8dwvzclmrwavmbmdj4p04v4dhw6bn-binutils-wrapper-2.43.1' from 'https://cache.nixos.org'...
copying path '/nix/store/w1nz8qqc1l0dk6af9s36zchba3hm04ry-glib-2.82.4' from 'https://cache.nixos.org'...
copying path '/nix/store/zngic6ia4sfd7mjnflcjpv2qa0nlryn3-libSM-1.2.5' from 'https://cache.nixos.org'...
copying path '/nix/store/l781gs88hbgiwp39bfy33f50f6ila0h3-alsa-ucm-conf-1.2.12' from 'https://cache.nixos.org'...
copying path '/nix/store/6g3f8cflds6fd3f3mqcg1xdz3msmjhlv-libXft-2.3.8-dev' from 'https://cache.nixos.org'...
copying path '/nix/store/94f33z5fvn6wic8s3f3xacysbcsl4zz0-aws-c-s3-0.7.1' from 'https://cache.nixos.org'...
copying path '/nix/store/prbl71gqvvgayibqlsbki896aih898s7-libarchive-3.7.7-lib' from 'https://cache.nixos.org'...
copying path '/nix/store/0xd28aks75aiqh2pbn0w4rnmmn1gd0jz-libmicrohttpd-1.0.1' from 'https://cache.nixos.org'...
copying path '/nix/store/nl0f2s5fpm77g3008i7xj3wvpjyjpi77-libtiff-4.7.0' from 'https://cache.nixos.org'...
copying path '/nix/store/ms1vcpk06m5szgr1lyraasjimml78v6z-curl-8.12.0-bin' from 'https://cache.nixos.org'...
copying path '/nix/store/lbv7axlp7mkzm42mxi90aamxzj7r3s32-elfutils-0.192' from 'https://cache.nixos.org'...
copying path '/nix/store/dsqvrw207zish1gaai8clnj0d2mam8rc-libSM-1.2.5-dev' from 'https://cache.nixos.org'...
copying path '/nix/store/0jzv78i77bwrcdmbsr8k6zv2q2fpn97s-libXt-1.3.1' from 'https://cache.nixos.org'...
copying path '/nix/store/l6dxx5g9mclg8n7vv83y1b00x0gigw6s-linux-pam-1.6.1' from 'https://cache.nixos.org'...
copying path '/nix/store/26yi95240650jxp5dj78xzch70i1kzlz-python3-3.12.9' from 'https://cache.nixos.org'...
copying path '/nix/store/dsdmsyb703chc1sw13s1914d2ajqhd01-aws-crt-cpp-0.29.4' from 'https://cache.nixos.org'...
copying path '/nix/store/f5hcsisbcfngqc4xq35j31z7c9dqzhm1-tk-8.6.15-dev' from 'https://cache.nixos.org'...
copying path '/nix/store/ynp4mi31k05pzi4ka3j7yfkq2a8lqljn-tpm2-tss-4.1.3' from 'https://cache.nixos.org'...
copying path '/nix/store/75zx072bnasr4jd7ldn2zsqryi5sr9wb-libtiff-4.7.0-bin' from 'https://cache.nixos.org'...
copying path '/nix/store/586sqy4wkzhhmwd3mg79al8jp76qqhny-libwebp-1.5.0' from 'https://cache.nixos.org'...
copying path '/nix/store/r0r239s3irr132093y9775hhidhb9alk-util-linux-minimal-2.40.4-mount' from 'https://cache.nixos.org'...
copying path '/nix/store/2x2csf9zdm17h5858555r0ip3xsrj6y0-blas-3' from 'https://cache.nixos.org'...
copying path '/nix/store/fslsm5pjn6p860ffq3jm5p1fj83z40x4-lapack-3' from 'https://cache.nixos.org'...
copying path '/nix/store/x4mxg72g9k7srfvp7pndgn7r92savaf6-icu4c-76.1-dev' from 'https://cache.nixos.org'...
copying path '/nix/store/aqyhcksdz3ng4v0dqvzrfzncq865gwfp-alsa-lib-1.2.13' from 'https://cache.nixos.org'...
copying path '/nix/store/y12qyd5qidv6dsm43f1mvdqjk1wrhffa-aws-sdk-cpp-1.11.448' from 'https://cache.nixos.org'...
copying path '/nix/store/vmk9lzfba87nry4913742qq8a262bf2s-libXmu-1.2.1' from 'https://cache.nixos.org'...
copying path '/nix/store/mzjnlcj0dcrlnv2v5cxi1ls4p587xa4q-libXt-1.3.1-dev' from 'https://cache.nixos.org'...
copying path '/nix/store/6z44p7d7g8vghq4gchzddba661c35q6g-libbpf-1.5.0' from 'https://cache.nixos.org'...
copying path '/nix/store/bxy529wacswmq8qlz9gwdaigybbspdl5-util-linux-minimal-2.40.4-swap' from 'https://cache.nixos.org'...
copying path '/nix/store/p3xm6j4w1dkmj8wadzg49xmnq4yq42bp-libpwquality-1.4.5-lib' from 'https://cache.nixos.org'...
copying path '/nix/store/80ghgci4inc4676rdy4qn2vdswvxydxa-zstd-1.5.6-bin' from 'https://cache.nixos.org'...
copying path '/nix/store/sivdjx0v1lfiv7b8kjxvj5q2vr7jwmb5-libXmu-1.2.1-dev' from 'https://cache.nixos.org'...
copying path '/nix/store/jzcj1ik4c6nrj98khkmd36234c7gk86p-zstd-1.5.6-dev' from 'https://cache.nixos.org'...
copying path '/nix/store/k244ypypcdj98ys9vw1x2nlrdl2wx6hv-kbd-2.7.1' from 'https://cache.nixos.org'...
copying path '/nix/store/d11m00npl3yxjkzxzk3ldlhby2zhi7r5-gts-0.7.6' from 'https://cache.nixos.org'...
copying path '/nix/store/33pqwy7v52hkknizv779l8gly58rkb4h-harfbuzz-10.2.0' from 'https://cache.nixos.org'...
copying path '/nix/store/84hyxhqj8ly2iwlzki5yil6nsz5w4ba3-cairo-1.18.2' from 'https://cache.nixos.org'...
copying path '/nix/store/nlr4v7ydiwmsz9wzvf0x4ax77j89ri9x-glib-2.82.4-bin' from 'https://cache.nixos.org'...
copying path '/nix/store/pwx85z3qpqcg1y1dsgnqv61w2mkk2xnw-gdk-pixbuf-2.42.12' from 'https://cache.nixos.org'...
copying path '/nix/store/jxhxfbjkhyycs7lm58sq28py8bzi4sb8-json-glib-1.10.6' from 'https://cache.nixos.org'...
copying path '/nix/store/lali9nl2xq0g5m3dbrws2nw62wanxmxp-dconf-0.40.0-lib' from 'https://cache.nixos.org'...
copying path '/nix/store/5hf9d39saka0x6vs1lvff4xr8vl3cpf0-libsoup-3.6.4' from 'https://cache.nixos.org'...
copying path '/nix/store/qj3l9cxfj8hwib1496af23aclj52xabk-curl-8.12.0-dev' from 'https://cache.nixos.org'...
copying path '/nix/store/brnpqcq8j05iil727v8bxivf4d9jaji3-libtiff-4.7.0-dev' from 'https://cache.nixos.org'...
copying path '/nix/store/xxh7mivp64xmzyw5wir2c2xbhy6cjzjd-nix-2.24.12' from 'https://cache.nixos.org'...
copying path '/nix/store/wxh1kan1q69cd1s6a3yvcxhp6b300k2d-gobject-introspection-1.82.0' from 'https://cache.nixos.org'...
copying path '/nix/store/83a0wfzmb0v5bzr5bv0zvx14g733x3dv-systemd-257.2' from 'https://cache.nixos.org'...
copying path '/nix/store/418jyr3cpqh2awn7y6ksciydpmwfnd14-systemd-minimal-257.2' from 'https://cache.nixos.org'...
copying path '/nix/store/j63vwq8lhj4rgix8an1bqnhlsis3qfma-pango-1.56.1' from 'https://cache.nixos.org'...
copying path '/nix/store/nfshcmab8vv7cqrnb37i2lid67p03gj8-harfbuzz-10.2.0-dev' from 'https://cache.nixos.org'...
copying path '/nix/store/2wv6adr9n2bhafh9wmwkpxmf6p8lf6n3-libavif-1.1.1' from 'https://cache.nixos.org'...
copying path '/nix/store/6s4n9nrwrsycjb7mgpm61kgnibxdgzd9-pango-1.56.1-bin' from 'https://cache.nixos.org'...
copying path '/nix/store/dxh474930b153v50p3f13i27iy68j6mc-gd-2.3.3' from 'https://cache.nixos.org'...
copying path '/nix/store/05pll8bxvxzdb4xnxkj9hd776fp4mckz-graphviz-12.2.1' from 'https://cache.nixos.org'...
copying path '/nix/store/0hwjxv6z4myq1s2ncj1kapbb8vzbj15p-dbus-1.14.10-lib' from 'https://cache.nixos.org'...
copying path '/nix/store/08hyil22326k6rzs5pazx2z7znzjhac4-avahi-0.8' from 'https://cache.nixos.org'...
copying path '/nix/store/zd7bm9brnlbsw10kdnpvpwgvylsg46r6-cups-2.4.11-lib' from 'https://cache.nixos.org'...
copying path '/nix/store/vbikyfapszww843p2l4vkgw0hfd1q1sy-tinysparql-3.8.2' from 'https://cache.nixos.org'...
copying path '/nix/store/zj451mdjkhi3cqrw2v267d39ja70jbiz-blas-3-dev' from 'https://cache.nixos.org'...
copying path '/nix/store/zm14f54xdk20q6l099vrywnxy2cb9l6q-lapack-3-dev' from 'https://cache.nixos.org'...
copying path '/nix/store/g3sa64l6qmhm94m7mvccip0mrsphs3yx-at-spi2-core-2.54.1' from 'https://cache.nixos.org'...
copying path '/nix/store/lfjyqlk2q4dk1idfq6lfdqijflx6khqs-gtk+3-3.24.48' from 'https://cache.nixos.org'...
copying path '/nix/store/5m726l670vmr6jw2ry70h1abr7lx0881-openjdk-21.0.5+11' from 'https://cache.nixos.org'...
copying path '/nix/store/ksb6wpllcgnnb22zp19i5d47wlkg7r3i-python3.12-packaging-24.2' from 'https://cache.nixos.org'...
copying path '/nix/store/18la66bfb39im9k4f97i1ksxlk8rwm09-glib-2.82.4-dev' from 'https://cache.nixos.org'...
warning: download buffer is full; consider increasing the 'download-buffer-size' setting
copying path '/nix/store/jzm3c9znmlbfi7is9yyxr5dw6lr4jymd-cairo-1.18.2-dev' from 'https://cache.nixos.org'...
copying path '/nix/store/rznmp2sm3n8a3xvr0vyf4111fw2dkwn8-pango-1.56.1-dev' from 'https://cache.nixos.org'...
copying path '/nix/store/ii75mhh7sxl11167m1b86p0qrjsjyjmd-gcc-wrapper-14-20241116' from 'https://cache.nixos.org'...
copying path '/nix/store/5fy7sqf7zpi84wy2nbq3ijwlih085psh-stdenv-linux' from 'https://cache.nixos.org'...
copying path '/nix/store/1ighxngml0jm35485mmffzyv7kyn5jbq-gfortran-wrapper-14-20241116' from 'https://cache.nixos.org'...
copying path '/nix/store/hk393gqm9az2fhscki3y8cjkkfyn27h2-R-4.4.2' from 'https://cache.nixos.org'...
copying path '/nix/store/2yk5s5mwvwm0aw89adlfhwyzkkbwdq2n-r-cli-3.6.4' from 'https://rstats-on-nix.cachix.org'...
copying path '/nix/store/39sjiphjm856lfrl4qysn9lgjgrna2lk-r-fansi-1.0.6' from 'https://cache.nixos.org'...
copying path '/nix/store/342mffn055xhda89kfcs610wi5nkf9wa-r-magrittr-2.0.3' from 'https://cache.nixos.org'...
copying path '/nix/store/0ipck56r3lq59y6rzr584f3m0p9qscii-r-rlang-1.1.5' from 'https://rstats-on-nix.cachix.org'...
copying path '/nix/store/zhizxvs8hxh3k1svfz9pjnsjp515xvbd-r-glue-1.8.0' from 'https://cache.nixos.org'...
copying path '/nix/store/nfamjy6w9nbiaxl4vsvflbf8mp0f5iar-r-utf8-1.2.4' from 'https://cache.nixos.org'...
copying path '/nix/store/dc7ds8wk6qm02fphp3dlg1a0rdr73npj-r-lifecycle-1.0.4' from 'https://rstats-on-nix.cachix.org'...
copying path '/nix/store/5q7bbg7bfirsnpjpwff7akjvnw05s1jn-r-vctrs-0.6.5' from 'https://rstats-on-nix.cachix.org'...
copying path '/nix/store/n326k72x13gwzrx3nw4ypyj7aklksgfc-r-pillar-1.10.1' from 'https://rstats-on-nix.cachix.org'...
copying path '/nix/store/7cbi3zldyy7mpidc2qk5di8z856xfc3w-r-tidyselect-1.2.1' from 'https://rstats-on-nix.cachix.org'...
copying path '/nix/store/0i4amjcv8dc1bd3p24avbrzigjpy5big-r-tibble-3.2.1' from 'https://rstats-on-nix.cachix.org'...
copying path '/nix/store/8jxn67jrv66l9lpg12i14rzgcgimxsdc-r-dplyr-1.1.4' from 'https://rstats-on-nix.cachix.org'...
building '/nix/store/4i2wa0yfn2qn87fn4n12b30hzpg1sb7z-nix-shell.drv'...
Running phase: buildPhase
/nix/store/3lrh0jv2inqcf88fb27l0640dz93asx2-nix-shell
