/nix/store/lpl1fh1jj5xhi6wjwsl53hxcxjg8bqhl-r-RcppArmadillo-15.0.1-1/library/RcppArmadillo/include/RcppArmadillo/version/arma.h:66:199: note: '#pragma message: Using fallback compilation with Armadillo 14.6.3. Please consider defining -DARMA_USE_CURRENT and also removing C++11 compilation directive. See GitHub issue #475 for more.'
   66 |         #pragma message("Using fallback compilation with Armadillo 14.6.3. Please consider defining -DARMA_USE_CURRENT and also removing C++11 compilation directive. See GitHub issue #475 for more.")
/nix/store/lpl1fh1jj5xhi6wjwsl53hxcxjg8bqhl-r-RcppArmadillo-15.0.1-1/library/RcppArmadillo/include/RcppArmadillo/version/arma.h:66:199: note: '#pragma message: Using fallback compilation with Armadillo 14.6.3. Please consider defining -DARMA_USE_CURRENT and also removing C++11 compilation directive. See GitHub issue #475 for more.'
   66 |         #pragma message("Using fallback compilation with Armadillo 14.6.3. Please consider defining -DARMA_USE_CURRENT and also removing C++11 compilation directive. See GitHub issue #475 for more.")
* removing '/nix/store/wsaniv7vkszpn1gqcpinxjkvnzs2rrrb-r-ROracle-1.3-1.1/library/ROracle'
       > * removing '/nix/store/wsaniv7vkszpn1gqcpinxjkvnzs2rrrb-r-ROracle-1.3-1.1/library/ROracle'
/nix/store/lpl1fh1jj5xhi6wjwsl53hxcxjg8bqhl-r-RcppArmadillo-15.0.1-1/library/RcppArmadillo/include/RcppArmadillo/version/arma.h:66:199: note: '#pragma message: Using fallback compilation with Armadillo 14.6.3. Please consider defining -DARMA_USE_CURRENT and also removing C++11 compilation directive. See GitHub issue #475 for more.'
   66 |         #pragma message("Using fallback compilation with Armadillo 14.6.3. Please consider defining -DARMA_USE_CURRENT and also removing C++11 compilation directive. See GitHub issue #475 for more.")
/nix/store/lpl1fh1jj5xhi6wjwsl53hxcxjg8bqhl-r-RcppArmadillo-15.0.1-1/library/RcppArmadillo/include/RcppArmadillo/version/arma.h:66:199: note: '#pragma message: Using fallback compilation with Armadillo 14.6.3. Please consider defining -DARMA_USE_CURRENT and also removing C++11 compilation directive. See GitHub issue #475 for more.'
   66 |         #pragma message("Using fallback compilation with Armadillo 14.6.3. Please consider defining -DARMA_USE_CURRENT and also removing C++11 compilation directive. See GitHub issue #475 for more.")
/nix/store/lpl1fh1jj5xhi6wjwsl53hxcxjg8bqhl-r-RcppArmadillo-15.0.1-1/library/RcppArmadillo/include/RcppArmadillo/version/arma.h:66:199: note: '#pragma message: Using fallback compilation with Armadillo 14.6.3. Please consider defining -DARMA_USE_CURRENT and also removing C++11 compilation directive. See GitHub issue #475 for more.'
   66 |         #pragma message("Using fallback compilation with Armadillo 14.6.3. Please consider defining -DARMA_USE_CURRENT and also removing C++11 compilation directive. See GitHub issue #475 for more.")
/nix/store/lpl1fh1jj5xhi6wjwsl53hxcxjg8bqhl-r-RcppArmadillo-15.0.1-1/library/RcppArmadillo/include/RcppArmadillo/version/arma.h:66:199: note: '#pragma message: Using fallback compilation with Armadillo 14.6.3. Please consider defining -DARMA_USE_CURRENT and also removing C++11 compilation directive. See GitHub issue #475 for more.'
   66 |         #pragma message("Using fallback compilation with Armadillo 14.6.3. Please consider defining -DARMA_USE_CURRENT and also removing C++11 compilation directive. See GitHub issue #475 for more.")
/nix/store/lpl1fh1jj5xhi6wjwsl53hxcxjg8bqhl-r-RcppArmadillo-15.0.1-1/library/RcppArmadillo/include/RcppArmadillo/version/arma.h:66:199: note: '#pragma message: Using fallback compilation with Armadillo 14.6.3. Please consider defining -DARMA_USE_CURRENT and also removing C++11 compilation directive. See GitHub issue #475 for more.'
   66 |         #pragma message("Using fallback compilation with Armadillo 14.6.3. Please consider defining -DARMA_USE_CURRENT and also removing C++11 compilation directive. See GitHub issue #475 for more.")
/nix/store/lpl1fh1jj5xhi6wjwsl53hxcxjg8bqhl-r-RcppArmadillo-15.0.1-1/library/RcppArmadillo/include/RcppArmadillo/version/arma.h:66:199: note: '#pragma message: Using fallback compilation with Armadillo 14.6.3. Please consider defining -DARMA_USE_CURRENT and also removing C++11 compilation directive. See GitHub issue #475 for more.'
   66 |         #pragma message("Using fallback compilation with Armadillo 14.6.3. Please consider defining -DARMA_USE_CURRENT and also removing C++11 compilation directive. See GitHub issue #475 for more.")
/nix/store/lpl1fh1jj5xhi6wjwsl53hxcxjg8bqhl-r-RcppArmadillo-15.0.1-1/library/RcppArmadillo/include/RcppArmadillo/version/arma.h:66:199: note: '#pragma message: Using fallback compilation with Armadillo 14.6.3. Please consider defining -DARMA_USE_CURRENT and also removing C++11 compilation directive. See GitHub issue #475 for more.'
   66 |         #pragma message("Using fallback compilation with Armadillo 14.6.3. Please consider defining -DARMA_USE_CURRENT and also removing C++11 compilation directive. See GitHub issue #475 for more.")
/nix/store/lpl1fh1jj5xhi6wjwsl53hxcxjg8bqhl-r-RcppArmadillo-15.0.1-1/library/RcppArmadillo/include/RcppArmadillo/version/arma.h:66:199: note: '#pragma message: Using fallback compilation with Armadillo 14.6.3. Please consider defining -DARMA_USE_CURRENT and also removing C++11 compilation directive. See GitHub issue #475 for more.'
   66 |         #pragma message("Using fallback compilation with Armadillo 14.6.3. Please consider defining -DARMA_USE_CURRENT and also removing C++11 compilation directive. See GitHub issue #475 for more.")
/nix/store/lpl1fh1jj5xhi6wjwsl53hxcxjg8bqhl-r-RcppArmadillo-15.0.1-1/library/RcppArmadillo/include/RcppArmadillo/version/arma.h:66:199: note: '#pragma message: Using fallback compilation with Armadillo 14.6.3. Please consider defining -DARMA_USE_CURRENT and also removing C++11 compilation directive. See GitHub issue #475 for more.'
   66 |         #pragma message("Using fallback compilation with Armadillo 14.6.3. Please consider defining -DARMA_USE_CURRENT and also removing C++11 compilation directive. See GitHub issue #475 for more.")
/nix/store/lpl1fh1jj5xhi6wjwsl53hxcxjg8bqhl-r-RcppArmadillo-15.0.1-1/library/RcppArmadillo/include/RcppArmadillo/version/arma.h:66:199: note: '#pragma message: Using fallback compilation with Armadillo 14.6.3. Please consider defining -DARMA_USE_CURRENT and also removing C++11 compilation directive. See GitHub issue #475 for more.'
   66 |         #pragma message("Using fallback compilation with Armadillo 14.6.3. Please consider defining -DARMA_USE_CURRENT and also removing C++11 compilation directive. See GitHub issue #475 for more.")
/nix/store/lpl1fh1jj5xhi6wjwsl53hxcxjg8bqhl-r-RcppArmadillo-15.0.1-1/library/RcppArmadillo/include/RcppArmadillo/version/arma.h:66:199: note: '#pragma message: Using fallback compilation with Armadillo 14.6.3. Please consider defining -DARMA_USE_CURRENT and also removing C++11 compilation directive. See GitHub issue #475 for more.'
   66 |         #pragma message("Using fallback compilation with Armadillo 14.6.3. Please consider defining -DARMA_USE_CURRENT and also removing C++11 compilation directive. See GitHub issue #475 for more.")
/nix/store/lpl1fh1jj5xhi6wjwsl53hxcxjg8bqhl-r-RcppArmadillo-15.0.1-1/library/RcppArmadillo/include/RcppArmadillo/version/arma.h:66:199: note: '#pragma message: Using fallback compilation with Armadillo 14.6.3. Please consider defining -DARMA_USE_CURRENT and also removing C++11 compilation directive. See GitHub issue #475 for more.'
   66 |         #pragma message("Using fallback compilation with Armadillo 14.6.3. Please consider defining -DARMA_USE_CURRENT and also removing C++11 compilation directive. See GitHub issue #475 for more.")
/nix/store/lpl1fh1jj5xhi6wjwsl53hxcxjg8bqhl-r-RcppArmadillo-15.0.1-1/library/RcppArmadillo/include/RcppArmadillo/version/arma.h:66:199: note: '#pragma message: Using fallback compilation with Armadillo 14.6.3. Please consider defining -DARMA_USE_CURRENT and also removing C++11 compilation directive. See GitHub issue #475 for more.'
   66 |         #pragma message("Using fallback compilation with Armadillo 14.6.3. Please consider defining -DARMA_USE_CURRENT and also removing C++11 compilation directive. See GitHub issue #475 for more.")
/nix/store/lpl1fh1jj5xhi6wjwsl53hxcxjg8bqhl-r-RcppArmadillo-15.0.1-1/library/RcppArmadillo/include/RcppArmadillo/version/arma.h:66:199: note: '#pragma message: Using fallback compilation with Armadillo 14.6.3. Please consider defining -DARMA_USE_CURRENT and also removing C++11 compilation directive. See GitHub issue #475 for more.'
   66 |         #pragma message("Using fallback compilation with Armadillo 14.6.3. Please consider defining -DARMA_USE_CURRENT and also removing C++11 compilation directive. See GitHub issue #475 for more.")
/nix/store/lpl1fh1jj5xhi6wjwsl53hxcxjg8bqhl-r-RcppArmadillo-15.0.1-1/library/RcppArmadillo/include/RcppArmadillo/version/arma.h:66:199: note: '#pragma message: Using fallback compilation with Armadillo 14.6.3. Please consider defining -DARMA_USE_CURRENT and also removing C++11 compilation directive. See GitHub issue #475 for more.'
   66 |         #pragma message("Using fallback compilation with Armadillo 14.6.3. Please consider defining -DARMA_USE_CURRENT and also removing C++11 compilation directive. See GitHub issue #475 for more.")
/nix/store/lpl1fh1jj5xhi6wjwsl53hxcxjg8bqhl-r-RcppArmadillo-15.0.1-1/library/RcppArmadillo/include/RcppArmadillo/version/arma.h:66:199: note: '#pragma message: Using fallback compilation with Armadillo 14.6.3. Please consider defining -DARMA_USE_CURRENT and also removing C++11 compilation directive. See GitHub issue #475 for more.'
   66 |         #pragma message("Using fallback compilation with Armadillo 14.6.3. Please consider defining -DARMA_USE_CURRENT and also removing C++11 compilation directive. See GitHub issue #475 for more.")
/nix/store/lpl1fh1jj5xhi6wjwsl53hxcxjg8bqhl-r-RcppArmadillo-15.0.1-1/library/RcppArmadillo/include/RcppArmadillo/version/arma.h:66:199: note: '#pragma message: Using fallback compilation with Armadillo 14.6.3. Please consider defining -DARMA_USE_CURRENT and also removing C++11 compilation directive. See GitHub issue #475 for more.'
   66 |         #pragma message("Using fallback compilation with Armadillo 14.6.3. Please consider defining -DARMA_USE_CURRENT and also removing C++11 compilation directive. See GitHub issue #475 for more.")
/nix/store/lpl1fh1jj5xhi6wjwsl53hxcxjg8bqhl-r-RcppArmadillo-15.0.1-1/library/RcppArmadillo/include/RcppArmadillo/version/arma.h:66:199: note: '#pragma message: Using fallback compilation with Armadillo 14.6.3. Please consider defining -DARMA_USE_CURRENT and also removing C++11 compilation directive. See GitHub issue #475 for more.'
   66 |         #pragma message("Using fallback compilation with Armadillo 14.6.3. Please consider defining -DARMA_USE_CURRENT and also removing C++11 compilation directive. See GitHub issue #475 for more.")
/nix/store/lpl1fh1jj5xhi6wjwsl53hxcxjg8bqhl-r-RcppArmadillo-15.0.1-1/library/RcppArmadillo/include/RcppArmadillo/version/arma.h:66:199: note: '#pragma message: Using fallback compilation with Armadillo 14.6.3. Please consider defining -DARMA_USE_CURRENT and also removing C++11 compilation directive. See GitHub issue #475 for more.'
   66 |         #pragma message("Using fallback compilation with Armadillo 14.6.3. Please consider defining -DARMA_USE_CURRENT and also removing C++11 compilation directive. See GitHub issue #475 for more.")
/nix/store/lpl1fh1jj5xhi6wjwsl53hxcxjg8bqhl-r-RcppArmadillo-15.0.1-1/library/RcppArmadillo/include/RcppArmadillo/version/arma.h:66:199: note: '#pragma message: Using fallback compilation with Armadillo 14.6.3. Please consider defining -DARMA_USE_CURRENT and also removing C++11 compilation directive. See GitHub issue #475 for more.'
   66 |         #pragma message("Using fallback compilation with Armadillo 14.6.3. Please consider defining -DARMA_USE_CURRENT and also removing C++11 compilation directive. See GitHub issue #475 for more.")
/nix/store/lpl1fh1jj5xhi6wjwsl53hxcxjg8bqhl-r-RcppArmadillo-15.0.1-1/library/RcppArmadillo/include/RcppArmadillo/version/arma.h:66:199: note: '#pragma message: Using fallback compilation with Armadillo 14.6.3. Please consider defining -DARMA_USE_CURRENT and also removing C++11 compilation directive. See GitHub issue #475 for more.'
   66 |         #pragma message("Using fallback compilation with Armadillo 14.6.3. Please consider defining -DARMA_USE_CURRENT and also removing C++11 compilation directive. See GitHub issue #475 for more.")
/nix/store/lpl1fh1jj5xhi6wjwsl53hxcxjg8bqhl-r-RcppArmadillo-15.0.1-1/library/RcppArmadillo/include/RcppArmadillo/version/arma.h:66:199: note: '#pragma message: Using fallback compilation with Armadillo 14.6.3. Please consider defining -DARMA_USE_CURRENT and also removing C++11 compilation directive. See GitHub issue #475 for more.'
   66 |         #pragma message("Using fallback compilation with Armadillo 14.6.3. Please consider defining -DARMA_USE_CURRENT and also removing C++11 compilation directive. See GitHub issue #475 for more.")
removing debugging flags
/nix/store/lpl1fh1jj5xhi6wjwsl53hxcxjg8bqhl-r-RcppArmadillo-15.0.1-1/library/RcppArmadillo/include/RcppArmadillo/version/arma.h:66:199: note: '#pragma message: Using fallback compilation with Armadillo 14.6.3. Please consider defining -DARMA_USE_CURRENT and also removing C++11 compilation directive. See GitHub issue #475 for more.'
   66 |         #pragma message("Using fallback compilation with Armadillo 14.6.3. Please consider defining -DARMA_USE_CURRENT and also removing C++11 compilation directive. See GitHub issue #475 for more.")
/nix/store/lpl1fh1jj5xhi6wjwsl53hxcxjg8bqhl-r-RcppArmadillo-15.0.1-1/library/RcppArmadillo/include/RcppArmadillo/version/arma.h:66:199: note: '#pragma message: Using fallback compilation with Armadillo 14.6.3. Please consider defining -DARMA_USE_CURRENT and also removing C++11 compilation directive. See GitHub issue #475 for more.'
   66 |         #pragma message("Using fallback compilation with Armadillo 14.6.3. Please consider defining -DARMA_USE_CURRENT and also removing C++11 compilation directive. See GitHub issue #475 for more.")
/nix/store/lpl1fh1jj5xhi6wjwsl53hxcxjg8bqhl-r-RcppArmadillo-15.0.1-1/library/RcppArmadillo/include/RcppArmadillo/version/arma.h:66:199: note: '#pragma message: Using fallback compilation with Armadillo 14.6.3. Please consider defining -DARMA_USE_CURRENT and also removing C++11 compilation directive. See GitHub issue #475 for more.'
   66 |         #pragma message("Using fallback compilation with Armadillo 14.6.3. Please consider defining -DARMA_USE_CURRENT and also removing C++11 compilation directive. See GitHub issue #475 for more.")
/nix/store/lpl1fh1jj5xhi6wjwsl53hxcxjg8bqhl-r-RcppArmadillo-15.0.1-1/library/RcppArmadillo/include/RcppArmadillo/version/arma.h:66:199: note: '#pragma message: Using fallback compilation with Armadillo 14.6.3. Please consider defining -DARMA_USE_CURRENT and also removing C++11 compilation directive. See GitHub issue #475 for more.'
   66 |         #pragma message("Using fallback compilation with Armadillo 14.6.3. Please consider defining -DARMA_USE_CURRENT and also removing C++11 compilation directive. See GitHub issue #475 for more.")
* removing '/nix/store/5l7qb4q075hyj6dhw0cvlsvl4y6jrn7v-r-ragg-1.5.0/library/ragg'
       > * removing '/nix/store/5l7qb4q075hyj6dhw0cvlsvl4y6jrn7v-r-ragg-1.5.0/library/ragg'
* removing '/nix/store/8k0cmkqm8kf2c9a5nv806axir97nrzfh-r-tok-0.2.0/library/tok'
       > * removing '/nix/store/8k0cmkqm8kf2c9a5nv806axir97nrzfh-r-tok-0.2.0/library/tok'
