* removing ‘/nix/store/1rbirqasgzlxgpplkddhz3sqxqfxvixh-r-Rcereal-1.3.2/library/Rcereal’
       > * removing ‘/nix/store/1rbirqasgzlxgpplkddhz3sqxqfxvixh-r-Rcereal-1.3.2/library/Rcereal’
/nix/store/0gf0x8261nj79gdbrk0jac3j94d15hlx-r-RcppArmadillo-15.0.2-2/library/RcppArmadillo/include/RcppArmadillo/version/arma.h:66:17: warning: Using fallback compilation with Armadillo 14.6.3. Please consider defining -DARMA_USE_CURRENT and also removing C++11 compilation directive. See GitHub issue #475 for more. [-W#pragma-messages]
   66 |         #pragma message("Using fallback compilation with Armadillo 14.6.3. Please consider defining -DARMA_USE_CURRENT and also removing C++11 compilation directive. See GitHub issue #475 for more.")
/nix/store/0gf0x8261nj79gdbrk0jac3j94d15hlx-r-RcppArmadillo-15.0.2-2/library/RcppArmadillo/include/RcppArmadillo/version/arma.h:66:17: warning: Using fallback compilation with Armadillo 14.6.3. Please consider defining -DARMA_USE_CURRENT and also removing C++11 compilation directive. See GitHub issue #475 for more. [-W#pragma-messages]
   66 |         #pragma message("Using fallback compilation with Armadillo 14.6.3. Please consider defining -DARMA_USE_CURRENT and also removing C++11 compilation directive. See GitHub issue #475 for more.")
/nix/store/0gf0x8261nj79gdbrk0jac3j94d15hlx-r-RcppArmadillo-15.0.2-2/library/RcppArmadillo/include/RcppArmadillo/version/arma.h:66:17: warning: Using fallback compilation with Armadillo 14.6.3. Please consider defining -DARMA_USE_CURRENT and also removing C++11 compilation directive. See GitHub issue #475 for more. [-W#pragma-messages]
   66 |         #pragma message("Using fallback compilation with Armadillo 14.6.3. Please consider defining -DARMA_USE_CURRENT and also removing C++11 compilation directive. See GitHub issue #475 for more.")
/nix/store/0gf0x8261nj79gdbrk0jac3j94d15hlx-r-RcppArmadillo-15.0.2-2/library/RcppArmadillo/include/RcppArmadillo/version/arma.h:66:17: warning: Using fallback compilation with Armadillo 14.6.3. Please consider defining -DARMA_USE_CURRENT and also removing C++11 compilation directive. See GitHub issue #475 for more. [-W#pragma-messages]
   66 |         #pragma message("Using fallback compilation with Armadillo 14.6.3. Please consider defining -DARMA_USE_CURRENT and also removing C++11 compilation directive. See GitHub issue #475 for more.")
* removing ‘/nix/store/3jdy2isrq7ywy3vqw2qh70ddqlg4jl89-r-misc3d-0.9-1/library/misc3d’
       > * removing ‘/nix/store/3jdy2isrq7ywy3vqw2qh70ddqlg4jl89-r-misc3d-0.9-1/library/misc3d’
* removing ‘/nix/store/wxaz9w1x75i56vwjyjqyqpw85wrk648v-r-mongolite-4.0.0/library/mongolite’
       > * removing ‘/nix/store/wxaz9w1x75i56vwjyjqyqpw85wrk648v-r-mongolite-4.0.0/library/mongolite’
* removing ‘/nix/store/5pn7mp84a20g874dj5crf3j0xzqjqipz-r-ade4TkGUI-0.3.4/library/ade4TkGUI’
       > * removing ‘/nix/store/5pn7mp84a20g874dj5crf3j0xzqjqipz-r-ade4TkGUI-0.3.4/library/ade4TkGUI’
removing debugging flags
* removing ‘/nix/store/zndra2rnvh2hld9zvwdl40kp652ms2mj-r-ggmosaic-0.3.3/library/ggmosaic’
       > * removing ‘/nix/store/zndra2rnvh2hld9zvwdl40kp652ms2mj-r-ggmosaic-0.3.3/library/ggmosaic’
* removing ‘/nix/store/vad972rapl9rj14sqqi26l5i0a5qb6ks-r-pdftools-3.6.0/library/pdftools’
       > * removing ‘/nix/store/vad972rapl9rj14sqqi26l5i0a5qb6ks-r-pdftools-3.6.0/library/pdftools’
* removing ‘/nix/store/b98yszqkckwczb57zv1h2cwpdpxr1xwj-r-rpanel-1.1-5.2/library/rpanel’
       > * removing ‘/nix/store/b98yszqkckwczb57zv1h2cwpdpxr1xwj-r-rpanel-1.1-5.2/library/rpanel’
* removing ‘/nix/store/jfyk021x9m8ndcvjv8ajhs0wani20v9g-r-tkrplot-0.0-30/library/tkrplot’
       > * removing ‘/nix/store/jfyk021x9m8ndcvjv8ajhs0wani20v9g-r-tkrplot-0.0-30/library/tkrplot’
