* removing ‘/nix/store/4l9nlw20mbyxc6bmv1amcm66kfvl0q5m-r-ROracle-1.3-1.1/library/ROracle’
       > * removing ‘/nix/store/4l9nlw20mbyxc6bmv1amcm66kfvl0q5m-r-ROracle-1.3-1.1/library/ROracle’
* removing ‘/nix/store/xhgjam07sdkml3y8sxr9jz275mijdidj-r-Rmpi-0.7-3.3/library/Rmpi’
       > * removing ‘/nix/store/xhgjam07sdkml3y8sxr9jz275mijdidj-r-Rmpi-0.7-3.3/library/Rmpi’
* removing ‘/nix/store/1cdh93pdbdpjv0cs0h1qmmlwny2ki8qa-r-XLConnect-1.2.1/library/XLConnect’
       > * removing ‘/nix/store/1cdh93pdbdpjv0cs0h1qmmlwny2ki8qa-r-XLConnect-1.2.1/library/XLConnect’
* removing ‘/nix/store/b0g94y134hlvwnav3lzkmhy41cpp8h7z-r-aplpack-1.3.5/library/aplpack’
       > * removing ‘/nix/store/b0g94y134hlvwnav3lzkmhy41cpp8h7z-r-aplpack-1.3.5/library/aplpack’
* removing ‘/nix/store/p6fphjhrviz5w0m6nn3jarzi8sd54lxi-r-cem-1.1.31/library/cem’
       > * removing ‘/nix/store/p6fphjhrviz5w0m6nn3jarzi8sd54lxi-r-cem-1.1.31/library/cem’
* removing ‘/nix/store/cizg0ndbnrvbs1y637kiyvachb02xw90-r-enrichR-3.4/library/enrichR’
       > * removing ‘/nix/store/cizg0ndbnrvbs1y637kiyvachb02xw90-r-enrichR-3.4/library/enrichR’
* removing ‘/nix/store/nxkx000mwkaa7jdbhj5q1dmh5hma75i7-r-fio-0.1.6/library/fio’
       > * removing ‘/nix/store/nxkx000mwkaa7jdbhj5q1dmh5hma75i7-r-fio-0.1.6/library/fio’
* removing ‘/nix/store/l3sji5g95rq2xvffh5a9f69r8fbwkrjr-r-misc3d-0.9-1/library/misc3d’
       > * removing ‘/nix/store/l3sji5g95rq2xvffh5a9f69r8fbwkrjr-r-misc3d-0.9-1/library/misc3d’
* removing ‘/nix/store/w82hc77jd6h742sd9f4rmac3q2gppdxg-r-mongolite-4.0.0/library/mongolite’
       > * removing ‘/nix/store/w82hc77jd6h742sd9f4rmac3q2gppdxg-r-mongolite-4.0.0/library/mongolite’
* removing ‘/nix/store/l6zpipsvpiz0v3a7qq20vh953yd6s98z-r-nanonext-1.5.2/library/nanonext’
       > * removing ‘/nix/store/l6zpipsvpiz0v3a7qq20vh953yd6s98z-r-nanonext-1.5.2/library/nanonext’
removing debugging flags
* removing ‘/nix/store/yr7zd82kp8dyhk3ndx970qrw8zg06n8a-r-pdftools-3.5.0/library/pdftools’
       > * removing ‘/nix/store/yr7zd82kp8dyhk3ndx970qrw8zg06n8a-r-pdftools-3.5.0/library/pdftools’
* removing ‘/nix/store/b4sza5mi6w0xnjq85vgixacjwmbq4jl7-r-geoR-1.9-5/library/geoR’
       > * removing ‘/nix/store/b4sza5mi6w0xnjq85vgixacjwmbq4jl7-r-geoR-1.9-5/library/geoR’
* removing ‘/nix/store/nnjmpzig9dhzmja0wzd4nxppc69cc4si-r-tcltk2-1.2-11/library/tcltk2’
       > * removing ‘/nix/store/nnjmpzig9dhzmja0wzd4nxppc69cc4si-r-tcltk2-1.2-11/library/tcltk2’
* removing ‘/nix/store/jwbvlwwhpn63dz5y6cci5qqbi6zvg2ll-r-rshift-3.1.2/library/rshift’
       > * removing ‘/nix/store/jwbvlwwhpn63dz5y6cci5qqbi6zvg2ll-r-rshift-3.1.2/library/rshift’
* removing ‘/nix/store/5bw82rbq2kvnapqnb73bbd04nqgc4h2n-r-Factoshiny-2.7/library/Factoshiny’
       > * removing ‘/nix/store/5bw82rbq2kvnapqnb73bbd04nqgc4h2n-r-Factoshiny-2.7/library/Factoshiny’
* removing ‘/nix/store/wqdi1xr2lvjv32g1cnf2if2kiqd4dvfk-r-tkrplot-0.0-29/library/tkrplot’
       > * removing ‘/nix/store/wqdi1xr2lvjv32g1cnf2if2kiqd4dvfk-r-tkrplot-0.0-29/library/tkrplot’
* removing ‘/nix/store/y3lvhsqaz6sb7ixv5lrw6nyvjm1zns60-r-gsubfn-0.7/library/gsubfn’
       > * removing ‘/nix/store/y3lvhsqaz6sb7ixv5lrw6nyvjm1zns60-r-gsubfn-0.7/library/gsubfn’
