* removing '/nix/store/x0d6y3wby74n12dkv7jzq8gr3mzj36qv-r-XLConnect-1.2.2/library/XLConnect'
       > * removing '/nix/store/x0d6y3wby74n12dkv7jzq8gr3mzj36qv-r-XLConnect-1.2.2/library/XLConnect'
/nix/store/zi7rdps480bwmrnfb7i66lm2ycwfnp4g-r-RcppArmadillo-15.0.2-2/library/RcppArmadillo/include/RcppArmadillo/version/arma.h:66:199: note: '#pragma message: Using fallback compilation with Armadillo 14.6.3. Please consider defining -DARMA_USE_CURRENT and also removing C++11 compilation directive. See GitHub issue #475 for more.'
   66 |         #pragma message("Using fallback compilation with Armadillo 14.6.3. Please consider defining -DARMA_USE_CURRENT and also removing C++11 compilation directive. See GitHub issue #475 for more.")
/nix/store/zi7rdps480bwmrnfb7i66lm2ycwfnp4g-r-RcppArmadillo-15.0.2-2/library/RcppArmadillo/include/RcppArmadillo/version/arma.h:66:199: note: '#pragma message: Using fallback compilation with Armadillo 14.6.3. Please consider defining -DARMA_USE_CURRENT and also removing C++11 compilation directive. See GitHub issue #475 for more.'
   66 |         #pragma message("Using fallback compilation with Armadillo 14.6.3. Please consider defining -DARMA_USE_CURRENT and also removing C++11 compilation directive. See GitHub issue #475 for more.")
/nix/store/zi7rdps480bwmrnfb7i66lm2ycwfnp4g-r-RcppArmadillo-15.0.2-2/library/RcppArmadillo/include/RcppArmadillo/version/arma.h:66:199: note: '#pragma message: Using fallback compilation with Armadillo 14.6.3. Please consider defining -DARMA_USE_CURRENT and also removing C++11 compilation directive. See GitHub issue #475 for more.'
   66 |         #pragma message("Using fallback compilation with Armadillo 14.6.3. Please consider defining -DARMA_USE_CURRENT and also removing C++11 compilation directive. See GitHub issue #475 for more.")
/nix/store/zi7rdps480bwmrnfb7i66lm2ycwfnp4g-r-RcppArmadillo-15.0.2-2/library/RcppArmadillo/include/RcppArmadillo/version/arma.h:66:199: note: '#pragma message: Using fallback compilation with Armadillo 14.6.3. Please consider defining -DARMA_USE_CURRENT and also removing C++11 compilation directive. See GitHub issue #475 for more.'
   66 |         #pragma message("Using fallback compilation with Armadillo 14.6.3. Please consider defining -DARMA_USE_CURRENT and also removing C++11 compilation directive. See GitHub issue #475 for more.")
removing debugging flags
* removing '/nix/store/yf4lh9dm6bhbj5v9pcv3yra1nn6h0nfh-r-ggmosaic-0.3.3/library/ggmosaic'
       > * removing '/nix/store/yf4lh9dm6bhbj5v9pcv3yra1nn6h0nfh-r-ggmosaic-0.3.3/library/ggmosaic'
/nix/store/zi7rdps480bwmrnfb7i66lm2ycwfnp4g-r-RcppArmadillo-15.0.2-2/library/RcppArmadillo/include/RcppArmadillo/version/arma.h:66:199: note: '#pragma message: Using fallback compilation with Armadillo 14.6.3. Please consider defining -DARMA_USE_CURRENT and also removing C++11 compilation directive. See GitHub issue #475 for more.'
   66 |         #pragma message("Using fallback compilation with Armadillo 14.6.3. Please consider defining -DARMA_USE_CURRENT and also removing C++11 compilation directive. See GitHub issue #475 for more.")
/nix/store/zi7rdps480bwmrnfb7i66lm2ycwfnp4g-r-RcppArmadillo-15.0.2-2/library/RcppArmadillo/include/RcppArmadillo/version/arma.h:66:199: note: '#pragma message: Using fallback compilation with Armadillo 14.6.3. Please consider defining -DARMA_USE_CURRENT and also removing C++11 compilation directive. See GitHub issue #475 for more.'
   66 |         #pragma message("Using fallback compilation with Armadillo 14.6.3. Please consider defining -DARMA_USE_CURRENT and also removing C++11 compilation directive. See GitHub issue #475 for more.")
/nix/store/zi7rdps480bwmrnfb7i66lm2ycwfnp4g-r-RcppArmadillo-15.0.2-2/library/RcppArmadillo/include/RcppArmadillo/version/arma.h:66:199: note: '#pragma message: Using fallback compilation with Armadillo 14.6.3. Please consider defining -DARMA_USE_CURRENT and also removing C++11 compilation directive. See GitHub issue #475 for more.'
   66 |         #pragma message("Using fallback compilation with Armadillo 14.6.3. Please consider defining -DARMA_USE_CURRENT and also removing C++11 compilation directive. See GitHub issue #475 for more.")
/nix/store/zi7rdps480bwmrnfb7i66lm2ycwfnp4g-r-RcppArmadillo-15.0.2-2/library/RcppArmadillo/include/RcppArmadillo/version/arma.h:66:199: note: '#pragma message: Using fallback compilation with Armadillo 14.6.3. Please consider defining -DARMA_USE_CURRENT and also removing C++11 compilation directive. See GitHub issue #475 for more.'
   66 |         #pragma message("Using fallback compilation with Armadillo 14.6.3. Please consider defining -DARMA_USE_CURRENT and also removing C++11 compilation directive. See GitHub issue #475 for more.")
* removing '/nix/store/ddd1rfp8dhqvfqjc633d591nhj01kazp-r-ggtern-3.5.0/library/ggtern'
       > * removing '/nix/store/ddd1rfp8dhqvfqjc633d591nhj01kazp-r-ggtern-3.5.0/library/ggtern'
