* removing ‘/nix/store/5dp9chr45rhrqh0hpqz3mbg1c2kgmz1a-r-ROracle-1.3-1.1/library/ROracle’
       > * removing ‘/nix/store/5dp9chr45rhrqh0hpqz3mbg1c2kgmz1a-r-ROracle-1.3-1.1/library/ROracle’
* removing ‘/nix/store/3fycyy1fil2k14zxxg07jd5g85972gdq-r-Rblpapi-0.3.16/library/Rblpapi’
       > * removing ‘/nix/store/3fycyy1fil2k14zxxg07jd5g85972gdq-r-Rblpapi-0.3.16/library/Rblpapi’
* removing ‘/nix/store/4hn2fhikssdp9lh03ig44hzm3r6psk8w-r-Rmpi-0.7-3.3/library/Rmpi’
       > * removing ‘/nix/store/4hn2fhikssdp9lh03ig44hzm3r6psk8w-r-Rmpi-0.7-3.3/library/Rmpi’
* removing ‘/nix/store/s9nd3db5n4f63fp635l02yzjf0vryklw-r-aplpack-1.3.5/library/aplpack’
       > * removing ‘/nix/store/s9nd3db5n4f63fp635l02yzjf0vryklw-r-aplpack-1.3.5/library/aplpack’
* removing ‘/nix/store/78k73ljdr2ixq1ygf90rnda2p6i93is2-r-brotli-1.3.2/library/brotli’
       > * removing ‘/nix/store/78k73ljdr2ixq1ygf90rnda2p6i93is2-r-brotli-1.3.2/library/brotli’
* removing ‘/nix/store/flns8kki9nzsxh8j40hz7whdzkil3bgc-r-cem-1.1.31/library/cem’
       > * removing ‘/nix/store/flns8kki9nzsxh8j40hz7whdzkil3bgc-r-cem-1.1.31/library/cem’
* removing ‘/nix/store/50fyrh1fv34hix6nd0nnbzhrzdpr3fpx-r-enrichR-3.4/library/enrichR’
       > * removing ‘/nix/store/50fyrh1fv34hix6nd0nnbzhrzdpr3fpx-r-enrichR-3.4/library/enrichR’
* removing ‘/nix/store/bmkrfb4i9qnv0xc1iaqdwpbwdhahcvwn-r-fio-0.1.6/library/fio’
       > * removing ‘/nix/store/bmkrfb4i9qnv0xc1iaqdwpbwdhahcvwn-r-fio-0.1.6/library/fio’
* removing ‘/nix/store/2rwaw2bhg9hfjcm7zb1lbnhk44p6d9kb-r-misc3d-0.9-1/library/misc3d’
       > * removing ‘/nix/store/2rwaw2bhg9hfjcm7zb1lbnhk44p6d9kb-r-misc3d-0.9-1/library/misc3d’
* removing ‘/nix/store/krn5dycs7bwyccfz558kvfjfkr31k5r4-r-mongolite-4.0.0/library/mongolite’
       > * removing ‘/nix/store/krn5dycs7bwyccfz558kvfjfkr31k5r4-r-mongolite-4.0.0/library/mongolite’
* removing ‘/nix/store/s36kdkhcv5vc1wd409abali7hnyv2z6p-r-nanonext-1.5.2/library/nanonext’
       > * removing ‘/nix/store/s36kdkhcv5vc1wd409abali7hnyv2z6p-r-nanonext-1.5.2/library/nanonext’
* removing ‘/nix/store/dbn1ja8fyjlav5h9pr4xfzrq5kn5dh1d-r-ade4TkGUI-0.3.4/library/ade4TkGUI’
       > * removing ‘/nix/store/dbn1ja8fyjlav5h9pr4xfzrq5kn5dh1d-r-ade4TkGUI-0.3.4/library/ade4TkGUI’
removing debugging flags
* removing ‘/nix/store/j6bfasb882gpnfw3dcb4x3m7h68x9l14-r-pdftools-3.5.0/library/pdftools’
       > * removing ‘/nix/store/j6bfasb882gpnfw3dcb4x3m7h68x9l14-r-pdftools-3.5.0/library/pdftools’
* removing ‘/nix/store/4y8nq0i45wk412h1jdnx6n0f7z2rcy22-r-geoR-1.9-4/library/geoR’
       > * removing ‘/nix/store/4y8nq0i45wk412h1jdnx6n0f7z2rcy22-r-geoR-1.9-4/library/geoR’
* removing ‘/nix/store/pwxq5fin6qcz8ydzj7skblks07xjgbq9-r-tcltk2-1.2-11/library/tcltk2’
       > * removing ‘/nix/store/pwxq5fin6qcz8ydzj7skblks07xjgbq9-r-tcltk2-1.2-11/library/tcltk2’
* removing ‘/nix/store/wgi6hdgnbskkj3k8g69x71ka5ch252p8-r-Factoshiny-2.7/library/Factoshiny’
       > * removing ‘/nix/store/wgi6hdgnbskkj3k8g69x71ka5ch252p8-r-Factoshiny-2.7/library/Factoshiny’
* removing ‘/nix/store/pg0bxnq33cpay2hqh5wy9xz2kp4mkkf3-r-rshift-3.1.2/library/rshift’
       > * removing ‘/nix/store/pg0bxnq33cpay2hqh5wy9xz2kp4mkkf3-r-rshift-3.1.2/library/rshift’
* removing ‘/nix/store/zkhhxslixjb8mzdscqm3hf2l89x75933-r-tkrplot-0.0-29/library/tkrplot’
       > * removing ‘/nix/store/zkhhxslixjb8mzdscqm3hf2l89x75933-r-tkrplot-0.0-29/library/tkrplot’
* removing ‘/nix/store/rsdhlr0lm33szahxc2jmdp9vyzjq47nd-r-gsubfn-0.7/library/gsubfn’
       > * removing ‘/nix/store/rsdhlr0lm33szahxc2jmdp9vyzjq47nd-r-gsubfn-0.7/library/gsubfn’
