* removing ‘/nix/store/2qxq92cl75jdfxhyj2jjavflm6gvgwfc-r-ROracle-1.3-1.1/library/ROracle’
       > * removing ‘/nix/store/2qxq92cl75jdfxhyj2jjavflm6gvgwfc-r-ROracle-1.3-1.1/library/ROracle’
* removing ‘/nix/store/2bq0gnsl1gkdai2fhi15s8c28mzzsb6q-r-RPostgreSQL-0.7-8/library/RPostgreSQL’
       > * removing ‘/nix/store/2bq0gnsl1gkdai2fhi15s8c28mzzsb6q-r-RPostgreSQL-0.7-8/library/RPostgreSQL’
* removing ‘/nix/store/p5ax4cfxr3xfkf7lxipl6bfpxr94f8r9-r-aplpack-1.3.5/library/aplpack’
       > * removing ‘/nix/store/p5ax4cfxr3xfkf7lxipl6bfpxr94f8r9-r-aplpack-1.3.5/library/aplpack’
* removing ‘/nix/store/d8slxv0favhbg2s0dwh0qs4wrw63f73z-r-cem-1.1.31/library/cem’
       > * removing ‘/nix/store/d8slxv0favhbg2s0dwh0qs4wrw63f73z-r-cem-1.1.31/library/cem’
* removing ‘/nix/store/72vn91nhasasvdxnlb2k8frx97zfjqr4-r-enrichR-3.4/library/enrichR’
       > * removing ‘/nix/store/72vn91nhasasvdxnlb2k8frx97zfjqr4-r-enrichR-3.4/library/enrichR’
* removing ‘/nix/store/1wl7iz2kkfkxka2aiz97l9am0c4mr775-r-RcppPlanc-2.0.8/library/RcppPlanc’
       > * removing ‘/nix/store/1wl7iz2kkfkxka2aiz97l9am0c4mr775-r-RcppPlanc-2.0.8/library/RcppPlanc’
* removing ‘/nix/store/njx82ihbl3k2nc7w9x0h3v3lr477iyr4-r-misc3d-0.9-1/library/misc3d’
       > * removing ‘/nix/store/njx82ihbl3k2nc7w9x0h3v3lr477iyr4-r-misc3d-0.9-1/library/misc3d’
* removing ‘/nix/store/vpd2km0jln8n1mw0gcx5bvhxj9d8xhc4-r-mongolite-4.0.0/library/mongolite’
       > * removing ‘/nix/store/vpd2km0jln8n1mw0gcx5bvhxj9d8xhc4-r-mongolite-4.0.0/library/mongolite’
removing debugging flags
* removing ‘/nix/store/bj2xq6z244h6wvmk4894j0i9c8dnpd4l-r-pdftools-3.5.0/library/pdftools’
       > * removing ‘/nix/store/bj2xq6z244h6wvmk4894j0i9c8dnpd4l-r-pdftools-3.5.0/library/pdftools’
* removing ‘/nix/store/byvird9fmfki98jqscs3npvn4rgp2xy2-r-XLConnect-1.2.1/library/XLConnect’
       > * removing ‘/nix/store/byvird9fmfki98jqscs3npvn4rgp2xy2-r-XLConnect-1.2.1/library/XLConnect’
* removing ‘/nix/store/bl6i0y16bkwh2c3p5mswj6bzh1c4xxgh-r-geoR-1.9-5/library/geoR’
       > * removing ‘/nix/store/bl6i0y16bkwh2c3p5mswj6bzh1c4xxgh-r-geoR-1.9-5/library/geoR’
* removing ‘/nix/store/qlgxihd8rzy42wkvq3bdrpkzcbb1gxc4-r-tcltk2-1.2-11/library/tcltk2’
       > * removing ‘/nix/store/qlgxihd8rzy42wkvq3bdrpkzcbb1gxc4-r-tcltk2-1.2-11/library/tcltk2’
* removing ‘/nix/store/319ymqz4r69blxf0w3dly89c8wh6sskw-r-Factoshiny-2.7/library/Factoshiny’
       > * removing ‘/nix/store/319ymqz4r69blxf0w3dly89c8wh6sskw-r-Factoshiny-2.7/library/Factoshiny’
* removing ‘/nix/store/0yaxcf4kpm3lqyml716c8h9h660s4510-r-tkrplot-0.0-29/library/tkrplot’
       > * removing ‘/nix/store/0yaxcf4kpm3lqyml716c8h9h660s4510-r-tkrplot-0.0-29/library/tkrplot’
* removing ‘/nix/store/ic6j76xx1b7926fv33cc7lg44gl01iab-r-gsubfn-0.7/library/gsubfn’
       > * removing ‘/nix/store/ic6j76xx1b7926fv33cc7lg44gl01iab-r-gsubfn-0.7/library/gsubfn’
