* removing '/nix/store/ynp0k27ljga9qh19v58y52c7ighahpxa-r-ROracle-1.3-1.1/library/ROracle'
       > * removing '/nix/store/ynp0k27ljga9qh19v58y52c7ighahpxa-r-ROracle-1.3-1.1/library/ROracle'
* removing '/nix/store/25205as0y6xd13n0ppcr649pdfvrqm0a-r-Rmpi-0.7-3.3/library/Rmpi'
       > * removing '/nix/store/25205as0y6xd13n0ppcr649pdfvrqm0a-r-Rmpi-0.7-3.3/library/Rmpi'
* removing '/nix/store/a9d86yw3wc8jjmhqhzzm53y7jgzgjsg8-r-arcgisplaces-0.1.2/library/arcgisplaces'
       > * removing '/nix/store/a9d86yw3wc8jjmhqhzzm53y7jgzgjsg8-r-arcgisplaces-0.1.2/library/arcgisplaces'
* removing '/nix/store/yh5lkgapycfq15gjhjv97yhxv3wdzakv-r-fio-0.1.6/library/fio'
       > * removing '/nix/store/yh5lkgapycfq15gjhjv97yhxv3wdzakv-r-fio-0.1.6/library/fio'
* removing '/nix/store/6n9g4mjqhxyx1i7mcllkmnb6d5mjd89q-r-asciicast-2.3.1/library/asciicast'
       > * removing '/nix/store/6n9g4mjqhxyx1i7mcllkmnb6d5mjd89q-r-asciicast-2.3.1/library/asciicast'
* removing '/nix/store/29drnl9c5lkvi5w86rg62znfznrdm3na-r-nanonext-1.5.2/library/nanonext'
       > * removing '/nix/store/29drnl9c5lkvi5w86rg62znfznrdm3na-r-nanonext-1.5.2/library/nanonext'
removing debugging flags
* removing '/nix/store/fril96h5cg9naxbks7pzfd3f60jfwkyn-r-rJava-1.0-11/library/rJava'
       > * removing '/nix/store/fril96h5cg9naxbks7pzfd3f60jfwkyn-r-rJava-1.0-11/library/rJava'
* removing '/nix/store/1lr9ybrfwx33fbb359yw508gadqyc080-r-terra-1.8-50/library/terra'
       > * removing '/nix/store/1lr9ybrfwx33fbb359yw508gadqyc080-r-terra-1.8-50/library/terra'
* removing '/nix/store/2xi5j33wqgh53jznzadcvl6ghjcgwqh5-r-rshift-3.1.2/library/rshift'
       > * removing '/nix/store/2xi5j33wqgh53jznzadcvl6ghjcgwqh5-r-rshift-3.1.2/library/rshift'
* removing '/nix/store/si8filnflm6a4h8l8fh28jbv7mf62xmp-r-ymd-0.1.5/library/ymd'
       > * removing '/nix/store/si8filnflm6a4h8l8fh28jbv7mf62xmp-r-ymd-0.1.5/library/ymd'
