* removing ‘/nix/store/gm8pslhp7a2a16f4jyjzrnxpmpzylscw-r-Rcereal-1.3.2/library/Rcereal’
       > * removing ‘/nix/store/gm8pslhp7a2a16f4jyjzrnxpmpzylscw-r-Rcereal-1.3.2/library/Rcereal’
* removing ‘/nix/store/3y228m56ryk0kfb9nccblfzaidjqbq1g-r-XLConnect-1.2.2/library/XLConnect’
       > * removing ‘/nix/store/3y228m56ryk0kfb9nccblfzaidjqbq1g-r-XLConnect-1.2.2/library/XLConnect’
/nix/store/c94a9vahqpnkdm0v8c9mi0naq17llsml-r-RcppArmadillo-15.0.2-2/library/RcppArmadillo/include/RcppArmadillo/version/arma.h:66:17: warning: Using fallback compilation with Armadillo 14.6.3. Please consider defining -DARMA_USE_CURRENT and also removing C++11 compilation directive. See GitHub issue #475 for more. [-W#pragma-messages]
   66 |         #pragma message("Using fallback compilation with Armadillo 14.6.3. Please consider defining -DARMA_USE_CURRENT and also removing C++11 compilation directive. See GitHub issue #475 for more.")
/nix/store/c94a9vahqpnkdm0v8c9mi0naq17llsml-r-RcppArmadillo-15.0.2-2/library/RcppArmadillo/include/RcppArmadillo/version/arma.h:66:17: warning: Using fallback compilation with Armadillo 14.6.3. Please consider defining -DARMA_USE_CURRENT and also removing C++11 compilation directive. See GitHub issue #475 for more. [-W#pragma-messages]
   66 |         #pragma message("Using fallback compilation with Armadillo 14.6.3. Please consider defining -DARMA_USE_CURRENT and also removing C++11 compilation directive. See GitHub issue #475 for more.")
/nix/store/c94a9vahqpnkdm0v8c9mi0naq17llsml-r-RcppArmadillo-15.0.2-2/library/RcppArmadillo/include/RcppArmadillo/version/arma.h:66:17: warning: Using fallback compilation with Armadillo 14.6.3. Please consider defining -DARMA_USE_CURRENT and also removing C++11 compilation directive. See GitHub issue #475 for more. [-W#pragma-messages]
   66 |         #pragma message("Using fallback compilation with Armadillo 14.6.3. Please consider defining -DARMA_USE_CURRENT and also removing C++11 compilation directive. See GitHub issue #475 for more.")
/nix/store/c94a9vahqpnkdm0v8c9mi0naq17llsml-r-RcppArmadillo-15.0.2-2/library/RcppArmadillo/include/RcppArmadillo/version/arma.h:66:17: warning: Using fallback compilation with Armadillo 14.6.3. Please consider defining -DARMA_USE_CURRENT and also removing C++11 compilation directive. See GitHub issue #475 for more. [-W#pragma-messages]
   66 |         #pragma message("Using fallback compilation with Armadillo 14.6.3. Please consider defining -DARMA_USE_CURRENT and also removing C++11 compilation directive. See GitHub issue #475 for more.")
* removing ‘/nix/store/rscir5wwck3gnc7x5fg7m10bqhdcn6pf-r-misc3d-0.9-1/library/misc3d’
       > * removing ‘/nix/store/rscir5wwck3gnc7x5fg7m10bqhdcn6pf-r-misc3d-0.9-1/library/misc3d’
* removing ‘/nix/store/y088q3dyybngys73ajp9ci8z4y2dv90y-r-mongolite-4.0.0/library/mongolite’
       > * removing ‘/nix/store/y088q3dyybngys73ajp9ci8z4y2dv90y-r-mongolite-4.0.0/library/mongolite’
removing debugging flags
* removing ‘/nix/store/n47z1f4rfgcb7y4kmm06m8b52amr8icj-r-pdftools-3.6.0/library/pdftools’
       > * removing ‘/nix/store/n47z1f4rfgcb7y4kmm06m8b52amr8icj-r-pdftools-3.6.0/library/pdftools’
* removing ‘/nix/store/lk48fad8rx3igvx6vhhjmspgp0873h7w-r-rpanel-1.1-5.2/library/rpanel’
       > * removing ‘/nix/store/lk48fad8rx3igvx6vhhjmspgp0873h7w-r-rpanel-1.1-5.2/library/rpanel’
/nix/store/c94a9vahqpnkdm0v8c9mi0naq17llsml-r-RcppArmadillo-15.0.2-2/library/RcppArmadillo/include/RcppArmadillo/version/arma.h:66:17: warning: Using fallback compilation with Armadillo 14.6.3. Please consider defining -DARMA_USE_CURRENT and also removing C++11 compilation directive. See GitHub issue #475 for more. [-W#pragma-messages]
   66 |         #pragma message("Using fallback compilation with Armadillo 14.6.3. Please consider defining -DARMA_USE_CURRENT and also removing C++11 compilation directive. See GitHub issue #475 for more.")
/nix/store/c94a9vahqpnkdm0v8c9mi0naq17llsml-r-RcppArmadillo-15.0.2-2/library/RcppArmadillo/include/RcppArmadillo/version/arma.h:66:17: warning: Using fallback compilation with Armadillo 14.6.3. Please consider defining -DARMA_USE_CURRENT and also removing C++11 compilation directive. See GitHub issue #475 for more. [-W#pragma-messages]
   66 |         #pragma message("Using fallback compilation with Armadillo 14.6.3. Please consider defining -DARMA_USE_CURRENT and also removing C++11 compilation directive. See GitHub issue #475 for more.")
/nix/store/c94a9vahqpnkdm0v8c9mi0naq17llsml-r-RcppArmadillo-15.0.2-2/library/RcppArmadillo/include/RcppArmadillo/version/arma.h:66:17: warning: Using fallback compilation with Armadillo 14.6.3. Please consider defining -DARMA_USE_CURRENT and also removing C++11 compilation directive. See GitHub issue #475 for more. [-W#pragma-messages]
   66 |         #pragma message("Using fallback compilation with Armadillo 14.6.3. Please consider defining -DARMA_USE_CURRENT and also removing C++11 compilation directive. See GitHub issue #475 for more.")
/nix/store/c94a9vahqpnkdm0v8c9mi0naq17llsml-r-RcppArmadillo-15.0.2-2/library/RcppArmadillo/include/RcppArmadillo/version/arma.h:66:17: warning: Using fallback compilation with Armadillo 14.6.3. Please consider defining -DARMA_USE_CURRENT and also removing C++11 compilation directive. See GitHub issue #475 for more. [-W#pragma-messages]
   66 |         #pragma message("Using fallback compilation with Armadillo 14.6.3. Please consider defining -DARMA_USE_CURRENT and also removing C++11 compilation directive. See GitHub issue #475 for more.")
* removing ‘/nix/store/8aw7rx77cqppswx3qjzglgmgk5f16r0w-r-ggtern-3.5.0/library/ggtern’
       > * removing ‘/nix/store/8aw7rx77cqppswx3qjzglgmgk5f16r0w-r-ggtern-3.5.0/library/ggtern’
* removing ‘/nix/store/jingp376qm698kjdbbi1bnr3x1iq3l72-r-Factoshiny-2.7/library/Factoshiny’
       > * removing ‘/nix/store/jingp376qm698kjdbbi1bnr3x1iq3l72-r-Factoshiny-2.7/library/Factoshiny’
* removing ‘/nix/store/2w91l4rasm9nym06drpv92fmk3vn4s67-r-tkrplot-0.0-30/library/tkrplot’
       > * removing ‘/nix/store/2w91l4rasm9nym06drpv92fmk3vn4s67-r-tkrplot-0.0-30/library/tkrplot’
