* removing ‘/nix/store/q2rrds081xzlxsrmsj508ijpb6771lw2-r-git2r-0.36.2/library/git2r’
       > * removing ‘/nix/store/q2rrds081xzlxsrmsj508ijpb6771lw2-r-git2r-0.36.2/library/git2r’
* removing ‘/nix/store/bngp6n774wc33f6bpbmq5089ayhbjmbf-r-hdf5r-1.3.12/library/hdf5r’
       > * removing ‘/nix/store/bngp6n774wc33f6bpbmq5089ayhbjmbf-r-hdf5r-1.3.12/library/hdf5r’
* removing ‘/nix/store/dcfa8fr8i6h179drfcph4mzgxagrx7ya-r-GapAnalysis-2.0.0/library/GapAnalysis’
       > * removing ‘/nix/store/dcfa8fr8i6h179drfcph4mzgxagrx7ya-r-GapAnalysis-2.0.0/library/GapAnalysis’
* removing ‘/nix/store/fjj6lli542nfh2n14gvxwcc3sxhffq41-r-RMark-3.0.7/library/RMark’
       > * removing ‘/nix/store/fjj6lli542nfh2n14gvxwcc3sxhffq41-r-RMark-3.0.7/library/RMark’
* removing ‘/nix/store/i1x6h9h18kkb262if5cjjs3prg7x4gl5-r-otelsdk-0.2.4/library/otelsdk’
       > * removing ‘/nix/store/i1x6h9h18kkb262if5cjjs3prg7x4gl5-r-otelsdk-0.2.4/library/otelsdk’
* removing ‘/nix/store/4d0jkihp43dqk8kgs1i7m2y36x9v63c1-r-pdftools-3.8.0/library/pdftools’
       > * removing ‘/nix/store/4d0jkihp43dqk8kgs1i7m2y36x9v63c1-r-pdftools-3.8.0/library/pdftools’
* removing ‘/nix/store/b617qyr98ixrvd6ri9zhd5i2slp8s0sf-r-string2path-0.3.1/library/string2path’
       > * removing ‘/nix/store/b617qyr98ixrvd6ri9zhd5i2slp8s0sf-r-string2path-0.3.1/library/string2path’
* removing ‘/nix/store/j12b8g0hhpp4kfr083a3sr0yyklljz8h-r-summarytools-1.1.5/library/summarytools’
       > * removing ‘/nix/store/j12b8g0hhpp4kfr083a3sr0yyklljz8h-r-summarytools-1.1.5/library/summarytools’
* removing ‘/nix/store/sqzh8n1sc877qpg3vgcx4nd45as04g1g-r-tcltk2-1.6.1/library/tcltk2’
       > * removing ‘/nix/store/sqzh8n1sc877qpg3vgcx4nd45as04g1g-r-tcltk2-1.6.1/library/tcltk2’
* removing ‘/nix/store/akl40iv7zpwrrkmzch3197j2yq82b761-r-gsubfn-0.7/library/gsubfn’
       > * removing ‘/nix/store/akl40iv7zpwrrkmzch3197j2yq82b761-r-gsubfn-0.7/library/gsubfn’
