* removing ‘/nix/store/b29lwb2kcj218bdq09bcwjbwg6zswk3x-r-Rcereal-1.3.2/library/Rcereal’
       > * removing ‘/nix/store/b29lwb2kcj218bdq09bcwjbwg6zswk3x-r-Rcereal-1.3.2/library/Rcereal’
* removing ‘/nix/store/vgvxb1akg138v8dpa1594cf75dr62kqc-r-aplpack-1.3.5/library/aplpack’
       > * removing ‘/nix/store/vgvxb1akg138v8dpa1594cf75dr62kqc-r-aplpack-1.3.5/library/aplpack’
* removing ‘/nix/store/sh3n96wrwj54g5xqk5nwq8fr0vbr65z5-r-doMPI-0.2.2/library/doMPI’
       > * removing ‘/nix/store/sh3n96wrwj54g5xqk5nwq8fr0vbr65z5-r-doMPI-0.2.2/library/doMPI’
* removing ‘/nix/store/vxdvfjvf5qidhigdicz0v3y9l13phsmq-r-enrichR-3.4/library/enrichR’
       > * removing ‘/nix/store/vxdvfjvf5qidhigdicz0v3y9l13phsmq-r-enrichR-3.4/library/enrichR’
* removing ‘/nix/store/jbigxqbqzxdfsfg0zyz4acl00n29d26a-r-eulerr-8.0.0/library/eulerr’
       > * removing ‘/nix/store/jbigxqbqzxdfsfg0zyz4acl00n29d26a-r-eulerr-8.0.0/library/eulerr’
* removing ‘/nix/store/cjxj49lap8b03i8h86hymfchrpm0lc0a-r-geoR-1.9-6/library/geoR’
       > * removing ‘/nix/store/cjxj49lap8b03i8h86hymfchrpm0lc0a-r-geoR-1.9-6/library/geoR’
* removing ‘/nix/store/x7ppb0wax1zyp5bw3k2s9ap7iwlzsrc9-r-git2r-0.36.2/library/git2r’
       > * removing ‘/nix/store/x7ppb0wax1zyp5bw3k2s9ap7iwlzsrc9-r-git2r-0.36.2/library/git2r’
* removing ‘/nix/store/yh9x4nizcysdir5b3d33w4x8i9hzlbvg-r-misc3d-0.9-2/library/misc3d’
       > * removing ‘/nix/store/yh9x4nizcysdir5b3d33w4x8i9hzlbvg-r-misc3d-0.9-2/library/misc3d’
removing debugging flags
* removing ‘/nix/store/3pdxib039arwp6gbb3ak0shcz83il5pg-r-gsubfn-0.7/library/gsubfn’
       > * removing ‘/nix/store/3pdxib039arwp6gbb3ak0shcz83il5pg-r-gsubfn-0.7/library/gsubfn’
* removing ‘/nix/store/3s98fqhgn1yrywl8ik0vabh4nvxz516s-r-pdftools-3.9.0/library/pdftools’
       > * removing ‘/nix/store/3s98fqhgn1yrywl8ik0vabh4nvxz516s-r-pdftools-3.9.0/library/pdftools’
* removing ‘/nix/store/5l0dfpxmdmsavknkz03hjsim16znrmk2-r-summarytools-1.1.5/library/summarytools’
       > * removing ‘/nix/store/5l0dfpxmdmsavknkz03hjsim16znrmk2-r-summarytools-1.1.5/library/summarytools’
* removing ‘/nix/store/s254h8az1vibwyxvzkdp8r1529qcz7nd-r-tcltk2-1.6.1/library/tcltk2’
       > * removing ‘/nix/store/s254h8az1vibwyxvzkdp8r1529qcz7nd-r-tcltk2-1.6.1/library/tcltk2’
* removing ‘/nix/store/g2s1i4rsn2fxrm32wz77vdxs2y81b9y7-r-tkrplot-0.0-32/library/tkrplot’
       > * removing ‘/nix/store/g2s1i4rsn2fxrm32wz77vdxs2y81b9y7-r-tkrplot-0.0-32/library/tkrplot’
* removing ‘/nix/store/frpgps65dyzdppwa25hn1hy1cxjxd9jr-r-Factoshiny-2.7/library/Factoshiny’
       > * removing ‘/nix/store/frpgps65dyzdppwa25hn1hy1cxjxd9jr-r-Factoshiny-2.7/library/Factoshiny’
