* removing ‘/nix/store/2nsfcmc3b4hzvx4135n1z1zqy97p0dj9-r-ROracle-1.3-1.1/library/ROracle’
       > * removing ‘/nix/store/2nsfcmc3b4hzvx4135n1z1zqy97p0dj9-r-ROracle-1.3-1.1/library/ROracle’
* removing ‘/nix/store/zdqp6dccmx75wy5w1wzsd06dpvqq6xp7-r-XLConnect-1.2.1/library/XLConnect’
       > * removing ‘/nix/store/zdqp6dccmx75wy5w1wzsd06dpvqq6xp7-r-XLConnect-1.2.1/library/XLConnect’
* removing ‘/nix/store/0273c9vvpb1sawicswn8fj849xn8qnga-r-aplpack-1.3.5/library/aplpack’
       > * removing ‘/nix/store/0273c9vvpb1sawicswn8fj849xn8qnga-r-aplpack-1.3.5/library/aplpack’
* removing ‘/nix/store/aq307ws9h69xa6zhhf0mxk3dm2xkqg7p-r-cem-1.1.31/library/cem’
       > * removing ‘/nix/store/aq307ws9h69xa6zhhf0mxk3dm2xkqg7p-r-cem-1.1.31/library/cem’
* removing ‘/nix/store/ryy0zvwisvwr29g9dcqfgd2jfr3ksmlv-r-enrichR-3.4/library/enrichR’
       > * removing ‘/nix/store/ryy0zvwisvwr29g9dcqfgd2jfr3ksmlv-r-enrichR-3.4/library/enrichR’
* removing ‘/nix/store/wyn13nk98png29271ysvy2xwdbdx4i8b-r-RcppPlanc-2.0.11/library/RcppPlanc’
       > * removing ‘/nix/store/wyn13nk98png29271ysvy2xwdbdx4i8b-r-RcppPlanc-2.0.11/library/RcppPlanc’
* removing ‘/nix/store/j1v4svgyvvm0zj882fgvnw6m7jl8x8yg-r-misc3d-0.9-1/library/misc3d’
       > * removing ‘/nix/store/j1v4svgyvvm0zj882fgvnw6m7jl8x8yg-r-misc3d-0.9-1/library/misc3d’
* removing ‘/nix/store/6hj3jhazng6y8ckp77pl3rwlczm2279a-r-mongolite-4.0.0/library/mongolite’
       > * removing ‘/nix/store/6hj3jhazng6y8ckp77pl3rwlczm2279a-r-mongolite-4.0.0/library/mongolite’
removing debugging flags
* removing ‘/nix/store/nfzn35w231ydmpk1ir4arfavnaxvalil-r-pdftools-3.5.0/library/pdftools’
       > * removing ‘/nix/store/nfzn35w231ydmpk1ir4arfavnaxvalil-r-pdftools-3.5.0/library/pdftools’
* removing ‘/nix/store/k4gh9n3ddb8kcb8hjwwxv17ssnvxzbqb-r-geoR-1.9-5/library/geoR’
       > * removing ‘/nix/store/k4gh9n3ddb8kcb8hjwwxv17ssnvxzbqb-r-geoR-1.9-5/library/geoR’
* removing ‘/nix/store/i6py3xjrf3sm31sv0kz76k6zix4r3xk5-r-tcltk2-1.2-11/library/tcltk2’
       > * removing ‘/nix/store/i6py3xjrf3sm31sv0kz76k6zix4r3xk5-r-tcltk2-1.2-11/library/tcltk2’
* removing ‘/nix/store/dmhmbf3zsd2pl6lqb719vns58fhfqda1-r-Factoshiny-2.7/library/Factoshiny’
       > * removing ‘/nix/store/dmhmbf3zsd2pl6lqb719vns58fhfqda1-r-Factoshiny-2.7/library/Factoshiny’
* removing ‘/nix/store/9ry90sfl4vai6kahmwrzra0fa1nsc5n4-r-tkrplot-0.0-30/library/tkrplot’
       > * removing ‘/nix/store/9ry90sfl4vai6kahmwrzra0fa1nsc5n4-r-tkrplot-0.0-30/library/tkrplot’
* removing ‘/nix/store/m3dhlsiz5rq7lbf0pjfq751rv32h7dcj-r-gsubfn-0.7/library/gsubfn’
       > * removing ‘/nix/store/m3dhlsiz5rq7lbf0pjfq751rv32h7dcj-r-gsubfn-0.7/library/gsubfn’
