* removing ‘/nix/store/nwv9knhryjpmfmxryvkks8vysm2hg4qp-r-ROracle-1.3-1.1/library/ROracle’
       > * removing ‘/nix/store/nwv9knhryjpmfmxryvkks8vysm2hg4qp-r-ROracle-1.3-1.1/library/ROracle’
* removing ‘/nix/store/4sd2gagb567n6mw78smq55s1xsa282mx-r-XLConnect-1.2.2/library/XLConnect’
       > * removing ‘/nix/store/4sd2gagb567n6mw78smq55s1xsa282mx-r-XLConnect-1.2.2/library/XLConnect’
* removing ‘/nix/store/2qyb87lacybr3hc8zgf11vnivf4swjpi-r-aplpack-1.3.5/library/aplpack’
       > * removing ‘/nix/store/2qyb87lacybr3hc8zgf11vnivf4swjpi-r-aplpack-1.3.5/library/aplpack’
* removing ‘/nix/store/v0frv33sg491i2qpf5qaw2r5zdfv334a-r-caviarpd-0.3.20/library/caviarpd’
       > * removing ‘/nix/store/v0frv33sg491i2qpf5qaw2r5zdfv334a-r-caviarpd-0.3.20/library/caviarpd’
* removing ‘/nix/store/cr7hvc6rqs5kwnx4zpqd0njkf91h9f2w-r-cem-1.1.31/library/cem’
       > * removing ‘/nix/store/cr7hvc6rqs5kwnx4zpqd0njkf91h9f2w-r-cem-1.1.31/library/cem’
* removing ‘/nix/store/4vsmh3k41jmamslgzi71icx3lz8kgygb-r-dataRetrieval-2.7.19/library/dataRetrieval’
       > * removing ‘/nix/store/4vsmh3k41jmamslgzi71icx3lz8kgygb-r-dataRetrieval-2.7.19/library/dataRetrieval’
* removing ‘/nix/store/j4g27pjzal02lkl69azh8g0k81caxmqd-r-enrichR-3.4/library/enrichR’
       > * removing ‘/nix/store/j4g27pjzal02lkl69azh8g0k81caxmqd-r-enrichR-3.4/library/enrichR’
* removing ‘/nix/store/hzsn6r13rsbzbkkfml905p997mlz7akm-r-RcppPlanc-2.0.12/library/RcppPlanc’
       > * removing ‘/nix/store/hzsn6r13rsbzbkkfml905p997mlz7akm-r-RcppPlanc-2.0.12/library/RcppPlanc’
* removing ‘/nix/store/75rd5qf9gavfx8dh7kv99mk33yba5hj4-r-misc3d-0.9-1/library/misc3d’
       > * removing ‘/nix/store/75rd5qf9gavfx8dh7kv99mk33yba5hj4-r-misc3d-0.9-1/library/misc3d’
* removing ‘/nix/store/bmzw5fyhhhb844k6pl86y8m9z6p7fcr8-r-mongolite-4.0.0/library/mongolite’
       > * removing ‘/nix/store/bmzw5fyhhhb844k6pl86y8m9z6p7fcr8-r-mongolite-4.0.0/library/mongolite’
removing debugging flags
* removing ‘/nix/store/pg21ipq3lwzs0yk20m1ihbw9qf600j5y-r-pdftools-3.5.0/library/pdftools’
       > * removing ‘/nix/store/pg21ipq3lwzs0yk20m1ihbw9qf600j5y-r-pdftools-3.5.0/library/pdftools’
* removing ‘/nix/store/c5y61v2vmn340bq8h0cawlh2y4qvj19j-r-geoR-1.9-5/library/geoR’
       > * removing ‘/nix/store/c5y61v2vmn340bq8h0cawlh2y4qvj19j-r-geoR-1.9-5/library/geoR’
* removing ‘/nix/store/qzi4s0qyb96afhs0q84r2kbhh51f0kjk-r-Factoshiny-2.7/library/Factoshiny’
       > * removing ‘/nix/store/qzi4s0qyb96afhs0q84r2kbhh51f0kjk-r-Factoshiny-2.7/library/Factoshiny’
* removing ‘/nix/store/7q898kdf9pbqxsdkaiqs7lk94ym2mkjl-r-tcltk2-1.6.1/library/tcltk2’
       > * removing ‘/nix/store/7q898kdf9pbqxsdkaiqs7lk94ym2mkjl-r-tcltk2-1.6.1/library/tcltk2’
* removing ‘/nix/store/m9wrh5ps2prk4749b6lnfpa2rq7wpvg0-r-tkrplot-0.0-30/library/tkrplot’
       > * removing ‘/nix/store/m9wrh5ps2prk4749b6lnfpa2rq7wpvg0-r-tkrplot-0.0-30/library/tkrplot’
* removing ‘/nix/store/30fj9063i1c645gx6cf8pkkpjcs82in8-r-gsubfn-0.7/library/gsubfn’
       > * removing ‘/nix/store/30fj9063i1c645gx6cf8pkkpjcs82in8-r-gsubfn-0.7/library/gsubfn’
