* removing '/nix/store/bdqvi2fkrhcd71dyzismh45rf2rlhnna-r-XLConnect-1.2.2/library/XLConnect'
       > * removing '/nix/store/bdqvi2fkrhcd71dyzismh45rf2rlhnna-r-XLConnect-1.2.2/library/XLConnect'
* removing '/nix/store/q3c7d95l7di7lmi2rbnn54inqc2ab3r9-r-doMPI-0.2.2/library/doMPI'
       > * removing '/nix/store/q3c7d95l7di7lmi2rbnn54inqc2ab3r9-r-doMPI-0.2.2/library/doMPI'
* removing '/nix/store/ygwz7ylnn95h4f7qd9y8fs061nc5isaq-r-otelsdk-0.2.2/library/otelsdk'
       > * removing '/nix/store/ygwz7ylnn95h4f7qd9y8fs061nc5isaq-r-otelsdk-0.2.2/library/otelsdk'
removing debugging flags
* removing '/nix/store/d0wsl7k7jvs69hs6gb87s6scprwjyqsc-r-ggmosaic-0.3.3/library/ggmosaic'
       > * removing '/nix/store/d0wsl7k7jvs69hs6gb87s6scprwjyqsc-r-ggmosaic-0.3.3/library/ggmosaic'
/nix/store/q25aplvkm912hmmgy9a59pjicnymd5yp-r-RcppArmadillo-15.0.2-2/library/RcppArmadillo/include/RcppArmadillo/version/arma.h:66:199: note: '#pragma message: Using fallback compilation with Armadillo 14.6.3. Please consider defining -DARMA_USE_CURRENT and also removing C++11 compilation directive. See GitHub issue #475 for more.'
   66 |         #pragma message("Using fallback compilation with Armadillo 14.6.3. Please consider defining -DARMA_USE_CURRENT and also removing C++11 compilation directive. See GitHub issue #475 for more.")
/nix/store/q25aplvkm912hmmgy9a59pjicnymd5yp-r-RcppArmadillo-15.0.2-2/library/RcppArmadillo/include/RcppArmadillo/version/arma.h:66:199: note: '#pragma message: Using fallback compilation with Armadillo 14.6.3. Please consider defining -DARMA_USE_CURRENT and also removing C++11 compilation directive. See GitHub issue #475 for more.'
   66 |         #pragma message("Using fallback compilation with Armadillo 14.6.3. Please consider defining -DARMA_USE_CURRENT and also removing C++11 compilation directive. See GitHub issue #475 for more.")
/nix/store/q25aplvkm912hmmgy9a59pjicnymd5yp-r-RcppArmadillo-15.0.2-2/library/RcppArmadillo/include/RcppArmadillo/version/arma.h:66:199: note: '#pragma message: Using fallback compilation with Armadillo 14.6.3. Please consider defining -DARMA_USE_CURRENT and also removing C++11 compilation directive. See GitHub issue #475 for more.'
   66 |         #pragma message("Using fallback compilation with Armadillo 14.6.3. Please consider defining -DARMA_USE_CURRENT and also removing C++11 compilation directive. See GitHub issue #475 for more.")
/nix/store/q25aplvkm912hmmgy9a59pjicnymd5yp-r-RcppArmadillo-15.0.2-2/library/RcppArmadillo/include/RcppArmadillo/version/arma.h:66:199: note: '#pragma message: Using fallback compilation with Armadillo 14.6.3. Please consider defining -DARMA_USE_CURRENT and also removing C++11 compilation directive. See GitHub issue #475 for more.'
   66 |         #pragma message("Using fallback compilation with Armadillo 14.6.3. Please consider defining -DARMA_USE_CURRENT and also removing C++11 compilation directive. See GitHub issue #475 for more.")
* removing '/nix/store/vssp8k8ad1c6c4jyvh4qi44csq089qpr-r-tidyjson-0.3.2/library/tidyjson'
       > * removing '/nix/store/vssp8k8ad1c6c4jyvh4qi44csq089qpr-r-tidyjson-0.3.2/library/tidyjson'
* removing '/nix/store/zjll0gqw376hwrdizi84irblb5fs1mxb-r-ggtern-3.5.0/library/ggtern'
       > * removing '/nix/store/zjll0gqw376hwrdizi84irblb5fs1mxb-r-ggtern-3.5.0/library/ggtern'
