* removing ‘/nix/store/xsn7si088ab7dw8xyfrkq76dk0h3jpvv-r-Rcereal-1.3.2/library/Rcereal’
       > * removing ‘/nix/store/xsn7si088ab7dw8xyfrkq76dk0h3jpvv-r-Rcereal-1.3.2/library/Rcereal’
* removing ‘/nix/store/rz6nl5x58889imhgwmnk0sm3nfm6vkrq-r-aplpack-1.3.5/library/aplpack’
       > * removing ‘/nix/store/rz6nl5x58889imhgwmnk0sm3nfm6vkrq-r-aplpack-1.3.5/library/aplpack’
* removing ‘/nix/store/3k0wcwwxkxjwqj0wr4k32s9bhwyyjk84-r-enrichR-3.4/library/enrichR’
       > * removing ‘/nix/store/3k0wcwwxkxjwqj0wr4k32s9bhwyyjk84-r-enrichR-3.4/library/enrichR’
* removing ‘/nix/store/f3jhccn55rjacml8pmsgsch1l4j2h2pq-r-git2r-0.36.2/library/git2r’
       > * removing ‘/nix/store/f3jhccn55rjacml8pmsgsch1l4j2h2pq-r-git2r-0.36.2/library/git2r’
* removing ‘/nix/store/adqskjwdvri03cl2yds6rihi1fklpvzb-r-GapAnalysis-2.0.0/library/GapAnalysis’
       > * removing ‘/nix/store/adqskjwdvri03cl2yds6rihi1fklpvzb-r-GapAnalysis-2.0.0/library/GapAnalysis’
* removing ‘/nix/store/k1jh4vdfj583jk4p2f4c8mgpwc6qnh7h-r-misc3d-0.9-2/library/misc3d’
       > * removing ‘/nix/store/k1jh4vdfj583jk4p2f4c8mgpwc6qnh7h-r-misc3d-0.9-2/library/misc3d’
* removing ‘/nix/store/0qw7pd9pds9xycs9pk56i42dd0j4ydj1-r-mongolite-4.0.0/library/mongolite’
       > * removing ‘/nix/store/0qw7pd9pds9xycs9pk56i42dd0j4ydj1-r-mongolite-4.0.0/library/mongolite’
removing debugging flags
* removing ‘/nix/store/95a9im92xhwyiaw7yjwv1c38p6gzk1ls-r-geoR-1.9-6/library/geoR’
       > * removing ‘/nix/store/95a9im92xhwyiaw7yjwv1c38p6gzk1ls-r-geoR-1.9-6/library/geoR’
* removing ‘/nix/store/jpxkfpm5f7fw3c42biq8f8y9k71rmgg5-r-rpanel-1.1-6.3/library/rpanel’
       > * removing ‘/nix/store/jpxkfpm5f7fw3c42biq8f8y9k71rmgg5-r-rpanel-1.1-6.3/library/rpanel’
* removing ‘/nix/store/5rlsk1yh2i9js4y6f9ykkgjcfaipjnd7-r-tcltk2-1.6.1/library/tcltk2’
       > * removing ‘/nix/store/5rlsk1yh2i9js4y6f9ykkgjcfaipjnd7-r-tcltk2-1.6.1/library/tcltk2’
* removing ‘/nix/store/xhwl8wffc0zcafvh21s7nrn4a5285q35-r-tkrplot-0.0-32/library/tkrplot’
       > * removing ‘/nix/store/xhwl8wffc0zcafvh21s7nrn4a5285q35-r-tkrplot-0.0-32/library/tkrplot’
* removing ‘/nix/store/maqf2935ly5pb799mfvz8j214r8kk0n9-r-Factoshiny-2.7/library/Factoshiny’
       > * removing ‘/nix/store/maqf2935ly5pb799mfvz8j214r8kk0n9-r-Factoshiny-2.7/library/Factoshiny’
