* removing ‘/nix/store/jrz2jp8ickaa5ghhs7vg7jxx64n263ms-r-PBSmodelling-2.69.3/library/PBSmodelling’
       > * removing ‘/nix/store/jrz2jp8ickaa5ghhs7vg7jxx64n263ms-r-PBSmodelling-2.69.3/library/PBSmodelling’
* removing ‘/nix/store/kd1d2qp517crf46zbaj9n050as3djgpm-r-RNetCDF-2.9-2/library/RNetCDF’
       > * removing ‘/nix/store/kd1d2qp517crf46zbaj9n050as3djgpm-r-RNetCDF-2.9-2/library/RNetCDF’
* removing ‘/nix/store/fi1rmy62cqamnx2r8rx10wa6wqvchsbx-r-ROracle-1.3-1.1/library/ROracle’
       > * removing ‘/nix/store/fi1rmy62cqamnx2r8rx10wa6wqvchsbx-r-ROracle-1.3-1.1/library/ROracle’
* removing ‘/nix/store/jzs7wkk2cq5glngy4qzz46crz8076962-r-Rmpi-0.7-3.3/library/Rmpi’
       > * removing ‘/nix/store/jzs7wkk2cq5glngy4qzz46crz8076962-r-Rmpi-0.7-3.3/library/Rmpi’
* removing ‘/nix/store/r606ln05pqbz0y0gra48ip7nqrrcicla-r-cem-1.1.31/library/cem’
       > * removing ‘/nix/store/r606ln05pqbz0y0gra48ip7nqrrcicla-r-cem-1.1.31/library/cem’
* removing ‘/nix/store/wm1azrja76b2yvsvm374bqhcicnj0048-r-enrichR-3.4/library/enrichR’
       > * removing ‘/nix/store/wm1azrja76b2yvsvm374bqhcicnj0048-r-enrichR-3.4/library/enrichR’
* removing ‘/nix/store/s8x2isnpd4y6465h40vm4dpclw0nvh3x-r-misc3d-0.9-1/library/misc3d’
       > * removing ‘/nix/store/s8x2isnpd4y6465h40vm4dpclw0nvh3x-r-misc3d-0.9-1/library/misc3d’
* removing ‘/nix/store/9chzsyxkxvlrzdxia5a2arwx7cmnb94c-r-mongolite-3.1.1/library/mongolite’
       > * removing ‘/nix/store/9chzsyxkxvlrzdxia5a2arwx7cmnb94c-r-mongolite-3.1.1/library/mongolite’
removing debugging flags
* removing ‘/nix/store/zswhlvkw5x8lzqvv45bir6chgr13qbfv-r-pdftools-3.5.0/library/pdftools’
       > * removing ‘/nix/store/zswhlvkw5x8lzqvv45bir6chgr13qbfv-r-pdftools-3.5.0/library/pdftools’
* removing ‘/nix/store/a4hza9cp4kq4ffjvwkliws07id0imcny-r-ade4TkGUI-0.3.4/library/ade4TkGUI’
       > * removing ‘/nix/store/a4hza9cp4kq4ffjvwkliws07id0imcny-r-ade4TkGUI-0.3.4/library/ade4TkGUI’
* removing ‘/nix/store/jahsg94ha6k1svi5nx4s0pz21w5d81a8-r-geoR-1.9-4/library/geoR’
       > * removing ‘/nix/store/jahsg94ha6k1svi5nx4s0pz21w5d81a8-r-geoR-1.9-4/library/geoR’
* removing ‘/nix/store/6ni8frac30vhs42wr25ksfwgkphp3pjn-r-tcltk2-1.2-11/library/tcltk2’
       > * removing ‘/nix/store/6ni8frac30vhs42wr25ksfwgkphp3pjn-r-tcltk2-1.2-11/library/tcltk2’
* removing ‘/nix/store/4rw0drlyrsmiymg3fg8ilwar7svpzk4b-r-Factoshiny-2.7/library/Factoshiny’
       > * removing ‘/nix/store/4rw0drlyrsmiymg3fg8ilwar7svpzk4b-r-Factoshiny-2.7/library/Factoshiny’
* removing ‘/nix/store/2i8i6kbyixp57pn1qqnw2adwgdv4k3mf-r-tkrplot-0.0-29/library/tkrplot’
       > * removing ‘/nix/store/2i8i6kbyixp57pn1qqnw2adwgdv4k3mf-r-tkrplot-0.0-29/library/tkrplot’
* removing ‘/nix/store/rz9kbjv6kkb4lkrl5i32hq339anrcwds-r-gsubfn-0.7/library/gsubfn’
       > * removing ‘/nix/store/rz9kbjv6kkb4lkrl5i32hq339anrcwds-r-gsubfn-0.7/library/gsubfn’
