* removing '/nix/store/2i29w7j16373gjcf3a7zwdinj09h9x3k-r-ROracle-1.3-1.1/library/ROracle'
       > * removing '/nix/store/2i29w7j16373gjcf3a7zwdinj09h9x3k-r-ROracle-1.3-1.1/library/ROracle'
* removing '/nix/store/asp8xd9gkd7lgxxvk3rw89r01vjx4if8-r-Rblpapi-0.3.16/library/Rblpapi'
       > * removing '/nix/store/asp8xd9gkd7lgxxvk3rw89r01vjx4if8-r-Rblpapi-0.3.16/library/Rblpapi'
* removing '/nix/store/l4b94hgkw9xxhc55hw59cankjj3qvbq7-r-Rmpi-0.7-3.3/library/Rmpi'
       > * removing '/nix/store/l4b94hgkw9xxhc55hw59cankjj3qvbq7-r-Rmpi-0.7-3.3/library/Rmpi'
* removing '/nix/store/xha8rx43x3s2ky2q7fxyiwnmwys9c4fi-r-brotli-1.3.2/library/brotli'
       > * removing '/nix/store/xha8rx43x3s2ky2q7fxyiwnmwys9c4fi-r-brotli-1.3.2/library/brotli'
* removing '/nix/store/2qkpgm84a22bi9vlfw65y5rd8q7m05rf-r-fio-0.1.6/library/fio'
       > * removing '/nix/store/2qkpgm84a22bi9vlfw65y5rd8q7m05rf-r-fio-0.1.6/library/fio'
* removing '/nix/store/xxwi0pyxniix5gpc978nplggcqs71r7c-r-littler-0.3.21/library/littler'
       > * removing '/nix/store/xxwi0pyxniix5gpc978nplggcqs71r7c-r-littler-0.3.21/library/littler'
* removing '/nix/store/dfkaj4gqzi08k1qwil7h048cad6j66vd-r-nanonext-1.5.2/library/nanonext'
       > * removing '/nix/store/dfkaj4gqzi08k1qwil7h048cad6j66vd-r-nanonext-1.5.2/library/nanonext'
removing debugging flags
* removing '/nix/store/qbvgb5x2crnj2j50ghf4fba2bvm5amrw-r-rJava-1.0-11/library/rJava'
       > * removing '/nix/store/qbvgb5x2crnj2j50ghf4fba2bvm5amrw-r-rJava-1.0-11/library/rJava'
* removing '/nix/store/gm05l4mdqasdcpx77p8yfcfg8cz5l4dr-r-arcgisplaces-0.1.2/library/arcgisplaces'
       > * removing '/nix/store/gm05l4mdqasdcpx77p8yfcfg8cz5l4dr-r-arcgisplaces-0.1.2/library/arcgisplaces'
* removing '/nix/store/www0110wrlp97kn7c5xffbwvpmwvzsgz-r-rshift-3.1.2/library/rshift'
       > * removing '/nix/store/www0110wrlp97kn7c5xffbwvpmwvzsgz-r-rshift-3.1.2/library/rshift'
