* removing ‘/nix/store/dn15jfi8yp6dkxzgsx7fkviy1hkj8yk4-r-Rcereal-1.3.2/library/Rcereal’
       > * removing ‘/nix/store/dn15jfi8yp6dkxzgsx7fkviy1hkj8yk4-r-Rcereal-1.3.2/library/Rcereal’
* removing ‘/nix/store/xbmhi3whrnlqnvxvpp4qh92iyc2g9i18-r-V8-8.2.0/library/V8’
       > * removing ‘/nix/store/xbmhi3whrnlqnvxvpp4qh92iyc2g9i18-r-V8-8.2.0/library/V8’
* removing ‘/nix/store/w63p322bzy1yll1188bz8nv0x9alqmiw-r-aplpack-1.3.5/library/aplpack’
       > * removing ‘/nix/store/w63p322bzy1yll1188bz8nv0x9alqmiw-r-aplpack-1.3.5/library/aplpack’
* removing ‘/nix/store/ywh5wy9dx24cn9zzn1ghskyxix37ym2d-r-doMPI-0.2.2/library/doMPI’
       > * removing ‘/nix/store/ywh5wy9dx24cn9zzn1ghskyxix37ym2d-r-doMPI-0.2.2/library/doMPI’
* removing ‘/nix/store/7w598v1z68qwd3xj93ma4mj4hzsx851g-r-enrichR-3.4/library/enrichR’
       > * removing ‘/nix/store/7w598v1z68qwd3xj93ma4mj4hzsx851g-r-enrichR-3.4/library/enrichR’
* removing ‘/nix/store/dsz1qhvpf7512nj2bassfcmm1k1i85k4-r-eulerr-8.0.0/library/eulerr’
       > * removing ‘/nix/store/dsz1qhvpf7512nj2bassfcmm1k1i85k4-r-eulerr-8.0.0/library/eulerr’
* removing ‘/nix/store/q0brd717g1pzp5hdvrs2fi04vzcj3rk0-r-geoR-1.9-6/library/geoR’
       > * removing ‘/nix/store/q0brd717g1pzp5hdvrs2fi04vzcj3rk0-r-geoR-1.9-6/library/geoR’
* removing ‘/nix/store/6p55vqmdmv5k70p68m44n3lgrqf3zcq4-r-git2r-0.36.2/library/git2r’
       > * removing ‘/nix/store/6p55vqmdmv5k70p68m44n3lgrqf3zcq4-r-git2r-0.36.2/library/git2r’
* removing ‘/nix/store/4r4knj8x1l8ssfkdp1443pbk4qmx52c0-r-misc3d-0.9-2/library/misc3d’
       > * removing ‘/nix/store/4r4knj8x1l8ssfkdp1443pbk4qmx52c0-r-misc3d-0.9-2/library/misc3d’
removing debugging flags
* removing ‘/nix/store/ii07xbfq3m12vrp9rjwwaav03l4533iq-r-gsubfn-0.7/library/gsubfn’
       > * removing ‘/nix/store/ii07xbfq3m12vrp9rjwwaav03l4533iq-r-gsubfn-0.7/library/gsubfn’
* removing ‘/nix/store/h8arlnr3nlsiy7b4in145rp8l1q2dcbk-r-pdftools-3.9.0/library/pdftools’
       > * removing ‘/nix/store/h8arlnr3nlsiy7b4in145rp8l1q2dcbk-r-pdftools-3.9.0/library/pdftools’
* removing ‘/nix/store/dcvc525ficmjgsqgq1p5a4zy40cym5ww-r-tcltk2-1.6.1/library/tcltk2’
       > * removing ‘/nix/store/dcvc525ficmjgsqgq1p5a4zy40cym5ww-r-tcltk2-1.6.1/library/tcltk2’
* removing ‘/nix/store/6qw0wfdmx5027g29kpazy7xmwfbcnbj4-r-tkrplot-0.0-32/library/tkrplot’
       > * removing ‘/nix/store/6qw0wfdmx5027g29kpazy7xmwfbcnbj4-r-tkrplot-0.0-32/library/tkrplot’
* removing ‘/nix/store/qys3jawk72lc7cb726c1hkb50jd2i8ya-r-Factoshiny-2.7/library/Factoshiny’
       > * removing ‘/nix/store/qys3jawk72lc7cb726c1hkb50jd2i8ya-r-Factoshiny-2.7/library/Factoshiny’
