* removing ‘/nix/store/4l9nlw20mbyxc6bmv1amcm66kfvl0q5m-r-ROracle-1.3-1.1/library/ROracle’
       > * removing ‘/nix/store/4l9nlw20mbyxc6bmv1amcm66kfvl0q5m-r-ROracle-1.3-1.1/library/ROracle’
* removing ‘/nix/store/waf4hlds1df3aqh2bsa5smnaqln4zlh5-r-RPostgreSQL-0.7-8/library/RPostgreSQL’
       > * removing ‘/nix/store/waf4hlds1df3aqh2bsa5smnaqln4zlh5-r-RPostgreSQL-0.7-8/library/RPostgreSQL’
* removing ‘/nix/store/b0g94y134hlvwnav3lzkmhy41cpp8h7z-r-aplpack-1.3.5/library/aplpack’
       > * removing ‘/nix/store/b0g94y134hlvwnav3lzkmhy41cpp8h7z-r-aplpack-1.3.5/library/aplpack’
* removing ‘/nix/store/p6fphjhrviz5w0m6nn3jarzi8sd54lxi-r-cem-1.1.31/library/cem’
       > * removing ‘/nix/store/p6fphjhrviz5w0m6nn3jarzi8sd54lxi-r-cem-1.1.31/library/cem’
* removing ‘/nix/store/cizg0ndbnrvbs1y637kiyvachb02xw90-r-enrichR-3.4/library/enrichR’
       > * removing ‘/nix/store/cizg0ndbnrvbs1y637kiyvachb02xw90-r-enrichR-3.4/library/enrichR’
* removing ‘/nix/store/l3sji5g95rq2xvffh5a9f69r8fbwkrjr-r-misc3d-0.9-1/library/misc3d’
       > * removing ‘/nix/store/l3sji5g95rq2xvffh5a9f69r8fbwkrjr-r-misc3d-0.9-1/library/misc3d’
* removing ‘/nix/store/w82hc77jd6h742sd9f4rmac3q2gppdxg-r-mongolite-4.0.0/library/mongolite’
       > * removing ‘/nix/store/w82hc77jd6h742sd9f4rmac3q2gppdxg-r-mongolite-4.0.0/library/mongolite’
removing debugging flags
* removing ‘/nix/store/c6xqmd8i4v1kydf9k7l4bxrh8gsxvwra-r-pdftools-3.5.0/library/pdftools’
       > * removing ‘/nix/store/c6xqmd8i4v1kydf9k7l4bxrh8gsxvwra-r-pdftools-3.5.0/library/pdftools’
* removing ‘/nix/store/bsk2pxiyy2hsflv2nwsnxyai9470ny32-r-XLConnect-1.2.1/library/XLConnect’
       > * removing ‘/nix/store/bsk2pxiyy2hsflv2nwsnxyai9470ny32-r-XLConnect-1.2.1/library/XLConnect’
* removing ‘/nix/store/hkcr77s4ricjm27wd5mwfvnwmh3gcc4j-r-s2-1.1.8/library/s2’
       > * removing ‘/nix/store/hkcr77s4ricjm27wd5mwfvnwmh3gcc4j-r-s2-1.1.8/library/s2’
* removing ‘/nix/store/b4sza5mi6w0xnjq85vgixacjwmbq4jl7-r-geoR-1.9-5/library/geoR’
       > * removing ‘/nix/store/b4sza5mi6w0xnjq85vgixacjwmbq4jl7-r-geoR-1.9-5/library/geoR’
* removing ‘/nix/store/nnjmpzig9dhzmja0wzd4nxppc69cc4si-r-tcltk2-1.2-11/library/tcltk2’
       > * removing ‘/nix/store/nnjmpzig9dhzmja0wzd4nxppc69cc4si-r-tcltk2-1.2-11/library/tcltk2’
* removing ‘/nix/store/95q37lmmh9d6fgc9d6r1ngfvkfpp38hm-r-Factoshiny-2.7/library/Factoshiny’
       > * removing ‘/nix/store/95q37lmmh9d6fgc9d6r1ngfvkfpp38hm-r-Factoshiny-2.7/library/Factoshiny’
* removing ‘/nix/store/wqdi1xr2lvjv32g1cnf2if2kiqd4dvfk-r-tkrplot-0.0-29/library/tkrplot’
       > * removing ‘/nix/store/wqdi1xr2lvjv32g1cnf2if2kiqd4dvfk-r-tkrplot-0.0-29/library/tkrplot’
* removing ‘/nix/store/y3lvhsqaz6sb7ixv5lrw6nyvjm1zns60-r-gsubfn-0.7/library/gsubfn’
       > * removing ‘/nix/store/y3lvhsqaz6sb7ixv5lrw6nyvjm1zns60-r-gsubfn-0.7/library/gsubfn’
