unpacking 'https://github.com/rstats-on-nix/nixpkgs/archive/2025-02-24.tar.gz' into the Git cache...
warning: Nix search path entry '/home/runner/.nix-defexpr/channels' does not exist, ignoring
warning: Nix search path entry '/home/runner/.nix-defexpr/channels' does not exist, ignoring
warning: Nix search path entry '/home/runner/.nix-defexpr/channels' does not exist, ignoring
warning: Nix search path entry '/home/runner/.nix-defexpr/channels' does not exist, ignoring
warning: Nix search path entry '/home/runner/.nix-defexpr/channels' does not exist, ignoring
warning: Nix search path entry '/home/runner/.nix-defexpr/channels' does not exist, ignoring
warning: Nix search path entry '/home/runner/.nix-defexpr/channels' does not exist, ignoring
warning: Nix search path entry '/home/runner/.nix-defexpr/channels' does not exist, ignoring
warning: Nix search path entry '/home/runner/.nix-defexpr/channels' does not exist, ignoring
warning: Nix search path entry '/home/runner/.nix-defexpr/channels' does not exist, ignoring
warning: Nix search path entry '/home/runner/.nix-defexpr/channels' does not exist, ignoring
warning: Nix search path entry '/home/runner/.nix-defexpr/channels' does not exist, ignoring
warning: Nix search path entry '/home/runner/.nix-defexpr/channels' does not exist, ignoring
warning: Nix search path entry '/home/runner/.nix-defexpr/channels' does not exist, ignoring
warning: Nix search path entry '/home/runner/.nix-defexpr/channels' does not exist, ignoring
warning: Nix search path entry '/home/runner/.nix-defexpr/channels' does not exist, ignoring
warning: Nix search path entry '/home/runner/.nix-defexpr/channels' does not exist, ignoring
warning: Nix search path entry '/home/runner/.nix-defexpr/channels' does not exist, ignoring
warning: Nix search path entry '/home/runner/.nix-defexpr/channels' does not exist, ignoring
warning: Nix search path entry '/home/runner/.nix-defexpr/channels' does not exist, ignoring
warning: Nix search path entry '/home/runner/.nix-defexpr/channels' does not exist, ignoring
warning: Nix search path entry '/home/runner/.nix-defexpr/channels' does not exist, ignoring
warning: Nix search path entry '/home/runner/.nix-defexpr/channels' does not exist, ignoring
warning: Nix search path entry '/home/runner/.nix-defexpr/channels' does not exist, ignoring
warning: Nix search path entry '/home/runner/.nix-defexpr/channels' does not exist, ignoring
warning: Nix search path entry '/home/runner/.nix-defexpr/channels' does not exist, ignoring
warning: Nix search path entry '/home/runner/.nix-defexpr/channels' does not exist, ignoring
warning: Nix search path entry '/home/runner/.nix-defexpr/channels' does not exist, ignoring
warning: Nix search path entry '/home/runner/.nix-defexpr/channels' does not exist, ignoring
warning: Nix search path entry '/home/runner/.nix-defexpr/channels' does not exist, ignoring
warning: Nix search path entry '/home/runner/.nix-defexpr/channels' does not exist, ignoring
warning: Nix search path entry '/home/runner/.nix-defexpr/channels' does not exist, ignoring
warning: Nix search path entry '/home/runner/.nix-defexpr/channels' does not exist, ignoring
warning: Nix search path entry '/home/runner/.nix-defexpr/channels' does not exist, ignoring
warning: Nix search path entry '/home/runner/.nix-defexpr/channels' does not exist, ignoring
warning: Nix search path entry '/home/runner/.nix-defexpr/channels' does not exist, ignoring
warning: Nix search path entry '/home/runner/.nix-defexpr/channels' does not exist, ignoring
warning: Nix search path entry '/home/runner/.nix-defexpr/channels' does not exist, ignoring
warning: Nix search path entry '/home/runner/.nix-defexpr/channels' does not exist, ignoring
warning: Nix search path entry '/home/runner/.nix-defexpr/channels' does not exist, ignoring
warning: Nix search path entry '/home/runner/.nix-defexpr/channels' does not exist, ignoring
warning: Nix search path entry '/home/runner/.nix-defexpr/channels' does not exist, ignoring
warning: Nix search path entry '/home/runner/.nix-defexpr/channels' does not exist, ignoring
warning: Nix search path entry '/home/runner/.nix-defexpr/channels' does not exist, ignoring
warning: Nix search path entry '/home/runner/.nix-defexpr/channels' does not exist, ignoring
warning: Nix search path entry '/home/runner/.nix-defexpr/channels' does not exist, ignoring
warning: Nix search path entry '/home/runner/.nix-defexpr/channels' does not exist, ignoring
warning: Nix search path entry '/home/runner/.nix-defexpr/channels' does not exist, ignoring
warning: Nix search path entry '/home/runner/.nix-defexpr/channels' does not exist, ignoring
warning: Nix search path entry '/home/runner/.nix-defexpr/channels' does not exist, ignoring
warning: Nix search path entry '/home/runner/.nix-defexpr/channels' does not exist, ignoring
warning: Nix search path entry '/home/runner/.nix-defexpr/channels' does not exist, ignoring
warning: Nix search path entry '/home/runner/.nix-defexpr/channels' does not exist, ignoring
warning: Nix search path entry '/home/runner/.nix-defexpr/channels' does not exist, ignoring
warning: Nix search path entry '/home/runner/.nix-defexpr/channels' does not exist, ignoring
warning: Nix search path entry '/home/runner/.nix-defexpr/channels' does not exist, ignoring
warning: Nix search path entry '/home/runner/.nix-defexpr/channels' does not exist, ignoring
warning: Nix search path entry '/home/runner/.nix-defexpr/channels' does not exist, ignoring
warning: Nix search path entry '/home/runner/.nix-defexpr/channels' does not exist, ignoring
warning: Nix search path entry '/home/runner/.nix-defexpr/channels' does not exist, ignoring
warning: Nix search path entry '/home/runner/.nix-defexpr/channels' does not exist, ignoring
warning: Nix search path entry '/home/runner/.nix-defexpr/channels' does not exist, ignoring
warning: Nix search path entry '/home/runner/.nix-defexpr/channels' does not exist, ignoring
warning: Nix search path entry '/home/runner/.nix-defexpr/channels' does not exist, ignoring
warning: Nix search path entry '/home/runner/.nix-defexpr/channels' does not exist, ignoring
warning: Nix search path entry '/home/runner/.nix-defexpr/channels' does not exist, ignoring
warning: Nix search path entry '/home/runner/.nix-defexpr/channels' does not exist, ignoring
warning: Nix search path entry '/home/runner/.nix-defexpr/channels' does not exist, ignoring
warning: Nix search path entry '/home/runner/.nix-defexpr/channels' does not exist, ignoring
warning: Nix search path entry '/home/runner/.nix-defexpr/channels' does not exist, ignoring
warning: Nix search path entry '/home/runner/.nix-defexpr/channels' does not exist, ignoring
warning: Nix search path entry '/home/runner/.nix-defexpr/channels' does not exist, ignoring
warning: Nix search path entry '/home/runner/.nix-defexpr/channels' does not exist, ignoring
warning: Nix search path entry '/home/runner/.nix-defexpr/channels' does not exist, ignoring
warning: Nix search path entry '/home/runner/.nix-defexpr/channels' does not exist, ignoring
warning: Nix search path entry '/home/runner/.nix-defexpr/channels' does not exist, ignoring
warning: Nix search path entry '/home/runner/.nix-defexpr/channels' does not exist, ignoring
warning: Nix search path entry '/home/runner/.nix-defexpr/channels' does not exist, ignoring
warning: Nix search path entry '/home/runner/.nix-defexpr/channels' does not exist, ignoring
warning: Nix search path entry '/home/runner/.nix-defexpr/channels' does not exist, ignoring
warning: Nix search path entry '/home/runner/.nix-defexpr/channels' does not exist, ignoring
warning: Nix search path entry '/home/runner/.nix-defexpr/channels' does not exist, ignoring
warning: Nix search path entry '/home/runner/.nix-defexpr/channels' does not exist, ignoring
warning: Nix search path entry '/home/runner/.nix-defexpr/channels' does not exist, ignoring
warning: Nix search path entry '/home/runner/.nix-defexpr/channels' does not exist, ignoring
warning: Nix search path entry '/home/runner/.nix-defexpr/channels' does not exist, ignoring
warning: Nix search path entry '/home/runner/.nix-defexpr/channels' does not exist, ignoring
warning: Nix search path entry '/home/runner/.nix-defexpr/channels' does not exist, ignoring
warning: Nix search path entry '/home/runner/.nix-defexpr/channels' does not exist, ignoring
warning: Nix search path entry '/home/runner/.nix-defexpr/channels' does not exist, ignoring
warning: Nix search path entry '/home/runner/.nix-defexpr/channels' does not exist, ignoring
warning: Nix search path entry '/home/runner/.nix-defexpr/channels' does not exist, ignoring
warning: Nix search path entry '/home/runner/.nix-defexpr/channels' does not exist, ignoring
warning: Nix search path entry '/home/runner/.nix-defexpr/channels' does not exist, ignoring
warning: Nix search path entry '/home/runner/.nix-defexpr/channels' does not exist, ignoring
warning: Nix search path entry '/home/runner/.nix-defexpr/channels' does not exist, ignoring
warning: Nix search path entry '/home/runner/.nix-defexpr/channels' does not exist, ignoring
warning: Nix search path entry '/home/runner/.nix-defexpr/channels' does not exist, ignoring
warning: Nix search path entry '/home/runner/.nix-defexpr/channels' does not exist, ignoring
warning: Nix search path entry '/home/runner/.nix-defexpr/channels' does not exist, ignoring
warning: Nix search path entry '/home/runner/.nix-defexpr/channels' does not exist, ignoring
warning: Nix search path entry '/home/runner/.nix-defexpr/channels' does not exist, ignoring
warning: Nix search path entry '/home/runner/.nix-defexpr/channels' does not exist, ignoring
warning: Nix search path entry '/home/runner/.nix-defexpr/channels' does not exist, ignoring
warning: Nix search path entry '/home/runner/.nix-defexpr/channels' does not exist, ignoring
warning: Nix search path entry '/home/runner/.nix-defexpr/channels' does not exist, ignoring
warning: Nix search path entry '/home/runner/.nix-defexpr/channels' does not exist, ignoring
warning: Nix search path entry '/home/runner/.nix-defexpr/channels' does not exist, ignoring
warning: Nix search path entry '/home/runner/.nix-defexpr/channels' does not exist, ignoring
warning: Nix search path entry '/home/runner/.nix-defexpr/channels' does not exist, ignoring
warning: Nix search path entry '/home/runner/.nix-defexpr/channels' does not exist, ignoring
warning: Nix search path entry '/home/runner/.nix-defexpr/channels' does not exist, ignoring
warning: Nix search path entry '/home/runner/.nix-defexpr/channels' does not exist, ignoring
warning: Nix search path entry '/home/runner/.nix-defexpr/channels' does not exist, ignoring
warning: Nix search path entry '/home/runner/.nix-defexpr/channels' does not exist, ignoring
warning: Nix search path entry '/home/runner/.nix-defexpr/channels' does not exist, ignoring
warning: Nix search path entry '/home/runner/.nix-defexpr/channels' does not exist, ignoring
warning: Nix search path entry '/home/runner/.nix-defexpr/channels' does not exist, ignoring
warning: Nix search path entry '/home/runner/.nix-defexpr/channels' does not exist, ignoring
warning: Nix search path entry '/home/runner/.nix-defexpr/channels' does not exist, ignoring
warning: Nix search path entry '/home/runner/.nix-defexpr/channels' does not exist, ignoring
warning: Nix search path entry '/home/runner/.nix-defexpr/channels' does not exist, ignoring
warning: Nix search path entry '/home/runner/.nix-defexpr/channels' does not exist, ignoring
warning: Nix search path entry '/home/runner/.nix-defexpr/channels' does not exist, ignoring
warning: Nix search path entry '/home/runner/.nix-defexpr/channels' does not exist, ignoring
warning: Nix search path entry '/home/runner/.nix-defexpr/channels' does not exist, ignoring
warning: Nix search path entry '/home/runner/.nix-defexpr/channels' does not exist, ignoring
warning: Nix search path entry '/home/runner/.nix-defexpr/channels' does not exist, ignoring
warning: Nix search path entry '/home/runner/.nix-defexpr/channels' does not exist, ignoring
warning: Nix search path entry '/home/runner/.nix-defexpr/channels' does not exist, ignoring
warning: Nix search path entry '/home/runner/.nix-defexpr/channels' does not exist, ignoring
warning: Nix search path entry '/home/runner/.nix-defexpr/channels' does not exist, ignoring
warning: Nix search path entry '/home/runner/.nix-defexpr/channels' does not exist, ignoring
warning: Nix search path entry '/home/runner/.nix-defexpr/channels' does not exist, ignoring
warning: Nix search path entry '/home/runner/.nix-defexpr/channels' does not exist, ignoring
warning: Nix search path entry '/home/runner/.nix-defexpr/channels' does not exist, ignoring
warning: Nix search path entry '/home/runner/.nix-defexpr/channels' does not exist, ignoring
warning: Nix search path entry '/home/runner/.nix-defexpr/channels' does not exist, ignoring
warning: Nix search path entry '/home/runner/.nix-defexpr/channels' does not exist, ignoring
warning: Nix search path entry '/home/runner/.nix-defexpr/channels' does not exist, ignoring
warning: Nix search path entry '/home/runner/.nix-defexpr/channels' does not exist, ignoring
warning: Nix search path entry '/home/runner/.nix-defexpr/channels' does not exist, ignoring
warning: Nix search path entry '/home/runner/.nix-defexpr/channels' does not exist, ignoring
warning: Nix search path entry '/home/runner/.nix-defexpr/channels' does not exist, ignoring
warning: Nix search path entry '/home/runner/.nix-defexpr/channels' does not exist, ignoring
warning: Nix search path entry '/home/runner/.nix-defexpr/channels' does not exist, ignoring
warning: Nix search path entry '/home/runner/.nix-defexpr/channels' does not exist, ignoring
warning: Nix search path entry '/home/runner/.nix-defexpr/channels' does not exist, ignoring
warning: Nix search path entry '/home/runner/.nix-defexpr/channels' does not exist, ignoring
warning: Nix search path entry '/home/runner/.nix-defexpr/channels' does not exist, ignoring
warning: Nix search path entry '/home/runner/.nix-defexpr/channels' does not exist, ignoring
warning: Nix search path entry '/home/runner/.nix-defexpr/channels' does not exist, ignoring
warning: Nix search path entry '/home/runner/.nix-defexpr/channels' does not exist, ignoring
warning: Nix search path entry '/home/runner/.nix-defexpr/channels' does not exist, ignoring
warning: Nix search path entry '/home/runner/.nix-defexpr/channels' does not exist, ignoring
warning: Nix search path entry '/home/runner/.nix-defexpr/channels' does not exist, ignoring
warning: Nix search path entry '/home/runner/.nix-defexpr/channels' does not exist, ignoring
warning: Nix search path entry '/home/runner/.nix-defexpr/channels' does not exist, ignoring
warning: Nix search path entry '/home/runner/.nix-defexpr/channels' does not exist, ignoring
warning: Nix search path entry '/home/runner/.nix-defexpr/channels' does not exist, ignoring
warning: Nix search path entry '/home/runner/.nix-defexpr/channels' does not exist, ignoring
warning: Nix search path entry '/home/runner/.nix-defexpr/channels' does not exist, ignoring
warning: Nix search path entry '/home/runner/.nix-defexpr/channels' does not exist, ignoring
warning: Nix search path entry '/home/runner/.nix-defexpr/channels' does not exist, ignoring
warning: Nix search path entry '/home/runner/.nix-defexpr/channels' does not exist, ignoring
warning: Nix search path entry '/home/runner/.nix-defexpr/channels' does not exist, ignoring
warning: Nix search path entry '/home/runner/.nix-defexpr/channels' does not exist, ignoring
warning: Nix search path entry '/home/runner/.nix-defexpr/channels' does not exist, ignoring
warning: Nix search path entry '/home/runner/.nix-defexpr/channels' does not exist, ignoring
warning: Nix search path entry '/home/runner/.nix-defexpr/channels' does not exist, ignoring
warning: Nix search path entry '/home/runner/.nix-defexpr/channels' does not exist, ignoring
warning: Nix search path entry '/home/runner/.nix-defexpr/channels' does not exist, ignoring
warning: Nix search path entry '/home/runner/.nix-defexpr/channels' does not exist, ignoring
warning: Nix search path entry '/home/runner/.nix-defexpr/channels' does not exist, ignoring
warning: Nix search path entry '/home/runner/.nix-defexpr/channels' does not exist, ignoring
warning: Nix search path entry '/home/runner/.nix-defexpr/channels' does not exist, ignoring
warning: Nix search path entry '/home/runner/.nix-defexpr/channels' does not exist, ignoring
warning: Nix search path entry '/home/runner/.nix-defexpr/channels' does not exist, ignoring
warning: Nix search path entry '/home/runner/.nix-defexpr/channels' does not exist, ignoring
warning: Nix search path entry '/home/runner/.nix-defexpr/channels' does not exist, ignoring
warning: Nix search path entry '/home/runner/.nix-defexpr/channels' does not exist, ignoring
warning: Nix search path entry '/home/runner/.nix-defexpr/channels' does not exist, ignoring
warning: Nix search path entry '/home/runner/.nix-defexpr/channels' does not exist, ignoring
warning: Nix search path entry '/home/runner/.nix-defexpr/channels' does not exist, ignoring
warning: Nix search path entry '/home/runner/.nix-defexpr/channels' does not exist, ignoring
warning: Nix search path entry '/home/runner/.nix-defexpr/channels' does not exist, ignoring
warning: Nix search path entry '/home/runner/.nix-defexpr/channels' does not exist, ignoring
warning: Nix search path entry '/home/runner/.nix-defexpr/channels' does not exist, ignoring
warning: Nix search path entry '/home/runner/.nix-defexpr/channels' does not exist, ignoring
warning: Nix search path entry '/home/runner/.nix-defexpr/channels' does not exist, ignoring
warning: Nix search path entry '/home/runner/.nix-defexpr/channels' does not exist, ignoring
warning: Nix search path entry '/home/runner/.nix-defexpr/channels' does not exist, ignoring
warning: Nix search path entry '/home/runner/.nix-defexpr/channels' does not exist, ignoring
warning: Nix search path entry '/home/runner/.nix-defexpr/channels' does not exist, ignoring
warning: Nix search path entry '/home/runner/.nix-defexpr/channels' does not exist, ignoring
warning: Nix search path entry '/home/runner/.nix-defexpr/channels' does not exist, ignoring
warning: Nix search path entry '/home/runner/.nix-defexpr/channels' does not exist, ignoring
warning: Nix search path entry '/home/runner/.nix-defexpr/channels' does not exist, ignoring
warning: Nix search path entry '/home/runner/.nix-defexpr/channels' does not exist, ignoring
warning: Nix search path entry '/home/runner/.nix-defexpr/channels' does not exist, ignoring
warning: Nix search path entry '/home/runner/.nix-defexpr/channels' does not exist, ignoring
warning: Nix search path entry '/home/runner/.nix-defexpr/channels' does not exist, ignoring
warning: Nix search path entry '/home/runner/.nix-defexpr/channels' does not exist, ignoring
warning: Nix search path entry '/home/runner/.nix-defexpr/channels' does not exist, ignoring
warning: Nix search path entry '/home/runner/.nix-defexpr/channels' does not exist, ignoring
warning: Nix search path entry '/home/runner/.nix-defexpr/channels' does not exist, ignoring
warning: Nix search path entry '/home/runner/.nix-defexpr/channels' does not exist, ignoring
warning: Nix search path entry '/home/runner/.nix-defexpr/channels' does not exist, ignoring
warning: Nix search path entry '/home/runner/.nix-defexpr/channels' does not exist, ignoring
warning: Nix search path entry '/home/runner/.nix-defexpr/channels' does not exist, ignoring
warning: Nix search path entry '/home/runner/.nix-defexpr/channels' does not exist, ignoring
warning: Nix search path entry '/home/runner/.nix-defexpr/channels' does not exist, ignoring
warning: Nix search path entry '/home/runner/.nix-defexpr/channels' does not exist, ignoring
warning: Nix search path entry '/home/runner/.nix-defexpr/channels' does not exist, ignoring
warning: Nix search path entry '/home/runner/.nix-defexpr/channels' does not exist, ignoring
warning: Nix search path entry '/home/runner/.nix-defexpr/channels' does not exist, ignoring
warning: Nix search path entry '/home/runner/.nix-defexpr/channels' does not exist, ignoring
warning: Nix search path entry '/home/runner/.nix-defexpr/channels' does not exist, ignoring
warning: Nix search path entry '/home/runner/.nix-defexpr/channels' does not exist, ignoring
warning: Nix search path entry '/home/runner/.nix-defexpr/channels' does not exist, ignoring
warning: Nix search path entry '/home/runner/.nix-defexpr/channels' does not exist, ignoring
warning: Nix search path entry '/home/runner/.nix-defexpr/channels' does not exist, ignoring
warning: Nix search path entry '/home/runner/.nix-defexpr/channels' does not exist, ignoring
warning: Nix search path entry '/home/runner/.nix-defexpr/channels' does not exist, ignoring
warning: Nix search path entry '/home/runner/.nix-defexpr/channels' does not exist, ignoring
warning: Nix search path entry '/home/runner/.nix-defexpr/channels' does not exist, ignoring
warning: Nix search path entry '/home/runner/.nix-defexpr/channels' does not exist, ignoring
warning: Nix search path entry '/home/runner/.nix-defexpr/channels' does not exist, ignoring
warning: Nix search path entry '/home/runner/.nix-defexpr/channels' does not exist, ignoring
warning: Nix search path entry '/home/runner/.nix-defexpr/channels' does not exist, ignoring
warning: Nix search path entry '/home/runner/.nix-defexpr/channels' does not exist, ignoring
warning: Nix search path entry '/home/runner/.nix-defexpr/channels' does not exist, ignoring
warning: Nix search path entry '/home/runner/.nix-defexpr/channels' does not exist, ignoring
warning: Nix search path entry '/home/runner/.nix-defexpr/channels' does not exist, ignoring
warning: Nix search path entry '/home/runner/.nix-defexpr/channels' does not exist, ignoring
warning: Nix search path entry '/home/runner/.nix-defexpr/channels' does not exist, ignoring
warning: Nix search path entry '/home/runner/.nix-defexpr/channels' does not exist, ignoring
warning: Nix search path entry '/home/runner/.nix-defexpr/channels' does not exist, ignoring
warning: Nix search path entry '/home/runner/.nix-defexpr/channels' does not exist, ignoring
warning: Nix search path entry '/home/runner/.nix-defexpr/channels' does not exist, ignoring
warning: Nix search path entry '/home/runner/.nix-defexpr/channels' does not exist, ignoring
warning: Nix search path entry '/home/runner/.nix-defexpr/channels' does not exist, ignoring
warning: Nix search path entry '/home/runner/.nix-defexpr/channels' does not exist, ignoring
warning: Nix search path entry '/home/runner/.nix-defexpr/channels' does not exist, ignoring
warning: Nix search path entry '/home/runner/.nix-defexpr/channels' does not exist, ignoring
warning: Nix search path entry '/home/runner/.nix-defexpr/channels' does not exist, ignoring
warning: Nix search path entry '/home/runner/.nix-defexpr/channels' does not exist, ignoring
warning: Nix search path entry '/home/runner/.nix-defexpr/channels' does not exist, ignoring
warning: Nix search path entry '/home/runner/.nix-defexpr/channels' does not exist, ignoring
warning: Nix search path entry '/home/runner/.nix-defexpr/channels' does not exist, ignoring
warning: Nix search path entry '/home/runner/.nix-defexpr/channels' does not exist, ignoring
warning: Nix search path entry '/home/runner/.nix-defexpr/channels' does not exist, ignoring
warning: Nix search path entry '/home/runner/.nix-defexpr/channels' does not exist, ignoring
warning: Nix search path entry '/home/runner/.nix-defexpr/channels' does not exist, ignoring
warning: Nix search path entry '/home/runner/.nix-defexpr/channels' does not exist, ignoring
warning: Nix search path entry '/home/runner/.nix-defexpr/channels' does not exist, ignoring
warning: Nix search path entry '/home/runner/.nix-defexpr/channels' does not exist, ignoring
warning: Nix search path entry '/home/runner/.nix-defexpr/channels' does not exist, ignoring
warning: Nix search path entry '/home/runner/.nix-defexpr/channels' does not exist, ignoring
warning: Nix search path entry '/home/runner/.nix-defexpr/channels' does not exist, ignoring
warning: Nix search path entry '/home/runner/.nix-defexpr/channels' does not exist, ignoring
warning: Nix search path entry '/home/runner/.nix-defexpr/channels' does not exist, ignoring
warning: Nix search path entry '/home/runner/.nix-defexpr/channels' does not exist, ignoring
warning: Nix search path entry '/home/runner/.nix-defexpr/channels' does not exist, ignoring
warning: Nix search path entry '/home/runner/.nix-defexpr/channels' does not exist, ignoring
warning: Nix search path entry '/home/runner/.nix-defexpr/channels' does not exist, ignoring
warning: Nix search path entry '/home/runner/.nix-defexpr/channels' does not exist, ignoring
warning: Nix search path entry '/home/runner/.nix-defexpr/channels' does not exist, ignoring
warning: Nix search path entry '/home/runner/.nix-defexpr/channels' does not exist, ignoring
warning: Nix search path entry '/home/runner/.nix-defexpr/channels' does not exist, ignoring
warning: Nix search path entry '/home/runner/.nix-defexpr/channels' does not exist, ignoring
warning: Nix search path entry '/home/runner/.nix-defexpr/channels' does not exist, ignoring
warning: Nix search path entry '/home/runner/.nix-defexpr/channels' does not exist, ignoring
warning: Nix search path entry '/home/runner/.nix-defexpr/channels' does not exist, ignoring
warning: Nix search path entry '/home/runner/.nix-defexpr/channels' does not exist, ignoring
warning: Nix search path entry '/home/runner/.nix-defexpr/channels' does not exist, ignoring
warning: Nix search path entry '/home/runner/.nix-defexpr/channels' does not exist, ignoring
warning: Nix search path entry '/home/runner/.nix-defexpr/channels' does not exist, ignoring
warning: Nix search path entry '/home/runner/.nix-defexpr/channels' does not exist, ignoring
warning: Nix search path entry '/home/runner/.nix-defexpr/channels' does not exist, ignoring
warning: Nix search path entry '/home/runner/.nix-defexpr/channels' does not exist, ignoring
warning: Nix search path entry '/home/runner/.nix-defexpr/channels' does not exist, ignoring
warning: Nix search path entry '/home/runner/.nix-defexpr/channels' does not exist, ignoring
warning: Nix search path entry '/home/runner/.nix-defexpr/channels' does not exist, ignoring
warning: Nix search path entry '/home/runner/.nix-defexpr/channels' does not exist, ignoring
warning: Nix search path entry '/home/runner/.nix-defexpr/channels' does not exist, ignoring
warning: Nix search path entry '/home/runner/.nix-defexpr/channels' does not exist, ignoring
warning: Nix search path entry '/home/runner/.nix-defexpr/channels' does not exist, ignoring
warning: Nix search path entry '/home/runner/.nix-defexpr/channels' does not exist, ignoring
warning: Nix search path entry '/home/runner/.nix-defexpr/channels' does not exist, ignoring
warning: Nix search path entry '/home/runner/.nix-defexpr/channels' does not exist, ignoring
warning: Nix search path entry '/home/runner/.nix-defexpr/channels' does not exist, ignoring
warning: Nix search path entry '/home/runner/.nix-defexpr/channels' does not exist, ignoring
warning: Nix search path entry '/home/runner/.nix-defexpr/channels' does not exist, ignoring
warning: Nix search path entry '/home/runner/.nix-defexpr/channels' does not exist, ignoring
warning: Nix search path entry '/home/runner/.nix-defexpr/channels' does not exist, ignoring
warning: Nix search path entry '/home/runner/.nix-defexpr/channels' does not exist, ignoring
warning: Nix search path entry '/home/runner/.nix-defexpr/channels' does not exist, ignoring
warning: Nix search path entry '/home/runner/.nix-defexpr/channels' does not exist, ignoring
warning: Nix search path entry '/home/runner/.nix-defexpr/channels' does not exist, ignoring
warning: Nix search path entry '/home/runner/.nix-defexpr/channels' does not exist, ignoring
warning: Nix search path entry '/home/runner/.nix-defexpr/channels' does not exist, ignoring
error:
       … while calling the 'derivationStrict' builtin
         at <nix/derivation-internal.nix>:37:12:
           36|
           37|   strict = derivationStrict drvAttrs;
             |            ^
           38|

       … while evaluating derivation 'nix-shell'
         whose name attribute is located at /nix/store/1mcn9bng43xsp4lqb781g12986bhqvfd-source/pkgs/stdenv/generic/make-derivation.nix:375:7

       … while evaluating attribute 'buildInputs' of derivation 'nix-shell'
         at /nix/store/1mcn9bng43xsp4lqb781g12986bhqvfd-source/pkgs/stdenv/generic/make-derivation.nix:422:7:
          421|       depsHostHost                = elemAt (elemAt dependencies 1) 0;
          422|       buildInputs                 = elemAt (elemAt dependencies 1) 1;
             |       ^
          423|       depsTargetTarget            = elemAt (elemAt dependencies 2) 0;

       (stack trace truncated; use '--show-trace' to show the full, detailed trace)

       error: Package ‘oracle-instantclient-21.10.0.0.0’ in /nix/store/1mcn9bng43xsp4lqb781g12986bhqvfd-source/pkgs/by-name/or/oracle-instantclient/package.nix:192 has an unfree license (‘unfree’), refusing to evaluate.

       a) To temporarily allow unfree packages, you can use an environment variable
          for a single invocation of the nix tools.

            $ export NIXPKGS_ALLOW_UNFREE=1

          Note: When using `nix shell`, `nix build`, `nix develop`, etc with a flake,
                then pass `--impure` in order to allow use of environment variables.

       b) For `nixos-rebuild` you can set
         { nixpkgs.config.allowUnfree = true; }
       in configuration.nix to override this.

       Alternatively you can configure a predicate to allow specific packages:
         { nixpkgs.config.allowUnfreePredicate = pkg: builtins.elem (lib.getName pkg) [
             "oracle-instantclient"
           ];
         }

       c) For `nix-env`, `nix-build`, `nix-shell` or any other Nix command you can add
         { allowUnfree = true; }
       to ~/.config/nixpkgs/config.nix.
