* removing ‘/nix/store/snz2wibmkijiwv7frc8qyjrah3hqkb57-r-ROracle-1.3-1.1/library/ROracle’
       > * removing ‘/nix/store/snz2wibmkijiwv7frc8qyjrah3hqkb57-r-ROracle-1.3-1.1/library/ROracle’
* removing ‘/nix/store/b3n917k554kvsxyxzxcb428a1alyvf86-r-XLConnect-1.2.2/library/XLConnect’
       > * removing ‘/nix/store/b3n917k554kvsxyxzxcb428a1alyvf86-r-XLConnect-1.2.2/library/XLConnect’
* removing ‘/nix/store/8d8rmif84x0rn9c5ll74yls3cwbikh2v-r-aplpack-1.3.5/library/aplpack’
       > * removing ‘/nix/store/8d8rmif84x0rn9c5ll74yls3cwbikh2v-r-aplpack-1.3.5/library/aplpack’
* removing ‘/nix/store/74dxl44p7my5xwk6gydig9c0rd071ar1-r-caviarpd-0.3.20/library/caviarpd’
       > * removing ‘/nix/store/74dxl44p7my5xwk6gydig9c0rd071ar1-r-caviarpd-0.3.20/library/caviarpd’
* removing ‘/nix/store/gyhy18sligbm8sz0lrc15566wj1b3jcg-r-cem-1.1.31/library/cem’
       > * removing ‘/nix/store/gyhy18sligbm8sz0lrc15566wj1b3jcg-r-cem-1.1.31/library/cem’
* removing ‘/nix/store/vm7drwkqxzjy64ci1fdi3n2fb81hmp4p-r-dataRetrieval-2.7.19/library/dataRetrieval’
       > * removing ‘/nix/store/vm7drwkqxzjy64ci1fdi3n2fb81hmp4p-r-dataRetrieval-2.7.19/library/dataRetrieval’
* removing ‘/nix/store/fsbhzrjya7f57zw4j1bpdvwb1dilb9xi-r-enrichR-3.4/library/enrichR’
       > * removing ‘/nix/store/fsbhzrjya7f57zw4j1bpdvwb1dilb9xi-r-enrichR-3.4/library/enrichR’
* removing ‘/nix/store/qlsvj73rfaw8qcnqnvx1yqczznydp4q0-r-RcppPlanc-2.0.12/library/RcppPlanc’
       > * removing ‘/nix/store/qlsvj73rfaw8qcnqnvx1yqczznydp4q0-r-RcppPlanc-2.0.12/library/RcppPlanc’
* removing ‘/nix/store/id4d322hv15jpxm6vgjlr8ghpplkbw5l-r-misc3d-0.9-1/library/misc3d’
       > * removing ‘/nix/store/id4d322hv15jpxm6vgjlr8ghpplkbw5l-r-misc3d-0.9-1/library/misc3d’
* removing ‘/nix/store/nd3y7maqqiah2igfknsm3xij80vb8h5a-r-mongolite-4.0.0/library/mongolite’
       > * removing ‘/nix/store/nd3y7maqqiah2igfknsm3xij80vb8h5a-r-mongolite-4.0.0/library/mongolite’
removing debugging flags
* removing ‘/nix/store/r8flr66cwqy1ckkhf22hjac4wgplfgbk-r-pdftools-3.5.0/library/pdftools’
       > * removing ‘/nix/store/r8flr66cwqy1ckkhf22hjac4wgplfgbk-r-pdftools-3.5.0/library/pdftools’
* removing ‘/nix/store/r4pcyzqlsfwxcq3asgxpazcv5g6xc94s-r-geoR-1.9-5/library/geoR’
       > * removing ‘/nix/store/r4pcyzqlsfwxcq3asgxpazcv5g6xc94s-r-geoR-1.9-5/library/geoR’
* removing ‘/nix/store/fmkikqfbxr8acdkvhlnr5yib1argd173-r-Factoshiny-2.7/library/Factoshiny’
       > * removing ‘/nix/store/fmkikqfbxr8acdkvhlnr5yib1argd173-r-Factoshiny-2.7/library/Factoshiny’
* removing ‘/nix/store/c075xz5103il9d5z604p7h9vpl01gdmc-r-tcltk2-1.6.1/library/tcltk2’
       > * removing ‘/nix/store/c075xz5103il9d5z604p7h9vpl01gdmc-r-tcltk2-1.6.1/library/tcltk2’
* removing ‘/nix/store/8ppjfs6hm44cgf4fqa4cx3sdadwralid-r-tkrplot-0.0-30/library/tkrplot’
       > * removing ‘/nix/store/8ppjfs6hm44cgf4fqa4cx3sdadwralid-r-tkrplot-0.0-30/library/tkrplot’
* removing ‘/nix/store/2h70h4cilp3h8j7y33kxbckyk9f8vq92-r-torchvision-0.6.0/library/torchvision’
       > * removing ‘/nix/store/2h70h4cilp3h8j7y33kxbckyk9f8vq92-r-torchvision-0.6.0/library/torchvision’
* removing ‘/nix/store/q4xwvglb8i9lpqwbs3ijhhl3if1w69kg-r-gsubfn-0.7/library/gsubfn’
       > * removing ‘/nix/store/q4xwvglb8i9lpqwbs3ijhhl3if1w69kg-r-gsubfn-0.7/library/gsubfn’
