parseconfig: removing CONFIG_PREFIX
parseconfig: removing CONFIG_INSTALL_NO_USR
parseconfig: removing CONFIG_LFS
parseconfig: removing CONFIG_STATIC
parseconfig: removing CONFIG_FEATURE_MOUNT_CIFS
parseconfig: removing CONFIG_FEATURE_MOUNT_HELPERS
parseconfig: removing CONFIG_DEFAULT_SETFONT_DIR
parseconfig: removing CONFIG_FEATURE_COPYBUF_KB
parseconfig: removing CONFIG_TC
parseconfig: removing CONFIG_UDHCPC_DEFAULT_SCRIPT
parseconfig: removing CONFIG_FEATURE_FANCY_ECHO
parseconfig: removing CONFIG_FEATURE_SH_MATH
parseconfig: removing CONFIG_FEATURE_SH_MATH_64
parseconfig: removing CONFIG_FEATURE_TEST_64
parseconfig: removing CONFIG_ASH
parseconfig: removing CONFIG_ASH_OPTIMIZE_FOR_SIZE
parseconfig: removing CONFIG_ASH_ALIAS
parseconfig: removing CONFIG_ASH_BASH_COMPAT
parseconfig: removing CONFIG_ASH_CMDCMD
parseconfig: removing CONFIG_ASH_ECHO
parseconfig: removing CONFIG_ASH_GETOPTS
parseconfig: removing CONFIG_ASH_INTERNAL_GLOB
parseconfig: removing CONFIG_ASH_JOB_CONTROL
parseconfig: removing CONFIG_ASH_PRINTF
parseconfig: removing CONFIG_ASH_TEST
parseconfig: removing CONFIG_CROSS_COMPILER_PREFIX
parseconfig: removing CONFIG_FEATURE_UTMP
parseconfig: removing CONFIG_FEATURE_WTMP
