/nix/store/vvxv6zz5fap4i1bbs4dc4x8zynfqmw3j-r-RcppArmadillo-15.0.2-1/library/RcppArmadillo/include/RcppArmadillo/version/arma.h:66:199: note: '#pragma message: Using fallback compilation with Armadillo 14.6.3. Please consider defining -DARMA_USE_CURRENT and also removing C++11 compilation directive. See GitHub issue #475 for more.'
   66 |         #pragma message("Using fallback compilation with Armadillo 14.6.3. Please consider defining -DARMA_USE_CURRENT and also removing C++11 compilation directive. See GitHub issue #475 for more.")
/nix/store/vvxv6zz5fap4i1bbs4dc4x8zynfqmw3j-r-RcppArmadillo-15.0.2-1/library/RcppArmadillo/include/RcppArmadillo/version/arma.h:66:199: note: '#pragma message: Using fallback compilation with Armadillo 14.6.3. Please consider defining -DARMA_USE_CURRENT and also removing C++11 compilation directive. See GitHub issue #475 for more.'
   66 |         #pragma message("Using fallback compilation with Armadillo 14.6.3. Please consider defining -DARMA_USE_CURRENT and also removing C++11 compilation directive. See GitHub issue #475 for more.")
* removing '/nix/store/jm919s16vymhv2rnn9vyrnmrc9r6i3bj-r-ROracle-1.3-1.1/library/ROracle'
       > * removing '/nix/store/jm919s16vymhv2rnn9vyrnmrc9r6i3bj-r-ROracle-1.3-1.1/library/ROracle'
/nix/store/vvxv6zz5fap4i1bbs4dc4x8zynfqmw3j-r-RcppArmadillo-15.0.2-1/library/RcppArmadillo/include/RcppArmadillo/version/arma.h:66:199: note: '#pragma message: Using fallback compilation with Armadillo 14.6.3. Please consider defining -DARMA_USE_CURRENT and also removing C++11 compilation directive. See GitHub issue #475 for more.'
   66 |         #pragma message("Using fallback compilation with Armadillo 14.6.3. Please consider defining -DARMA_USE_CURRENT and also removing C++11 compilation directive. See GitHub issue #475 for more.")
/nix/store/vvxv6zz5fap4i1bbs4dc4x8zynfqmw3j-r-RcppArmadillo-15.0.2-1/library/RcppArmadillo/include/RcppArmadillo/version/arma.h:66:199: note: '#pragma message: Using fallback compilation with Armadillo 14.6.3. Please consider defining -DARMA_USE_CURRENT and also removing C++11 compilation directive. See GitHub issue #475 for more.'
   66 |         #pragma message("Using fallback compilation with Armadillo 14.6.3. Please consider defining -DARMA_USE_CURRENT and also removing C++11 compilation directive. See GitHub issue #475 for more.")
/nix/store/vvxv6zz5fap4i1bbs4dc4x8zynfqmw3j-r-RcppArmadillo-15.0.2-1/library/RcppArmadillo/include/RcppArmadillo/version/arma.h:66:199: note: '#pragma message: Using fallback compilation with Armadillo 14.6.3. Please consider defining -DARMA_USE_CURRENT and also removing C++11 compilation directive. See GitHub issue #475 for more.'
   66 |         #pragma message("Using fallback compilation with Armadillo 14.6.3. Please consider defining -DARMA_USE_CURRENT and also removing C++11 compilation directive. See GitHub issue #475 for more.")
/nix/store/vvxv6zz5fap4i1bbs4dc4x8zynfqmw3j-r-RcppArmadillo-15.0.2-1/library/RcppArmadillo/include/RcppArmadillo/version/arma.h:66:199: note: '#pragma message: Using fallback compilation with Armadillo 14.6.3. Please consider defining -DARMA_USE_CURRENT and also removing C++11 compilation directive. See GitHub issue #475 for more.'
   66 |         #pragma message("Using fallback compilation with Armadillo 14.6.3. Please consider defining -DARMA_USE_CURRENT and also removing C++11 compilation directive. See GitHub issue #475 for more.")
/nix/store/vvxv6zz5fap4i1bbs4dc4x8zynfqmw3j-r-RcppArmadillo-15.0.2-1/library/RcppArmadillo/include/RcppArmadillo/version/arma.h:66:199: note: '#pragma message: Using fallback compilation with Armadillo 14.6.3. Please consider defining -DARMA_USE_CURRENT and also removing C++11 compilation directive. See GitHub issue #475 for more.'
   66 |         #pragma message("Using fallback compilation with Armadillo 14.6.3. Please consider defining -DARMA_USE_CURRENT and also removing C++11 compilation directive. See GitHub issue #475 for more.")
/nix/store/vvxv6zz5fap4i1bbs4dc4x8zynfqmw3j-r-RcppArmadillo-15.0.2-1/library/RcppArmadillo/include/RcppArmadillo/version/arma.h:66:199: note: '#pragma message: Using fallback compilation with Armadillo 14.6.3. Please consider defining -DARMA_USE_CURRENT and also removing C++11 compilation directive. See GitHub issue #475 for more.'
   66 |         #pragma message("Using fallback compilation with Armadillo 14.6.3. Please consider defining -DARMA_USE_CURRENT and also removing C++11 compilation directive. See GitHub issue #475 for more.")
/nix/store/vvxv6zz5fap4i1bbs4dc4x8zynfqmw3j-r-RcppArmadillo-15.0.2-1/library/RcppArmadillo/include/RcppArmadillo/version/arma.h:66:199: note: '#pragma message: Using fallback compilation with Armadillo 14.6.3. Please consider defining -DARMA_USE_CURRENT and also removing C++11 compilation directive. See GitHub issue #475 for more.'
   66 |         #pragma message("Using fallback compilation with Armadillo 14.6.3. Please consider defining -DARMA_USE_CURRENT and also removing C++11 compilation directive. See GitHub issue #475 for more.")
/nix/store/vvxv6zz5fap4i1bbs4dc4x8zynfqmw3j-r-RcppArmadillo-15.0.2-1/library/RcppArmadillo/include/RcppArmadillo/version/arma.h:66:199: note: '#pragma message: Using fallback compilation with Armadillo 14.6.3. Please consider defining -DARMA_USE_CURRENT and also removing C++11 compilation directive. See GitHub issue #475 for more.'
   66 |         #pragma message("Using fallback compilation with Armadillo 14.6.3. Please consider defining -DARMA_USE_CURRENT and also removing C++11 compilation directive. See GitHub issue #475 for more.")
/nix/store/vvxv6zz5fap4i1bbs4dc4x8zynfqmw3j-r-RcppArmadillo-15.0.2-1/library/RcppArmadillo/include/RcppArmadillo/version/arma.h:66:199: note: '#pragma message: Using fallback compilation with Armadillo 14.6.3. Please consider defining -DARMA_USE_CURRENT and also removing C++11 compilation directive. See GitHub issue #475 for more.'
   66 |         #pragma message("Using fallback compilation with Armadillo 14.6.3. Please consider defining -DARMA_USE_CURRENT and also removing C++11 compilation directive. See GitHub issue #475 for more.")
/nix/store/vvxv6zz5fap4i1bbs4dc4x8zynfqmw3j-r-RcppArmadillo-15.0.2-1/library/RcppArmadillo/include/RcppArmadillo/version/arma.h:66:199: note: '#pragma message: Using fallback compilation with Armadillo 14.6.3. Please consider defining -DARMA_USE_CURRENT and also removing C++11 compilation directive. See GitHub issue #475 for more.'
   66 |         #pragma message("Using fallback compilation with Armadillo 14.6.3. Please consider defining -DARMA_USE_CURRENT and also removing C++11 compilation directive. See GitHub issue #475 for more.")
/nix/store/vvxv6zz5fap4i1bbs4dc4x8zynfqmw3j-r-RcppArmadillo-15.0.2-1/library/RcppArmadillo/include/RcppArmadillo/version/arma.h:66:199: note: '#pragma message: Using fallback compilation with Armadillo 14.6.3. Please consider defining -DARMA_USE_CURRENT and also removing C++11 compilation directive. See GitHub issue #475 for more.'
   66 |         #pragma message("Using fallback compilation with Armadillo 14.6.3. Please consider defining -DARMA_USE_CURRENT and also removing C++11 compilation directive. See GitHub issue #475 for more.")
/nix/store/vvxv6zz5fap4i1bbs4dc4x8zynfqmw3j-r-RcppArmadillo-15.0.2-1/library/RcppArmadillo/include/RcppArmadillo/version/arma.h:66:199: note: '#pragma message: Using fallback compilation with Armadillo 14.6.3. Please consider defining -DARMA_USE_CURRENT and also removing C++11 compilation directive. See GitHub issue #475 for more.'
   66 |         #pragma message("Using fallback compilation with Armadillo 14.6.3. Please consider defining -DARMA_USE_CURRENT and also removing C++11 compilation directive. See GitHub issue #475 for more.")
/nix/store/vvxv6zz5fap4i1bbs4dc4x8zynfqmw3j-r-RcppArmadillo-15.0.2-1/library/RcppArmadillo/include/RcppArmadillo/version/arma.h:66:199: note: '#pragma message: Using fallback compilation with Armadillo 14.6.3. Please consider defining -DARMA_USE_CURRENT and also removing C++11 compilation directive. See GitHub issue #475 for more.'
   66 |         #pragma message("Using fallback compilation with Armadillo 14.6.3. Please consider defining -DARMA_USE_CURRENT and also removing C++11 compilation directive. See GitHub issue #475 for more.")
/nix/store/vvxv6zz5fap4i1bbs4dc4x8zynfqmw3j-r-RcppArmadillo-15.0.2-1/library/RcppArmadillo/include/RcppArmadillo/version/arma.h:66:199: note: '#pragma message: Using fallback compilation with Armadillo 14.6.3. Please consider defining -DARMA_USE_CURRENT and also removing C++11 compilation directive. See GitHub issue #475 for more.'
   66 |         #pragma message("Using fallback compilation with Armadillo 14.6.3. Please consider defining -DARMA_USE_CURRENT and also removing C++11 compilation directive. See GitHub issue #475 for more.")
/nix/store/vvxv6zz5fap4i1bbs4dc4x8zynfqmw3j-r-RcppArmadillo-15.0.2-1/library/RcppArmadillo/include/RcppArmadillo/version/arma.h:66:199: note: '#pragma message: Using fallback compilation with Armadillo 14.6.3. Please consider defining -DARMA_USE_CURRENT and also removing C++11 compilation directive. See GitHub issue #475 for more.'
   66 |         #pragma message("Using fallback compilation with Armadillo 14.6.3. Please consider defining -DARMA_USE_CURRENT and also removing C++11 compilation directive. See GitHub issue #475 for more.")
/nix/store/vvxv6zz5fap4i1bbs4dc4x8zynfqmw3j-r-RcppArmadillo-15.0.2-1/library/RcppArmadillo/include/RcppArmadillo/version/arma.h:66:199: note: '#pragma message: Using fallback compilation with Armadillo 14.6.3. Please consider defining -DARMA_USE_CURRENT and also removing C++11 compilation directive. See GitHub issue #475 for more.'
   66 |         #pragma message("Using fallback compilation with Armadillo 14.6.3. Please consider defining -DARMA_USE_CURRENT and also removing C++11 compilation directive. See GitHub issue #475 for more.")
/nix/store/vvxv6zz5fap4i1bbs4dc4x8zynfqmw3j-r-RcppArmadillo-15.0.2-1/library/RcppArmadillo/include/RcppArmadillo/version/arma.h:66:199: note: '#pragma message: Using fallback compilation with Armadillo 14.6.3. Please consider defining -DARMA_USE_CURRENT and also removing C++11 compilation directive. See GitHub issue #475 for more.'
   66 |         #pragma message("Using fallback compilation with Armadillo 14.6.3. Please consider defining -DARMA_USE_CURRENT and also removing C++11 compilation directive. See GitHub issue #475 for more.")
/nix/store/vvxv6zz5fap4i1bbs4dc4x8zynfqmw3j-r-RcppArmadillo-15.0.2-1/library/RcppArmadillo/include/RcppArmadillo/version/arma.h:66:199: note: '#pragma message: Using fallback compilation with Armadillo 14.6.3. Please consider defining -DARMA_USE_CURRENT and also removing C++11 compilation directive. See GitHub issue #475 for more.'
   66 |         #pragma message("Using fallback compilation with Armadillo 14.6.3. Please consider defining -DARMA_USE_CURRENT and also removing C++11 compilation directive. See GitHub issue #475 for more.")
/nix/store/vvxv6zz5fap4i1bbs4dc4x8zynfqmw3j-r-RcppArmadillo-15.0.2-1/library/RcppArmadillo/include/RcppArmadillo/version/arma.h:66:199: note: '#pragma message: Using fallback compilation with Armadillo 14.6.3. Please consider defining -DARMA_USE_CURRENT and also removing C++11 compilation directive. See GitHub issue #475 for more.'
   66 |         #pragma message("Using fallback compilation with Armadillo 14.6.3. Please consider defining -DARMA_USE_CURRENT and also removing C++11 compilation directive. See GitHub issue #475 for more.")
/nix/store/vvxv6zz5fap4i1bbs4dc4x8zynfqmw3j-r-RcppArmadillo-15.0.2-1/library/RcppArmadillo/include/RcppArmadillo/version/arma.h:66:199: note: '#pragma message: Using fallback compilation with Armadillo 14.6.3. Please consider defining -DARMA_USE_CURRENT and also removing C++11 compilation directive. See GitHub issue #475 for more.'
   66 |         #pragma message("Using fallback compilation with Armadillo 14.6.3. Please consider defining -DARMA_USE_CURRENT and also removing C++11 compilation directive. See GitHub issue #475 for more.")
/nix/store/vvxv6zz5fap4i1bbs4dc4x8zynfqmw3j-r-RcppArmadillo-15.0.2-1/library/RcppArmadillo/include/RcppArmadillo/version/arma.h:66:199: note: '#pragma message: Using fallback compilation with Armadillo 14.6.3. Please consider defining -DARMA_USE_CURRENT and also removing C++11 compilation directive. See GitHub issue #475 for more.'
   66 |         #pragma message("Using fallback compilation with Armadillo 14.6.3. Please consider defining -DARMA_USE_CURRENT and also removing C++11 compilation directive. See GitHub issue #475 for more.")
/nix/store/vvxv6zz5fap4i1bbs4dc4x8zynfqmw3j-r-RcppArmadillo-15.0.2-1/library/RcppArmadillo/include/RcppArmadillo/version/arma.h:66:199: note: '#pragma message: Using fallback compilation with Armadillo 14.6.3. Please consider defining -DARMA_USE_CURRENT and also removing C++11 compilation directive. See GitHub issue #475 for more.'
   66 |         #pragma message("Using fallback compilation with Armadillo 14.6.3. Please consider defining -DARMA_USE_CURRENT and also removing C++11 compilation directive. See GitHub issue #475 for more.")
/nix/store/vvxv6zz5fap4i1bbs4dc4x8zynfqmw3j-r-RcppArmadillo-15.0.2-1/library/RcppArmadillo/include/RcppArmadillo/version/arma.h:66:199: note: '#pragma message: Using fallback compilation with Armadillo 14.6.3. Please consider defining -DARMA_USE_CURRENT and also removing C++11 compilation directive. See GitHub issue #475 for more.'
   66 |         #pragma message("Using fallback compilation with Armadillo 14.6.3. Please consider defining -DARMA_USE_CURRENT and also removing C++11 compilation directive. See GitHub issue #475 for more.")
/nix/store/vvxv6zz5fap4i1bbs4dc4x8zynfqmw3j-r-RcppArmadillo-15.0.2-1/library/RcppArmadillo/include/RcppArmadillo/version/arma.h:66:199: note: '#pragma message: Using fallback compilation with Armadillo 14.6.3. Please consider defining -DARMA_USE_CURRENT and also removing C++11 compilation directive. See GitHub issue #475 for more.'
   66 |         #pragma message("Using fallback compilation with Armadillo 14.6.3. Please consider defining -DARMA_USE_CURRENT and also removing C++11 compilation directive. See GitHub issue #475 for more.")
/nix/store/vvxv6zz5fap4i1bbs4dc4x8zynfqmw3j-r-RcppArmadillo-15.0.2-1/library/RcppArmadillo/include/RcppArmadillo/version/arma.h:66:199: note: '#pragma message: Using fallback compilation with Armadillo 14.6.3. Please consider defining -DARMA_USE_CURRENT and also removing C++11 compilation directive. See GitHub issue #475 for more.'
   66 |         #pragma message("Using fallback compilation with Armadillo 14.6.3. Please consider defining -DARMA_USE_CURRENT and also removing C++11 compilation directive. See GitHub issue #475 for more.")
/nix/store/vvxv6zz5fap4i1bbs4dc4x8zynfqmw3j-r-RcppArmadillo-15.0.2-1/library/RcppArmadillo/include/RcppArmadillo/version/arma.h:66:199: note: '#pragma message: Using fallback compilation with Armadillo 14.6.3. Please consider defining -DARMA_USE_CURRENT and also removing C++11 compilation directive. See GitHub issue #475 for more.'
   66 |         #pragma message("Using fallback compilation with Armadillo 14.6.3. Please consider defining -DARMA_USE_CURRENT and also removing C++11 compilation directive. See GitHub issue #475 for more.")
removing debugging flags
* removing '/nix/store/il918dv6nndrypkxkryqswrki1ab3njr-r-ggmosaic-0.3.3/library/ggmosaic'
       > * removing '/nix/store/il918dv6nndrypkxkryqswrki1ab3njr-r-ggmosaic-0.3.3/library/ggmosaic'
* removing '/nix/store/5qfnq9p04ldj5rf2ylxxka71dq8k36zg-r-ggtern-3.5.0/library/ggtern'
       > * removing '/nix/store/5qfnq9p04ldj5rf2ylxxka71dq8k36zg-r-ggtern-3.5.0/library/ggtern'
* removing '/nix/store/hbcvcs9a0i88146i500gjc6b5xxljyxi-r-tok-0.2.0/library/tok'
       > * removing '/nix/store/hbcvcs9a0i88146i500gjc6b5xxljyxi-r-tok-0.2.0/library/tok'
